#
# There is insufficient memory for the Java Runtime Environment to continue.
# Native memory allocation (mmap) failed to map 104333312 bytes for committing reserved memory.
# Possible reasons:
#   The system is out of physical RAM or swap space
#   In 32 bit mode, the process size limit was hit
# Possible solutions:
#   Reduce memory load on the system
#   Increase physical memory or swap space
#   Check if swap backing store is full
#   Use 64 bit Java on a 64 bit OS
#   Decrease Java heap size (-Xmx/-Xms)
#   Decrease number of Java threads
#   Decrease Java thread stack sizes (-Xss)
#   Set larger code cache with -XX:ReservedCodeCacheSize=
# This output file may be truncated or incomplete.
#
#  Out of Memory Error (os_linux.cpp:2627), pid=29362, tid=0x00007f895113d700
#
# JRE version: Java(TM) SE Runtime Environment (8.0_101-b13) (build 1.8.0_101-b13)
# Java VM: Java HotSpot(TM) 64-Bit Server VM (25.101-b13 mixed mode linux-amd64 compressed oops)
# Failed to write core dump. Core dumps have been disabled. To enable core dumping, try "ulimit -c unlimited" before starting Java again
#

---------------  T H R E A D  ---------------

Current thread (0x00007f8964077800):  VMThread [stack: 0x00007f895103d000,0x00007f895113e000] [id=29383]

Stack: [0x00007f895103d000,0x00007f895113e000],  sp=0x00007f895113c020,  free space=1020k
Native frames: (J=compiled Java code, j=interpreted, Vv=VM code, C=native code)
V  [libjvm.so+0xac3f0a]  VMError::report_and_die()+0x2ba
V  [libjvm.so+0x4fbf9b]  report_vm_out_of_memory(char const*, int, unsigned long, VMErrorType, char const*)+0x8b
V  [libjvm.so+0x9222d3]  os::Linux::commit_memory_impl(char*, unsigned long, bool)+0x103
V  [libjvm.so+0x922829]  os::pd_commit_memory(char*, unsigned long, unsigned long, bool)+0x29
V  [libjvm.so+0x91cb2a]  os::commit_memory(char*, unsigned long, unsigned long, bool)+0x2a
V  [libjvm.so+0x991053]  PSVirtualSpace::expand_by(unsigned long)+0x53
V  [libjvm.so+0x992458]  PSYoungGen::resize_generation(unsigned long, unsigned long)+0xf8
V  [libjvm.so+0x9915b2]  PSYoungGen::resize(unsigned long, unsigned long)+0x22
V  [libjvm.so+0x98e88b]  PSScavenge::invoke_no_policy()+0xf3b
V  [libjvm.so+0x98f011]  PSScavenge::invoke()+0x41
V  [libjvm.so+0x945fc0]  ParallelScavengeHeap::failed_mem_allocate(unsigned long)+0x70
V  [libjvm.so+0xac5927]  VM_ParallelGCFailedAllocation::doit()+0x97
V  [libjvm.so+0xacd405]  VM_Operation::evaluate()+0x55
V  [libjvm.so+0xacb7da]  VMThread::evaluate_operation(VM_Operation*)+0xba
V  [libjvm.so+0xacbb5e]  VMThread::loop()+0x1ce
V  [libjvm.so+0xacbfd0]  VMThread::run()+0x70
V  [libjvm.so+0x924698]  java_start(Thread*)+0x108

VM_Operation (0x00007f896a08db20): ParallelGCFailedAllocation, mode: safepoint, requested by thread 0x00007f896400a000


---------------  P R O C E S S  ---------------

Java Threads: ( => current thread )
  0x00007f89640c8800 JavaThread "Service Thread" daemon [_thread_blocked, id=29390, stack(0x00007f89507ad000,0x00007f89508ae000)]
  0x00007f89640bd800 JavaThread "C1 CompilerThread2" daemon [_thread_blocked, id=29389, stack(0x00007f89508ae000,0x00007f89509af000)]
  0x00007f89640bb800 JavaThread "C2 CompilerThread1" daemon [_thread_blocked, id=29388, stack(0x00007f89509af000,0x00007f8950ab0000)]
  0x00007f89640b8800 JavaThread "C2 CompilerThread0" daemon [_thread_blocked, id=29387, stack(0x00007f8950ab0000,0x00007f8950bb1000)]
  0x00007f89640b7000 JavaThread "Signal Dispatcher" daemon [_thread_blocked, id=29386, stack(0x00007f8950bb1000,0x00007f8950cb2000)]
  0x00007f8964084000 JavaThread "Finalizer" daemon [_thread_blocked, id=29385, stack(0x00007f8950e3b000,0x00007f8950f3c000)]
  0x00007f896407f800 JavaThread "Reference Handler" daemon [_thread_blocked, id=29384, stack(0x00007f8950f3c000,0x00007f895103d000)]
  0x00007f896400a000 JavaThread "main" [_thread_blocked, id=29378, stack(0x00007f8969f91000,0x00007f896a092000)]

Other Threads:
=>0x00007f8964077800 VMThread [stack: 0x00007f895103d000,0x00007f895113e000] [id=29383]
  0x00007f89640cb000 WatcherThread [stack: 0x00007f89506ac000,0x00007f89507ad000] [id=29391]

VM state:at safepoint (normal execution)

VM Mutex/Monitor currently owned by a thread:  ([mutex/lock_event])
[0x00007f8964006290] Threads_lock - owner thread: 0x00007f8964077800
[0x00007f8964006790] Heap_lock - owner thread: 0x00007f896400a000

Heap:
 PSYoungGen      total 179712K, used 18424K [0x0000000788400000, 0x0000000794880000, 0x00000007c0000000)
  eden space 161280K, 0% used [0x0000000788400000,0x0000000788400000,0x0000000792180000)
  from space 18432K, 99% used [0x0000000793680000,0x000000079487e3a8,0x0000000794880000)
  to   space 16384K, 0% used [0x0000000792180000,0x0000000792180000,0x0000000793180000)
 ParOldGen       total 97280K, used 58614K [0x0000000718c00000, 0x000000071eb00000, 0x0000000788400000)
  object space 97280K, 60% used [0x0000000718c00000,0x000000071c53d9e8,0x000000071eb00000)
 Metaspace       used 28256K, capacity 28868K, committed 29056K, reserved 1075200K
  class space    used 3256K, capacity 3422K, committed 3456K, reserved 1048576K

Card table byte_map: [0x00007f8953670000,0x00007f8953bab000] byte_map_base: 0x00007f894fdaa000

Marking Bits: (ParMarkBitMap*) 0x00007f8969486120
 Begin Bits: [0x00007f892ec60000, 0x00007f8931630000)
 End Bits:   [0x00007f8931630000, 0x00007f8934000000)

Polling page: 0x00007f896a0b2000

CodeCache: size=245760Kb used=20123Kb max_used=20138Kb free=225636Kb
 bounds [0x00007f8953f6b000, 0x00007f895532b000, 0x00007f8962f6b000]
 total_blobs=5492 nmethods=5069 adapters=336
 compilation: enabled

Compilation events (10 events):
Event: 22.028 Thread 0x00007f89640bd800 nmethod 5626 0x00007f895530d490 code [0x00007f895530d5e0, 0x00007f895530d6d0]
Event: 22.031 Thread 0x00007f89640bd800 5633       3       com.sun.tools.javac.comp.Enter::classEnv (61 bytes)
Event: 22.032 Thread 0x00007f89640bd800 nmethod 5633 0x00007f8955318490 code [0x00007f8955318660, 0x00007f8955318f18]
Event: 22.032 Thread 0x00007f89640bd800 5632       3       com.sun.tools.javac.code.Scope::enterIfAbsent (68 bytes)
Event: 22.032 Thread 0x00007f89640bd800 nmethod 5632 0x00007f8955319310 code [0x00007f8955319520, 0x00007f8955319fd8]
Event: 22.032 Thread 0x00007f89640bd800 5634       3       com.sun.tools.javac.comp.Enter::visitTopLevel (494 bytes)
Event: 22.033 Thread 0x00007f89640bb800 5635       4       com.sun.tools.javac.tree.JCTree$JCImport::accept (6 bytes)
Event: 22.033 Thread 0x00007f89640bb800 nmethod 5635 0x00007f89552fed90 code [0x00007f89552feee0, 0x00007f89552fef58]
Event: 22.037 Thread 0x00007f89640bd800 nmethod 5634 0x00007f895531d110 code [0x00007f895531d720, 0x00007f8955321e98]
Event: 22.039 Thread 0x00007f89640b8800 nmethod 5622 0x00007f8955326d90 code [0x00007f8955327060, 0x00007f8955327ef0]

GC Heap History (10 events):
Event: 4.890 GC heap after
Heap after GC invocations=4 (full 0):
 PSYoungGen      total 93184K, used 7152K [0x0000000788400000, 0x000000078e600000, 0x00000007c0000000)
  eden space 86016K, 0% used [0x0000000788400000,0x0000000788400000,0x000000078d800000)
  from space 7168K, 99% used [0x000000078df00000,0x000000078e5fc010,0x000000078e600000)
  to   space 7168K, 0% used [0x000000078d800000,0x000000078d800000,0x000000078df00000)
 ParOldGen       total 114688K, used 8985K [0x0000000718c00000, 0x000000071fc00000, 0x0000000788400000)
  object space 114688K, 7% used [0x0000000718c00000,0x00000007194c67d0,0x000000071fc00000)
 Metaspace       used 15402K, capacity 15628K, committed 15872K, reserved 1062912K
  class space    used 1846K, capacity 1946K, committed 2048K, reserved 1048576K
}
Event: 7.162 GC heap before
{Heap before GC invocations=5 (full 0):
 PSYoungGen      total 93184K, used 60606K [0x0000000788400000, 0x000000078e600000, 0x00000007c0000000)
  eden space 86016K, 62% used [0x0000000788400000,0x000000078b833a30,0x000000078d800000)
  from space 7168K, 99% used [0x000000078df00000,0x000000078e5fc010,0x000000078e600000)
  to   space 7168K, 0% used [0x000000078d800000,0x000000078d800000,0x000000078df00000)
 ParOldGen       total 114688K, used 8985K [0x0000000718c00000, 0x000000071fc00000, 0x0000000788400000)
  object space 114688K, 7% used [0x0000000718c00000,0x00000007194c67d0,0x000000071fc00000)
 Metaspace       used 20659K, capacity 21036K, committed 21296K, reserved 1069056K
  class space    used 2454K, capacity 2610K, committed 2688K, reserved 1048576K
Event: 7.195 GC heap after
Heap after GC invocations=5 (full 0):
 PSYoungGen      total 93184K, used 7152K [0x0000000788400000, 0x0000000794b00000, 0x00000007c0000000)
  eden space 86016K, 0% used [0x0000000788400000,0x0000000788400000,0x000000078d800000)
  from space 7168K, 99% used [0x000000078d800000,0x000000078defc040,0x000000078df00000)
  to   space 15872K, 0% used [0x0000000793b80000,0x0000000793b80000,0x0000000794b00000)
 ParOldGen       total 114688K, used 16670K [0x0000000718c00000, 0x000000071fc00000, 0x0000000788400000)
  object space 114688K, 14% used [0x0000000718c00000,0x0000000719c478a0,0x000000071fc00000)
 Metaspace       used 20659K, capacity 21036K, committed 21296K, reserved 1069056K
  class space    used 2454K, capacity 2610K, committed 2688K, reserved 1048576K
}
Event: 7.195 GC heap before
{Heap before GC invocations=6 (full 1):
 PSYoungGen      total 93184K, used 7152K [0x0000000788400000, 0x0000000794b00000, 0x00000007c0000000)
  eden space 86016K, 0% used [0x0000000788400000,0x0000000788400000,0x000000078d800000)
  from space 7168K, 99% used [0x000000078d800000,0x000000078defc040,0x000000078df00000)
  to   space 15872K, 0% used [0x0000000793b80000,0x0000000793b80000,0x0000000794b00000)
 ParOldGen       total 114688K, used 16670K [0x0000000718c00000, 0x000000071fc00000, 0x0000000788400000)
  object space 114688K, 14% used [0x0000000718c00000,0x0000000719c478a0,0x000000071fc00000)
 Metaspace       used 20659K, capacity 21036K, committed 21296K, reserved 1069056K
  class space    used 2454K, capacity 2610K, committed 2688K, reserved 1048576K
Event: 7.333 GC heap after
Heap after GC invocations=6 (full 1):
 PSYoungGen      total 93184K, used 0K [0x0000000788400000, 0x0000000794b00000, 0x00000007c0000000)
  eden space 86016K, 0% used [0x0000000788400000,0x0000000788400000,0x000000078d800000)
  from space 7168K, 0% used [0x000000078d800000,0x000000078d800000,0x000000078df00000)
  to   space 15872K, 0% used [0x0000000793b80000,0x0000000793b80000,0x0000000794b00000)
 ParOldGen       total 97280K, used 21176K [0x0000000718c00000, 0x000000071eb00000, 0x0000000788400000)
  object space 97280K, 21% used [0x0000000718c00000,0x000000071a0ae250,0x000000071eb00000)
 Metaspace       used 20659K, capacity 21036K, committed 21296K, reserved 1069056K
  class space    used 2454K, capacity 2610K, committed 2688K, reserved 1048576K
}
Event: 9.466 GC heap before
{Heap before GC invocations=7 (full 1):
 PSYoungGen      total 93184K, used 86016K [0x0000000788400000, 0x0000000794b00000, 0x00000007c0000000)
  eden space 86016K, 100% used [0x0000000788400000,0x000000078d800000,0x000000078d800000)
  from space 7168K, 0% used [0x000000078d800000,0x000000078d800000,0x000000078df00000)
  to   space 15872K, 0% used [0x0000000793b80000,0x0000000793b80000,0x0000000794b00000)
 ParOldGen       total 97280K, used 21176K [0x0000000718c00000, 0x000000071eb00000, 0x0000000788400000)
  object space 97280K, 21% used [0x0000000718c00000,0x000000071a0ae250,0x000000071eb00000)
 Metaspace       used 21462K, capacity 21878K, committed 22064K, reserved 1069056K
  class space    used 2495K, capacity 2649K, committed 2688K, reserved 1048576K
Event: 9.478 GC heap after
Heap after GC invocations=7 (full 1):
 PSYoungGen      total 126464K, used 5796K [0x0000000788400000, 0x0000000794180000, 0x00000007c0000000)
  eden space 120320K, 0% used [0x0000000788400000,0x0000000788400000,0x000000078f980000)
  from space 6144K, 94% used [0x0000000793b80000,0x0000000794129180,0x0000000794180000)
  to   space 16384K, 0% used [0x0000000792180000,0x0000000792180000,0x0000000793180000)
 ParOldGen       total 97280K, used 21184K [0x0000000718c00000, 0x000000071eb00000, 0x0000000788400000)
  object space 97280K, 21% used [0x0000000718c00000,0x000000071a0b0250,0x000000071eb00000)
 Metaspace       used 21462K, capacity 21878K, committed 22064K, reserved 1069056K
  class space    used 2495K, capacity 2649K, committed 2688K, reserved 1048576K
}
Event: 15.952 GC heap before
{Heap before GC invocations=8 (full 1):
 PSYoungGen      total 126464K, used 126116K [0x0000000788400000, 0x0000000794180000, 0x00000007c0000000)
  eden space 120320K, 100% used [0x0000000788400000,0x000000078f980000,0x000000078f980000)
  from space 6144K, 94% used [0x0000000793b80000,0x0000000794129180,0x0000000794180000)
  to   space 16384K, 0% used [0x0000000792180000,0x0000000792180000,0x0000000793180000)
 ParOldGen       total 97280K, used 21184K [0x0000000718c00000, 0x000000071eb00000, 0x0000000788400000)
  object space 97280K, 21% used [0x0000000718c00000,0x000000071a0b0250,0x000000071eb00000)
 Metaspace       used 26580K, capacity 27184K, committed 27520K, reserved 1073152K
  class space    used 3164K, capacity 3354K, committed 3456K, reserved 1048576K
Event: 16.014 GC heap after
Heap after GC invocations=8 (full 1):
 PSYoungGen      total 177664K, used 16123K [0x0000000788400000, 0x0000000794880000, 0x00000007c0000000)
  eden space 161280K, 0% used [0x0000000788400000,0x0000000788400000,0x0000000792180000)
  from space 16384K, 98% used [0x0000000792180000,0x000000079313ee68,0x0000000793180000)
  to   space 18432K, 0% used [0x0000000793680000,0x0000000793680000,0x0000000794880000)
 ParOldGen       total 97280K, used 21192K [0x0000000718c00000, 0x000000071eb00000, 0x0000000788400000)
  object space 97280K, 21% used [0x0000000718c00000,0x000000071a0b2250,0x000000071eb00000)
 Metaspace       used 26580K, capacity 27184K, committed 27520K, reserved 1073152K
  class space    used 3164K, capacity 3354K, committed 3456K, reserved 1048576K
}
Event: 22.042 GC heap before
{Heap before GC invocations=9 (full 1):
 PSYoungGen      total 177664K, used 177403K [0x0000000788400000, 0x0000000794880000, 0x00000007c0000000)
  eden space 161280K, 100% used [0x0000000788400000,0x0000000792180000,0x0000000792180000)
  from space 16384K, 98% used [0x0000000792180000,0x000000079313ee68,0x0000000793180000)
  to   space 18432K, 0% used [0x0000000793680000,0x0000000793680000,0x0000000794880000)
 ParOldGen       total 97280K, used 21192K [0x0000000718c00000, 0x000000071eb00000, 0x0000000788400000)
  object space 97280K, 21% used [0x0000000718c00000,0x000000071a0b2250,0x000000071eb00000)
 Metaspace       used 28256K, capacity 28868K, committed 29056K, reserved 1075200K
  class space    used 3256K, capacity 3422K, committed 3456K, reserved 1048576K

Deoptimization events (10 events):
Event: 20.274 Thread 0x00007f896400a000 Uncommon trap: reason=class_check action=maybe_recompile pc=0x00007f895520f890 method=com.sun.tools.javac.jvm.ClassReader.includeClassFile(Lcom/sun/tools/javac/code/Symbol$PackageSymbol;Ljavax/tools/JavaFileObject;)V @ 48
Event: 20.274 Thread 0x00007f896400a000 Uncommon trap: reason=class_check action=maybe_recompile pc=0x00007f89551321a8 method=com.sun.tools.javac.file.JavacFileManager.listContainer(Ljava/io/File;Lcom/sun/tools/javac/file/RelativePath$RelativeDirectory;Ljava/util/Set;ZLcom/sun/tools/javac/util/
Event: 20.286 Thread 0x00007f896400a000 Uncommon trap: reason=unstable_if action=reinterpret pc=0x00007f89551e4538 method=com.sun.tools.javac.jvm.ClassReader.initParameterNames(Lcom/sun/tools/javac/code/Symbol$MethodSymbol;)V @ 17
Event: 20.292 Thread 0x00007f896400a000 Uncommon trap: reason=class_check action=maybe_recompile pc=0x00007f8955267d74 method=com.sun.tools.javac.tree.JCTree$JCMethodInvocation.accept(Lcom/sun/tools/javac/tree/JCTree$Visitor;)V @ 2
Event: 20.300 Thread 0x00007f896400a000 Uncommon trap: reason=class_check action=maybe_recompile pc=0x00007f8955267d74 method=com.sun.tools.javac.tree.JCTree$JCMethodInvocation.accept(Lcom/sun/tools/javac/tree/JCTree$Visitor;)V @ 2
Event: 20.300 Thread 0x00007f896400a000 Uncommon trap: reason=class_check action=maybe_recompile pc=0x00007f8955267d74 method=com.sun.tools.javac.tree.JCTree$JCMethodInvocation.accept(Lcom/sun/tools/javac/tree/JCTree$Visitor;)V @ 2
Event: 20.458 Thread 0x00007f896400a000 Uncommon trap: reason=unstable_if action=reinterpret pc=0x00007f8955238a90 method=com.sun.tools.javac.code.Type$ClassType.getTypeArguments()Lcom/sun/tools/javac/util/List; @ 15
Event: 20.458 Thread 0x00007f896400a000 Uncommon trap: reason=class_check action=maybe_recompile pc=0x00007f8955267d74 method=com.sun.tools.javac.tree.JCTree$JCMethodInvocation.accept(Lcom/sun/tools/javac/tree/JCTree$Visitor;)V @ 2
Event: 21.978 Thread 0x00007f896400a000 Uncommon trap: reason=bimorphic action=maybe_recompile pc=0x00007f89551bb23c method=com.sun.tools.javac.comp.Attr.checkIdInternal(Lcom/sun/tools/javac/tree/JCTree;Lcom/sun/tools/javac/code/Type;Lcom/sun/tools/javac/code/Symbol;Lcom/sun/tools/javac/code/Ty
Event: 22.021 Thread 0x00007f896400a000 Uncommon trap: reason=class_check action=maybe_recompile pc=0x00007f89551e8604 method=com.sun.tools.javac.util.ListBuffer.next()Ljava/lang/Object; @ 12

Internal exceptions (10 events):
Event: 17.483 Thread 0x00007f896400a000 Exception <a 'java/io/FileNotFoundException'> (0x000000078ac11888) thrown at [/HUDSON3/workspace/8-2-build-linux-amd64/jdk8u101/7261/hotspot/src/share/vm/prims/jni.cpp, line 709]
Event: 17.483 Thread 0x00007f896400a000 Exception <a 'java/io/FileNotFoundException'> (0x000000078ac125b0) thrown at [/HUDSON3/workspace/8-2-build-linux-amd64/jdk8u101/7261/hotspot/src/share/vm/prims/jni.cpp, line 709]
Event: 17.483 Thread 0x00007f896400a000 Exception <a 'java/io/FileNotFoundException'> (0x000000078ac133b0) thrown at [/HUDSON3/workspace/8-2-build-linux-amd64/jdk8u101/7261/hotspot/src/share/vm/prims/jni.cpp, line 709]
Event: 17.483 Thread 0x00007f896400a000 Exception <a 'java/io/FileNotFoundException'> (0x000000078ac141c0) thrown at [/HUDSON3/workspace/8-2-build-linux-amd64/jdk8u101/7261/hotspot/src/share/vm/prims/jni.cpp, line 709]
Event: 17.483 Thread 0x00007f896400a000 Exception <a 'java/io/FileNotFoundException'> (0x000000078ac14f08) thrown at [/HUDSON3/workspace/8-2-build-linux-amd64/jdk8u101/7261/hotspot/src/share/vm/prims/jni.cpp, line 709]
Event: 17.483 Thread 0x00007f896400a000 Exception <a 'java/io/FileNotFoundException'> (0x000000078ac15cd0) thrown at [/HUDSON3/workspace/8-2-build-linux-amd64/jdk8u101/7261/hotspot/src/share/vm/prims/jni.cpp, line 709]
Event: 17.483 Thread 0x00007f896400a000 Exception <a 'java/io/FileNotFoundException'> (0x000000078ac16b38) thrown at [/HUDSON3/workspace/8-2-build-linux-amd64/jdk8u101/7261/hotspot/src/share/vm/prims/jni.cpp, line 709]
Event: 17.484 Thread 0x00007f896400a000 Exception <a 'java/io/FileNotFoundException'> (0x000000078ac17930) thrown at [/HUDSON3/workspace/8-2-build-linux-amd64/jdk8u101/7261/hotspot/src/share/vm/prims/jni.cpp, line 709]
Event: 20.195 Thread 0x00007f896400a000 Implicit null exception at 0x00007f8955113d93 to 0x00007f8955113ea5
Event: 20.286 Thread 0x00007f896400a000 Implicit null exception at 0x00007f89551e2c8f to 0x00007f89551e451d

Events (10 events):
Event: 20.887 Thread 0x00007f896400a000 DEOPT UNPACKING pc=0x00007f8953fb2373 sp=0x00007f896a08da38 mode 0
Event: 21.326 Thread 0x00007f896400a000 DEOPT PACKING pc=0x00007f8954fd8087 sp=0x00007f896a08d5d0
Event: 21.326 Thread 0x00007f896400a000 DEOPT UNPACKING pc=0x00007f8953fb2373 sp=0x00007f896a08d380 mode 0
Event: 21.978 Thread 0x00007f896400a000 Uncommon trap: trap_request=0xffffffc6 fr.pc=0x00007f89551bb23c
Event: 21.978 Thread 0x00007f896400a000 DEOPT PACKING pc=0x00007f89551bb23c sp=0x00007f896a08e760
Event: 21.978 Thread 0x00007f896400a000 DEOPT UNPACKING pc=0x00007f8953f6ff69 sp=0x00007f896a08e738 mode 2
Event: 22.021 Thread 0x00007f896400a000 Uncommon trap: trap_request=0xffffffde fr.pc=0x00007f89551e8604
Event: 22.021 Thread 0x00007f896400a000 DEOPT PACKING pc=0x00007f89551e8604 sp=0x00007f896a08ef90
Event: 22.021 Thread 0x00007f896400a000 DEOPT UNPACKING pc=0x00007f8953f6ff69 sp=0x00007f896a08ef50 mode 2
Event: 22.042 Executing VM operation: ParallelGCFailedAllocation


Dynamic libraries:
00400000-00401000 r-xp 00000000 08:02 4720259                            /opt/java/jdk1.8.0_101/jre/bin/java
00600000-00601000 rw-p 00000000 08:02 4720259                            /opt/java/jdk1.8.0_101/jre/bin/java
0113b000-0115c000 rw-p 00000000 00:00 0                                  [heap]
718c00000-71eb00000 rw-p 00000000 00:00 0 
71eb00000-788400000 ---p 00000000 00:00 0 
788400000-794880000 rw-p 00000000 00:00 0 
79ac00000-7c0000000 ---p 00000000 00:00 0 
7c0000000-7c0360000 rw-p 00000000 00:00 0 
7c0360000-800000000 ---p 00000000 00:00 0 
7f8900000000-7f8900296000 rw-p 00000000 00:00 0 
7f8900296000-7f8904000000 ---p 00000000 00:00 0 
7f8904000000-7f8904110000 rw-p 00000000 00:00 0 
7f8904110000-7f8908000000 ---p 00000000 00:00 0 
7f8908000000-7f8908021000 rw-p 00000000 00:00 0 
7f8908021000-7f890c000000 ---p 00000000 00:00 0 
7f890c000000-7f890c05b000 rw-p 00000000 00:00 0 
7f890c05b000-7f8910000000 ---p 00000000 00:00 0 
7f8910000000-7f8910ccb000 rw-p 00000000 00:00 0 
7f8910ccb000-7f8914000000 ---p 00000000 00:00 0 
7f8914000000-7f8914021000 rw-p 00000000 00:00 0 
7f8914021000-7f8918000000 ---p 00000000 00:00 0 
7f8918000000-7f891a10e000 rw-p 00000000 00:00 0 
7f891a10e000-7f891c000000 ---p 00000000 00:00 0 
7f891c000000-7f891dec2000 rw-p 00000000 00:00 0 
7f891dec2000-7f8920000000 ---p 00000000 00:00 0 
7f8920000000-7f8920021000 rw-p 00000000 00:00 0 
7f8920021000-7f8924000000 ---p 00000000 00:00 0 
7f8924000000-7f8924021000 rw-p 00000000 00:00 0 
7f8924021000-7f8928000000 ---p 00000000 00:00 0 
7f8928000000-7f8928021000 rw-p 00000000 00:00 0 
7f8928021000-7f892c000000 ---p 00000000 00:00 0 
7f892ec60000-7f8934000000 rw-p 00000000 00:00 0 
7f8934000000-7f8934021000 rw-p 00000000 00:00 0 
7f8934021000-7f8938000000 ---p 00000000 00:00 0 
7f8938000000-7f8938348000 rw-p 00000000 00:00 0 
7f8938348000-7f893c000000 ---p 00000000 00:00 0 
7f893c000000-7f893c021000 rw-p 00000000 00:00 0 
7f893c021000-7f8940000000 ---p 00000000 00:00 0 
7f8944000000-7f8944021000 rw-p 00000000 00:00 0 
7f8944021000-7f8948000000 ---p 00000000 00:00 0 
7f8948d6e000-7f8948d6f000 rw-p 00000000 00:00 0 
7f8948d6f000-7f8948d88000 r--s 0010b000 08:02 5639031                    /home/ba/.m2/repository/org/apache/logging/log4j/log4j-core/2.6.2/log4j-core-2.6.2.jar
7f8948d88000-7f8948d92000 r--s 0009a000 08:02 4989295                    /home/ba/.m2/repository/org/scala-lang/modules/scala-xml_2.11/1.0.5/scala-xml_2.11-1.0.5.jar
7f8948d92000-7f8948d9d000 r--s 0005d000 08:02 4989291                    /home/ba/.m2/repository/org/scala-lang/modules/scala-parser-combinators_2.11/1.0.4/scala-parser-combinators_2.11-1.0.4.jar
7f8948d9d000-7f8948e68000 r--s 009c9000 08:02 4989287                    /home/ba/.m2/repository/org/scalaz/scalaz-core_2.11/7.1.10/scalaz-core_2.11-7.1.10.jar
7f8948e68000-7f8948e75000 r--s 000e5000 08:02 4989281                    /home/ba/.m2/repository/org/globalnames/parboiled_2.11/2.1.2.2/parboiled_2.11-2.1.2.2.jar
7f8948e75000-7f8948e77000 r--s 00008000 08:02 4989279                    /home/ba/.m2/repository/com/fasterxml/uuid/java-uuid-generator/3.1.4/java-uuid-generator-3.1.4.jar
7f8948e77000-7f8948f67000 r--s 00c16000 08:02 4989271                    /home/ba/.m2/repository/org/scala-lang/scala-compiler/2.11.0/scala-compiler-2.11.0.jar
7f8948f67000-7f8948f79000 r--s 000ab000 08:02 4989269                    /home/ba/.m2/repository/org/scala-lang/scalap/2.11.0/scalap-2.11.0.jar
7f8948f79000-7f8948f7b000 r--s 00007000 08:02 5505047                    /home/ba/.m2/repository/com/thoughtworks/paranamer/paranamer/2.6/paranamer-2.6.jar
7f8948f7b000-7f8948f7e000 r--s 00012000 08:02 4989267                    /home/ba/.m2/repository/org/json4s/json4s-ast_2.11/3.2.11/json4s-ast_2.11-3.2.11.jar
7f8948f7e000-7f8948f88000 r--s 00086000 08:02 4989265                    /home/ba/.m2/repository/org/json4s/json4s-core_2.11/3.2.11/json4s-core_2.11-3.2.11.jar
7f8948f88000-7f8948f89000 r--s 00009000 08:02 4989261                    /home/ba/.m2/repository/org/json4s/json4s-jackson_2.11/3.2.11/json4s-jackson_2.11-3.2.11.jar
7f8948f89000-7f8948f8a000 r--s 00000000 08:02 4989257                    /home/ba/.m2/repository/org/typelevel/macro-compat_2.11/1.1.1/macro-compat_2.11-1.1.1.jar
7f8948f8a000-7f8948fd0000 r--s 00317000 08:02 4989255                    /home/ba/.m2/repository/com/chuusai/shapeless_2.11/2.3.2/shapeless_2.11-2.3.2.jar
7f8948fd0000-7f8949029000 r--s 00522000 08:02 4989289                    /home/ba/.m2/repository/org/scala-lang/scala-library/2.11.8/scala-library-2.11.8.jar
7f8949029000-7f8949037000 r--s 0009d000 08:02 4989251                    /home/ba/.m2/repository/org/globalnames/gnparser_2.11/0.3.3/gnparser_2.11-0.3.3.jar
7f8949037000-7f8949038000 r--s 00005000 08:02 5119811                    /home/ba/.m2/repository/com/googlecode/json-simple/json-simple/1.1.1/json-simple-1.1.1.jar
7f8949038000-7f894903a000 r--s 00003000 08:02 6166107                    /home/ba/.m2/repository/org/slf4j/jcl-over-slf4j/1.7.25/jcl-over-slf4j-1.7.25.jar
7f894903a000-7f894903b000 r--s 00006000 08:02 4989247                    /home/ba/.m2/repository/org/noggit/noggit/0.6/noggit-0.6.jar
7f894903b000-7f8949041000 r--s 00071000 08:02 6295811                    /home/ba/.m2/repository/org/codehaus/woodstox/woodstox-core-asl/4.4.1/woodstox-core-asl-4.4.1.jar
7f8949041000-7f8949045000 r--s 00024000 08:02 6295809                    /home/ba/.m2/repository/org/codehaus/woodstox/stax2-api/3.1.4/stax2-api-3.1.4.jar
7f8949045000-7f8949051000 r--s 000b6000 08:02 5119809                    /home/ba/.m2/repository/org/apache/zookeeper/zookeeper/3.4.6/zookeeper-3.4.6.jar
7f8949051000-7f8949053000 r--s 00009000 08:02 6297354                    /home/ba/.m2/repository/org/apache/httpcomponents/httpmime/4.5.3/httpmime-4.5.3.jar
7f8949053000-7f8949065000 r--s 000ff000 08:02 5119807                    /home/ba/.m2/repository/org/apache/solr/solr-solrj/6.5.0/solr-solrj-6.5.0.jar
7f8949065000-7f894908c000 r--s 001f6000 08:02 6292879                    /home/ba/.m2/repository/org/apache/commons/commons-math3/3.6.1/commons-math3-3.6.1.jar
7f894908c000-7f8949091000 r--s 00027000 08:02 6689317                    /home/ba/.m2/repository/dk/brics/automaton/automaton/1.11-8/automaton-1.11-8.jar
7f8949091000-7f8949092000 r--s 00003000 08:02 6689315                    /home/ba/.m2/repository/com/github/mifmif/generex/1.0.1/generex-1.0.1.jar
7f8949092000-7f8949097000 r--s 00041000 08:02 6689313                    /home/ba/.m2/repository/commons-lang/commons-lang/2.6/commons-lang-2.6.jar
7f8949097000-7f894909f000 r--s 00082000 08:02 6689311                    /home/ba/.m2/repository/com/github/javafaker/javafaker/0.10/javafaker-0.10.jar
7f894909f000-7f89490a9000 r--s 0008a000 08:02 6166654                    /home/ba/.m2/repository/com/novell/ldap/jldap/2009-10-07/jldap-2009-10-07.jar
7f89490a9000-7f89490ab000 r--s 0001a000 08:02 6041952                    /home/ba/.m2/repository/org/hdrhistogram/HdrHistogram/2.1.9/HdrHistogram-2.1.9.jar
7f89490ab000-7f89490b4000 r--s 00093000 08:02 1977456                    /home/ba/.m2/repository/org/neo4j/procedure/apoc/3.3.0.1/apoc-3.3.0.1.jar
7f89490b4000-7f89490ed000 r--s 00252000 08:02 1977454                    /home/ba/.m2/repository/org/neo4j/driver/neo4j-java-driver/1.6.1/neo4j-java-driver-1.6.1.jar
7f89490ed000-7f89490ee000 r--s 0000b000 08:02 6041950                    /home/ba/.m2/repository/org/neo4j/neo4j-import-tool/3.2.6/neo4j-import-tool-3.2.6.jar
7f89490ee000-7f89490f0000 r--s 0000a000 08:02 5905920                    /home/ba/.m2/repository/org/neo4j/neo4j-dbms/3.2.6/neo4j-dbms-3.2.6.jar
7f89490f0000-7f89490f2000 r--s 00009000 08:02 5905918                    /home/ba/.m2/repository/org/neo4j/neo4j-command-line/3.2.6/neo4j-command-line-3.2.6.jar
7f89490f2000-7f89490fb000 r--s 00052000 08:02 5905916                    /home/ba/.m2/repository/org/neo4j/neo4j-consistency-check/3.2.6/neo4j-consistency-check-3.2.6.jar
7f89490fb000-7f89490fd000 r--s 00009000 08:02 5905914                    /home/ba/.m2/repository/org/neo4j/neo4j-jmx/3.2.6/neo4j-jmx-3.2.6.jar
7f89490fd000-7f89490fe000 r--s 00004000 08:02 6430148                    /home/ba/.m2/repository/net/sf/opencsv/opencsv/2.3/opencsv-2.3.jar
7f89490fe000-7f8949103000 r--s 00029000 08:02 6297352                    /home/ba/.m2/repository/org/parboiled/parboiled-core/1.1.7/parboiled-core-1.1.7.jar
7f8949103000-7f8949107000 r--s 00035000 08:02 6297350                    /home/ba/.m2/repository/org/parboiled/parboiled-scala_2.11/1.1.7/parboiled-scala_2.11-1.1.7.jar
7f8949107000-7f8949113000 r--s 0007c000 08:02 5905912                    /home/ba/.m2/repository/org/neo4j/neo4j-cypher-ir-3.2/3.2.6/neo4j-cypher-ir-3.2-3.2.6.jar
7f8949113000-7f894916c000 r--s 0038f000 08:02 5905910                    /home/ba/.m2/repository/org/neo4j/neo4j-cypher-frontend-3.2/3.2.6/neo4j-cypher-frontend-3.2-3.2.6.jar
7f894916c000-7f89491f2000 r--s 00627000 08:02 5775828                    /home/ba/.m2/repository/org/neo4j/neo4j-cypher-compiler-3.2/3.2.6/neo4j-cypher-compiler-3.2-3.2.6.jar
7f89491f2000-7f8949209000 r--s 000d7000 08:02 5775826                    /home/ba/.m2/repository/com/github/ben-manes/caffeine/caffeine/2.3.5/caffeine-2.3.5.jar
7f8949209000-7f894924f000 r--s 002bc000 08:02 5775824                    /home/ba/.m2/repository/org/neo4j/neo4j-cypher-frontend-3.1/3.1.6/neo4j-cypher-frontend-3.1-3.1.6.jar
7f894924f000-7f8949315000 r--s 0090e000 08:02 5640339                    /home/ba/.m2/repository/org/neo4j/neo4j-cypher-compiler-3.1/3.1.6/neo4j-cypher-compiler-3.1-3.1.6.jar
7f8949315000-7f8949319000 r--s 00019000 08:02 5379588                    /home/ba/.m2/repository/com/googlecode/concurrentlinkedhashmap/concurrentlinkedhashmap-lru/1.4.2/concurrentlinkedhashmap-lru-1.4.2.jar
7f8949319000-7f8949363000 r--s 002fa000 08:02 5640337                    /home/ba/.m2/repository/org/neo4j/neo4j-cypher-frontend-2.3/2.3.11/neo4j-cypher-frontend-2.3-2.3.11.jar
7f8949363000-7f8949406000 r--s 00749000 08:02 5640335                    /home/ba/.m2/repository/org/neo4j/neo4j-cypher-compiler-2.3/2.3.11/neo4j-cypher-compiler-2.3-2.3.11.jar
7f8949406000-7f894940c000 r--s 0004f000 08:02 5510448                    /home/ba/.m2/repository/org/neo4j/neo4j-codegen/3.2.6/neo4j-codegen-3.2.6.jar
7f894940c000-7f894940e000 r--s 0000c000 08:02 5379586                    /home/ba/.m2/repository/org/neo4j/neo4j-graph-matching/3.1.3/neo4j-graph-matching-3.1.3.jar
7f894940e000-7f894945a000 r--s 00411000 08:02 5250400                    /home/ba/.m2/repository/org/scala-lang/scala-reflect/2.11.8/scala-reflect-2.11.8.jar
7f894945a000-7f894947f000 r--s 00180000 08:02 5250189                    /home/ba/.m2/repository/org/neo4j/neo4j-cypher/3.2.6/neo4j-cypher-3.2.6.jar
7f894947f000-7f8949480000 r--s 00009000 08:02 5250182                    /home/ba/.m2/repository/org/neo4j/neo4j-udc/3.2.6/neo4j-udc-3.2.6.jar
7f8949480000-7f8949485000 r--s 00028000 08:02 3685875                    /home/ba/.m2/repository/org/neo4j/neo4j-graph-algo/3.2.6/neo4j-graph-algo-3.2.6.jar
7f8949485000-7f894948d000 r--s 0005f000 08:02 5250180                    /home/ba/.m2/repository/org/apache/lucene/lucene-codecs/5.5.0/lucene-codecs-5.5.0.jar
7f894948d000-7f8949497000 r--s 00059000 08:02 5250178                    /home/ba/.m2/repository/org/apache/lucene/lucene-queryparser/5.5.0/lucene-queryparser-5.5.0.jar
7f8949497000-7f89494be000 r--s 0021c000 08:02 5127734                    /home/ba/.m2/repository/org/apache/lucene/lucene-core/5.5.0/lucene-core-5.5.0.jar
7f89494be000-7f89494d1000 r--s 0016f000 08:02 5127731                    /home/ba/.m2/repository/org/apache/lucene/lucene-analyzers-common/5.5.0/lucene-analyzers-common-5.5.0.jar
7f89494d1000-7f89494d8000 r--s 00046000 08:02 2239920                    /home/ba/.m2/repository/org/neo4j/neo4j-lucene-index/3.2.6/neo4j-lucene-index-3.2.6.jar
7f89494d8000-7f894951f000 r--s 002d5000 08:02 2239918                    /home/ba/.m2/repository/org/bouncycastle/bcprov-jdk15on/1.53/bcprov-jdk15on-1.53.jar
7f894951f000-7f8949530000 r--s 00093000 08:02 2239916                    /home/ba/.m2/repository/org/bouncycastle/bcpkix-jdk15on/1.53/bcpkix-jdk15on-1.53.jar
7f8949530000-7f8949571000 r--s 0035b000 08:02 2239914                    /home/ba/.m2/repository/io/netty/netty-all/4.1.15.Final/netty-all-4.1.15.Final.jar
7f8949571000-7f8949573000 r--s 00007000 08:02 2239912                    /home/ba/.m2/repository/org/neo4j/neo4j-ssl/3.2.6/neo4j-ssl-3.2.6.jar
7f8949573000-7f8949575000 r--s 00016000 08:02 2239910                    /home/ba/.m2/repository/org/neo4j/neo4j-index/3.2.6/neo4j-index-3.2.6.jar
7f8949575000-7f8949577000 r--s 00006000 08:02 2239908                    /home/ba/.m2/repository/org/neo4j/neo4j-configuration/3.2.6/neo4j-configuration-3.2.6.jar
7f8949577000-7f894957f000 r--s 00062000 08:02 5127726                    /home/ba/.m2/repository/org/apache/lucene/lucene-backward-codecs/5.5.0/lucene-backward-codecs-5.5.0.jar
7f894957f000-7f8949580000 r--s 004af000 08:02 2239906                    /home/ba/.m2/repository/org/neo4j/neo4j-lucene-upgrade/3.2.6/neo4j-lucene-upgrade-3.2.6.jar
7f8949580000-7f8949582000 r--s 00010000 08:02 2109861                    /home/ba/.m2/repository/org/neo4j/neo4j-logging/3.2.6/neo4j-logging-3.2.6.jar
7f8949582000-7f8949584000 r--s 00012000 08:02 2109859                    /home/ba/.m2/repository/org/neo4j/neo4j-csv/3.2.6/neo4j-csv-3.2.6.jar
7f8949584000-7f8949588000 r--s 00028000 08:02 2109857                    /home/ba/.m2/repository/org/neo4j/neo4j-io/3.2.6/neo4j-io-3.2.6.jar
7f8949588000-7f894958a000 r--s 00007000 08:02 2109855                    /home/ba/.m2/repository/org/neo4j/neo4j-unsafe/3.2.6/neo4j-unsafe-3.2.6.jar
7f894958a000-7f8949591000 r--s 00027000 08:02 2109853                    /home/ba/.m2/repository/org/neo4j/neo4j-primitive-collections/3.2.6/neo4j-primitive-collections-3.2.6.jar
7f8949591000-7f8949594000 r--s 00011000 08:02 2109852                    /home/ba/.m2/repository/org/neo4j/neo4j-collections/3.2.6/neo4j-collections-3.2.6.jar
7f8949594000-7f8949597000 r--s 00015000 08:02 2109416                    /home/ba/.m2/repository/org/neo4j/neo4j-common/3.2.6/neo4j-common-3.2.6.jar
7f8949597000-7f8949598000 r--s 00001000 08:02 2109131                    /home/ba/.m2/repository/org/neo4j/neo4j-resource/3.2.6/neo4j-resource-3.2.6.jar
7f8949598000-7f894959f000 r--s 00028000 08:02 2107711                    /home/ba/.m2/repository/org/neo4j/neo4j-graphdb-api/3.2.6/neo4j-graphdb-api-3.2.6.jar
7f894959f000-7f894969f000 rw-p 00000000 00:00 0 
7f894969f000-7f894979f000 ---p 00000000 00:00 0 
7f894979f000-7f89497e6000 r--s 002fb000 08:02 2107709                    /home/ba/.m2/repository/org/neo4j/neo4j-kernel/3.2.6/neo4j-kernel-3.2.6.jar
7f89497e6000-7f89497e7000 r--s 00005000 08:02 1977452                    /home/ba/.m2/repository/org/neo4j/neo4j/3.2.6/neo4j-3.2.6.jar
7f89497e7000-7f89497e9000 r--s 0000e000 08:02 6292904                    /home/ba/.m2/repository/org/json/json/20171018/json-20171018.jar
7f89497e9000-7f89497eb000 r--s 00009000 08:02 6040561                    /home/ba/.m2/repository/org/slf4j/slf4j-api/1.7.21/slf4j-api-1.7.21.jar
7f89497eb000-7f8949806000 r--s 00152000 08:02 6292881                    /home/ba/.m2/repository/org/freemarker/freemarker/2.3.25-incubating/freemarker-2.3.25-incubating.jar
7f8949806000-7f8949831000 r--s 001fc000 08:02 4988613                    /home/ba/.m2/repository/com/google/guava/guava/18.0/guava-18.0.jar
7f8949831000-7f8949833000 r--s 0000d000 08:02 6292900                    /home/ba/.m2/repository/commons-logging/commons-logging/1.1.1/commons-logging-1.1.1.jar
7f8949833000-7f8949834000 r--s 0000a000 08:02 6292898                    /home/ba/.m2/repository/asm/asm/3.3.1/asm-3.3.1.jar
7f8949834000-7f894983b000 r--s 00040000 08:02 6292897                    /home/ba/.m2/repository/cglib/cglib/2.2.2/cglib-2.2.2.jar
7f894983b000-7f8949841000 r--s 00035000 08:02 6292894                    /home/ba/.m2/repository/org/apache/commons/commons-digester3/3.2/commons-digester3-3.2.jar
7f8949841000-7f8949848000 r--s 00064000 08:02 6292892                    /home/ba/.m2/repository/org/apache/commons/commons-lang3/3.4/commons-lang3-3.4.jar
7f8949848000-7f8949859000 r--s 000b2000 08:02 5639772                    /home/ba/.m2/repository/com/vividsolutions/jts/1.13/jts-1.13.jar
7f8949859000-7f8949862000 r--s 00061000 08:02 6292730                    /home/ba/.m2/repository/org/gbif/gbif-api/0.46/gbif-api-0.46.jar
7f8949862000-7f8949867000 r--s 00077000 08:02 6292882                    /home/ba/.m2/repository/org/threeten/threetenbp/1.3.2/threetenbp-1.3.2.jar
7f8949867000-7f8949868000 r--s 00005000 08:02 6292725                    /home/ba/.m2/repository/org/gbif/name-parser/2.18/name-parser-2.18.jar
7f8949868000-7f8949871000 r--s 0008b000 08:02 6292880                    /home/ba/.m2/repository/org/apache/tika/tika-core/1.13/tika-core-1.13.jar
7f8949871000-7f8949873000 r--s 00003000 08:02 5509636                    /home/ba/.m2/repository/com/google/code/findbugs/jsr305/3.0.1/jsr305-3.0.1.jar
7f8949873000-7f8949876000 r--s 00039000 08:02 6292720                    /home/ba/.m2/repository/org/gbif/gbif-parsers/0.28/gbif-parsers-0.28.jar
7f8949876000-7f8949878000 r--s 0000e000 08:02 6292729                    /home/ba/.m2/repository/org/gbif/registry/registry-metadata/2.59/registry-metadata-2.59.jar
7f8949878000-7f8949885000 r--s 00083000 08:02 6292876                    /home/ba/.m2/repository/commons-collections/commons-collections/3.2.2/commons-collections-3.2.2.jar
7f8949885000-7f894988a000 r--s 00038000 08:02 6292833                    /home/ba/.m2/repository/commons-beanutils/commons-beanutils/1.9.3/commons-beanutils-1.9.3.jar
7f894988a000-7f894988d000 r--s 00025000 08:02 5247319                    /home/ba/.m2/repository/com/googlecode/owasp-java-html-sanitizer/owasp-java-html-sanitizer/20160924.1/owasp-java-html-sanitizer-20160924.1.jar
7f894988d000-7f8949894000 r--s 0005d000 08:02 6292872                    /home/ba/.m2/repository/org/apache/commons/commons-compress/1.10/commons-compress-1.10.jar
7f8949894000-7f89498b0000 r--s 0019f000 08:02 6292722                    /home/ba/.m2/repository/org/gbif/gbif-common/0.36/gbif-common-0.36.jar
7f89498b0000-7f89498bf000 r--s 000b0000 08:02 6292870                    /home/ba/.m2/repository/org/codehaus/jackson/jackson-mapper-asl/1.9.12/jackson-mapper-asl-1.9.12.jar
7f89498bf000-7f89498c3000 r--s 00035000 08:02 6292868                    /home/ba/.m2/repository/org/codehaus/jackson/jackson-core-asl/1.9.12/jackson-core-asl-1.9.12.jar
7f89498c3000-7f89498c4000 r--s 00009000 08:02 6292724                    /home/ba/.m2/repository/org/gbif/dwc-api/1.17/dwc-api-1.17.jar
7f89498c4000-7f89498d3000 r--s 00079000 08:02 6292866                    /home/ba/.m2/repository/org/springframework/boot/spring-boot-actuator/1.5.7.RELEASE/spring-boot-actuator-1.5.7.RELEASE.jar
7f89498d3000-7f89498d4000 r--s 00000000 08:02 6292865                    /home/ba/.m2/repository/org/springframework/boot/spring-boot-starter-actuator/1.5.7.RELEASE/spring-boot-starter-actuator-1.5.7.RELEASE.jar
7f89498d4000-7f89498d6000 r--s 00009000 08:02 6292857                    /home/ba/.m2/repository/org/hamcrest/hamcrest-core/1.3/hamcrest-core-1.3.jar
7f89498d6000-7f89498de000 r--s 00045000 08:02 6292852                    /home/ba/.m2/repository/junit/junit/4.12/junit-4.12.jar
7f89498de000-7f89498df000 r--s 0000c000 08:02 6292851                    /home/ba/.m2/repository/org/ow2/asm/asm/5.0.3/asm-5.0.3.jar
7f89498df000-7f89498e1000 r--s 00012000 08:02 6292848                    /home/ba/.m2/repository/net/minidev/accessors-smart/1.1/accessors-smart-1.1.jar
7f89498e1000-7f89498e4000 r--s 0001b000 08:02 6292815                    /home/ba/.m2/repository/net/minidev/json-smart/2.2.1/json-smart-2.2.1.jar
7f89498e4000-7f89498e9000 r--s 0002e000 08:02 3685520                    /home/ba/.m2/repository/com/jayway/jsonpath/json-path/2.2.0/json-path-2.2.0.jar
7f89498e9000-7f89498eb000 r--s 00002000 08:02 6292839                    /home/ba/.m2/repository/org/atteo/evo-inflector/1.2.2/evo-inflector-1.2.2.jar
7f89498eb000-7f89498ec000 r--s 00004000 08:02 6292836                    /home/ba/.m2/repository/org/springframework/plugin/spring-plugin-core/1.2.0.RELEASE/spring-plugin-core-1.2.0.RELEASE.jar
7f89498ec000-7f89498ff000 r--s 000ad000 08:02 6292834                    /home/ba/.m2/repository/org/springframework/data/spring-data-commons/1.13.7.RELEASE/spring-data-commons-1.13.7.RELEASE.jar
7f89498ff000-7f8949904000 r--s 0002d000 08:02 6292832                    /home/ba/.m2/repository/org/springframework/hateoas/spring-hateoas/0.23.0.RELEASE/spring-hateoas-0.23.0.RELEASE.jar
7f8949904000-7f894990c000 r--s 0003a000 08:02 6292830                    /home/ba/.m2/repository/org/springframework/spring-tx/4.3.11.RELEASE/spring-tx-4.3.11.RELEASE.jar
7f894990c000-7f8949911000 r--s 0001b000 08:02 6292829                    /home/ba/.m2/repository/org/springframework/data/spring-data-rest-core/2.6.7.RELEASE/spring-data-rest-core-2.6.7.RELEASE.jar
7f8949911000-7f8949918000 r--s 00046000 08:02 5902188                    /home/ba/.m2/repository/org/springframework/data/spring-data-rest-webmvc/2.6.7.RELEASE/spring-data-rest-webmvc-2.6.7.RELEASE.jar
7f8949918000-7f894991b000 r--s 0000b000 08:02 6292827                    /home/ba/.m2/repository/com/fasterxml/jackson/core/jackson-annotations/2.8.0/jackson-annotations-2.8.0.jar
7f894991b000-7f894991c000 r--s 00000000 08:02 6292824                    /home/ba/.m2/repository/org/springframework/boot/spring-boot-starter-data-rest/1.5.7.RELEASE/spring-boot-starter-data-rest-1.5.7.RELEASE.jar
7f894991c000-7f8949921000 r--s 00038000 08:02 6292822                    /home/ba/.m2/repository/org/apache/tomcat/embed/tomcat-embed-websocket/8.5.20/tomcat-embed-websocket-8.5.20.jar
7f8949921000-7f8949926000 r--s 00036000 08:02 6292820                    /home/ba/.m2/repository/org/apache/tomcat/embed/tomcat-embed-el/8.5.20/tomcat-embed-el-8.5.20.jar
7f8949926000-7f8949927000 r--s 00000000 08:02 6292818                    /home/ba/.m2/repository/org/springframework/boot/spring-boot-starter-tomcat/1.5.7.RELEASE/spring-boot-starter-tomcat-1.5.7.RELEASE.jar
7f8949927000-7f8949938000 r--s 000cf000 08:02 6292817                    /home/ba/.m2/repository/org/springframework/spring-webmvc/4.3.11.RELEASE/spring-webmvc-4.3.11.RELEASE.jar
7f8949938000-7f894994a000 r--s 0011e000 08:02 6292816                    /home/ba/.m2/repository/com/fasterxml/jackson/core/jackson-databind/2.8.10/jackson-databind-2.8.10.jar
7f894994a000-7f894994c000 r--s 0000e000 08:02 4988611                    /home/ba/.m2/repository/com/fasterxml/classmate/1.3.4/classmate-1.3.4.jar
7f894994c000-7f894994f000 r--s 0000e000 08:02 6292812                    /home/ba/.m2/repository/org/jboss/logging/jboss-logging/3.3.1.Final/jboss-logging-3.3.1.Final.jar
7f894994f000-7f8949953000 r--s 0000c000 08:02 6292811                    /home/ba/.m2/repository/javax/validation/validation-api/1.1.0.Final/validation-api-1.1.0.Final.jar
7f8949953000-7f8949964000 r--s 000a1000 08:02 6292809                    /home/ba/.m2/repository/org/hibernate/hibernate-validator/5.3.5.Final/hibernate-validator-5.3.5.Final.jar
7f8949964000-7f8949965000 r--s 00000000 08:02 6292806                    /home/ba/.m2/repository/org/springframework/boot/spring-boot-starter-web/1.5.7.RELEASE/spring-boot-starter-web-1.5.7.RELEASE.jar
7f8949965000-7f8949969000 r--s 0002d000 08:02 5509634                    /home/ba/.m2/repository/org/apache/logging/log4j/log4j-api/2.6.2/log4j-api-2.6.2.jar
7f8949969000-7f8949970000 r--s 0003f000 08:02 6292804                    /home/ba/.m2/repository/commons-codec/commons-codec/1.10/commons-codec-1.10.jar
7f8949970000-7f8949978000 r--s 00048000 08:02 6292802                    /home/ba/.m2/repository/org/apache/httpcomponents/httpcore/4.4.6/httpcore-4.4.6.jar
7f8949978000-7f8949985000 r--s 000aa000 08:02 6292793                    /home/ba/.m2/repository/org/apache/httpcomponents/httpclient/4.5.3/httpclient-4.5.3.jar
7f8949985000-7f894998a000 r--s 0003c000 08:02 6166124                    /home/ba/.m2/repository/org/springframework/spring-expression/4.3.11.RELEASE/spring-expression-4.3.11.RELEASE.jar
7f894998a000-7f89499a3000 r--s 000fe000 08:02 6166121                    /home/ba/.m2/repository/org/springframework/spring-context/4.3.11.RELEASE/spring-context-4.3.11.RELEASE.jar
7f89499a3000-7f89499b1000 r--s 000ad000 08:02 6166120                    /home/ba/.m2/repository/org/springframework/spring-beans/4.3.11.RELEASE/spring-beans-4.3.11.RELEASE.jar
7f89499b1000-7f89499ba000 r--s 00054000 08:02 6166117                    /home/ba/.m2/repository/org/springframework/spring-aop/4.3.11.RELEASE/spring-aop-4.3.11.RELEASE.jar
7f89499ba000-7f89499cb000 r--s 000b7000 08:02 6292798                    /home/ba/.m2/repository/org/springframework/spring-web/4.3.8.RELEASE/spring-web-4.3.8.RELEASE.jar
7f89499cb000-7f89499f4000 r--s 002bf000 08:02 6292796                    /home/ba/.m2/repository/org/apache/tomcat/embed/tomcat-embed-core/8.5.14/tomcat-embed-core-8.5.14.jar
7f89499f4000-7f89499f8000 r--s 0002f000 08:02 6292794                    /home/ba/.m2/repository/commons-io/commons-io/2.5/commons-io-2.5.jar
7f89499f8000-7f8949a07000 r--s 00084000 08:02 6292792                    /home/ba/.m2/repository/org/springframework/spring-test/4.3.8.RELEASE/spring-test-4.3.8.RELEASE.jar
7f8949a07000-7f8949a0a000 r--s 00042000 08:02 6292790                    /home/ba/.m2/repository/com/fasterxml/jackson/core/jackson-core/2.8.8/jackson-core-2.8.8.jar
7f8949a0a000-7f8949a21000 r--s 000fc000 08:02 6166113                    /home/ba/.m2/repository/org/springframework/spring-core/4.3.11.RELEASE/spring-core-4.3.11.RELEASE.jar
7f8949a21000-7f8949a23000 r--s 00004000 08:02 6166111                    /home/ba/.m2/repository/org/slf4j/log4j-over-slf4j/1.7.25/log4j-over-slf4j-1.7.25.jar
7f8949a23000-7f8949a2e000 r--s 0006a000 08:02 5639770                    /home/ba/.m2/repository/ch/qos/logback/logback-core/1.1.11/logback-core-1.1.11.jar
7f8949a2e000-7f8949a35000 r--s 00045000 08:02 5127476                    /home/ba/.m2/repository/ch/qos/logback/logback-classic/1.1.11/logback-classic-1.1.11.jar
7f8949a35000-7f8949a55000 r--s 000e6000 08:02 6166103                    /home/ba/.m2/repository/org/springframework/boot/spring-boot-autoconfigure/1.5.7.RELEASE/spring-boot-autoconfigure-1.5.7.RELEASE.jar
7f8949a55000-7f8949c55000 rw-p 00000000 00:00 0 
7f8949c55000-7f8949e55000 rw-p 00000000 00:00 0 
7f8949e55000-7f894a055000 rw-p 00000000 00:00 0 
7f894a055000-7f894a069000 r-xp 00000000 08:02 1703965                    /lib/x86_64-linux-gnu/libresolv-2.19.so
7f894a069000-7f894a268000 ---p 00014000 08:02 1703965                    /lib/x86_64-linux-gnu/libresolv-2.19.so
7f894a268000-7f894a269000 r--p 00013000 08:02 1703965                    /lib/x86_64-linux-gnu/libresolv-2.19.so
7f894a269000-7f894a26a000 rw-p 00014000 08:02 1703965                    /lib/x86_64-linux-gnu/libresolv-2.19.so
7f894a26a000-7f894a26c000 rw-p 00000000 00:00 0 
7f894a26c000-7f894a271000 r-xp 00000000 08:02 1703956                    /lib/x86_64-linux-gnu/libnss_dns-2.19.so
7f894a271000-7f894a470000 ---p 00005000 08:02 1703956                    /lib/x86_64-linux-gnu/libnss_dns-2.19.so
7f894a470000-7f894a471000 r--p 00004000 08:02 1703956                    /lib/x86_64-linux-gnu/libnss_dns-2.19.so
7f894a471000-7f894a472000 rw-p 00005000 08:02 1703956                    /lib/x86_64-linux-gnu/libnss_dns-2.19.so
7f894a472000-7f894a474000 r-xp 00000000 08:02 1705154                    /lib/x86_64-linux-gnu/libnss_mdns4_minimal.so.2
7f894a474000-7f894a673000 ---p 00002000 08:02 1705154                    /lib/x86_64-linux-gnu/libnss_mdns4_minimal.so.2
7f894a673000-7f894a674000 r--p 00001000 08:02 1705154                    /lib/x86_64-linux-gnu/libnss_mdns4_minimal.so.2
7f894a674000-7f894a675000 rw-p 00002000 08:02 1705154                    /lib/x86_64-linux-gnu/libnss_mdns4_minimal.so.2
7f894a675000-7f894a678000 r-xp 00000000 08:02 1705230                    /lib/x86_64-linux-gnu/libnss_myhostname.so.2
7f894a678000-7f894a877000 ---p 00003000 08:02 1705230                    /lib/x86_64-linux-gnu/libnss_myhostname.so.2
7f894a877000-7f894a878000 rw-p 00002000 08:02 1705230                    /lib/x86_64-linux-gnu/libnss_myhostname.so.2
7f894a878000-7f894aa78000 rw-p 00000000 00:00 0 
7f894aa78000-7f894aa8e000 r-xp 00000000 08:02 1705220                    /lib/x86_64-linux-gnu/libgcc_s.so.1
7f894aa8e000-7f894ac8d000 ---p 00016000 08:02 1705220                    /lib/x86_64-linux-gnu/libgcc_s.so.1
7f894ac8d000-7f894ac8e000 rw-p 00015000 08:02 1705220                    /lib/x86_64-linux-gnu/libgcc_s.so.1
7f894ac8e000-7f894acc0000 r-xp 00000000 08:02 4720102                    /opt/java/jdk1.8.0_101/jre/lib/amd64/libsunec.so
7f894acc0000-7f894aebf000 ---p 00032000 08:02 4720102                    /opt/java/jdk1.8.0_101/jre/lib/amd64/libsunec.so
7f894aebf000-7f894aec5000 rw-p 00031000 08:02 4720102                    /opt/java/jdk1.8.0_101/jre/lib/amd64/libsunec.so
7f894aec5000-7f894b0d5000 rw-p 00000000 00:00 0 
7f894b0d5000-7f894b0d8000 ---p 00000000 00:00 0 
7f894b0d8000-7f894b1d6000 rw-p 00000000 00:00 0 
7f894b1d6000-7f894b1d9000 ---p 00000000 00:00 0 
7f894b1d9000-7f894b2d7000 rw-p 00000000 00:00 0 
7f894b2d7000-7f894b2e8000 r-xp 00000000 08:02 4720113                    /opt/java/jdk1.8.0_101/jre/lib/amd64/libnio.so
7f894b2e8000-7f894b4e7000 ---p 00011000 08:02 4720113                    /opt/java/jdk1.8.0_101/jre/lib/amd64/libnio.so
7f894b4e7000-7f894b4e8000 rw-p 00010000 08:02 4720113                    /opt/java/jdk1.8.0_101/jre/lib/amd64/libnio.so
7f894b4e8000-7f894b7e9000 rw-p 00000000 00:00 0 
7f894b7e9000-7f894b7ff000 r-xp 00000000 08:02 4720131                    /opt/java/jdk1.8.0_101/jre/lib/amd64/libnet.so
7f894b7ff000-7f894b9ff000 ---p 00016000 08:02 4720131                    /opt/java/jdk1.8.0_101/jre/lib/amd64/libnet.so
7f894b9ff000-7f894ba00000 rw-p 00016000 08:02 4720131                    /opt/java/jdk1.8.0_101/jre/lib/amd64/libnet.so
7f894ba00000-7f894bc00000 rw-p 00000000 00:00 0 
7f894bc00000-7f894be00000 rw-p 00000000 00:00 0 
7f894be00000-7f894c000000 rw-p 00000000 00:00 0 
7f894c000000-7f894c021000 rw-p 00000000 00:00 0 
7f894c021000-7f8950000000 ---p 00000000 00:00 0 
7f8950000000-7f8950002000 r--s 00000000 08:02 6166109                    /home/ba/.m2/repository/org/slf4j/jul-to-slf4j/1.7.25/jul-to-slf4j-1.7.25.jar
7f8950002000-7f8950003000 r--s 00000000 08:02 6166105                    /home/ba/.m2/repository/org/springframework/boot/spring-boot-starter-logging/1.5.7.RELEASE/spring-boot-starter-logging-1.5.7.RELEASE.jar
7f8950003000-7f8950013000 r--s 00095000 08:02 6166101                    /home/ba/.m2/repository/org/springframework/boot/spring-boot/1.5.7.RELEASE/spring-boot-1.5.7.RELEASE.jar
7f8950013000-7f8950014000 r--s 00000000 08:02 6166099                    /home/ba/.m2/repository/org/springframework/boot/spring-boot-starter/1.5.7.RELEASE/spring-boot-starter-1.5.7.RELEASE.jar
7f8950014000-7f895008d000 r--s 010e5000 08:02 4719848                    /opt/java/jdk1.8.0_101/lib/tools.jar
7f895008d000-7f8950090000 r--s 0001b000 08:02 6293571                    /home/ba/.m2/repository/junit/junit/3.8.2/junit-3.8.2.jar
7f8950090000-7f895009e000 r--s 0008f000 08:02 6040573                    /home/ba/.m2/repository/com/google/collections/google-collections/1.0/google-collections-1.0.jar
7f895009e000-7f895009f000 r--s 0000a000 08:02 6293570                    /home/ba/.m2/repository/commons-logging/commons-logging-api/1.1/commons-logging-api-1.1.jar
7f895009f000-7f89500a6000 r--s 00051000 08:02 6293567                    /home/ba/.m2/repository/log4j/log4j/1.2.12/log4j-1.2.12.jar
7f89500a6000-7f89500aa000 r--s 0001d000 08:02 6293565                    /home/ba/.m2/repository/org/apache/xbean/xbean-reflect/3.4/xbean-reflect-3.4.jar
7f89500aa000-7f89500ab000 r--s 00004000 08:02 6293559                    /home/ba/.m2/repository/org/codehaus/plexus/plexus-compiler-javac/2.2/plexus-compiler-javac-2.2.jar
7f89500ab000-7f89500ad000 r--s 00000000 08:02 6293558                    /home/ba/.m2/repository/org/codehaus/plexus/plexus-compiler-manager/2.2/plexus-compiler-manager-2.2.jar
7f89500ad000-7f89500af000 r--s 00005000 08:02 6293557                    /home/ba/.m2/repository/org/codehaus/plexus/plexus-compiler-api/2.2/plexus-compiler-api-2.2.jar
7f89500af000-7f89500b1000 r--s 00000000 08:02 6293556                    /home/ba/.m2/repository/org/codehaus/plexus/plexus-component-annotations/1.5.5/plexus-component-annotations-1.5.5.jar
7f89500b1000-7f89500b3000 r--s 00002000 08:02 6293551                    /home/ba/.m2/repository/org/apache/maven/shared/maven-shared-incremental/1.1/maven-shared-incremental-1.1.jar
7f89500b3000-7f89500b6000 r--s 00023000 08:02 6293549                    /home/ba/.m2/repository/org/apache/maven/shared/maven-shared-utils/0.1/maven-shared-utils-0.1.jar
7f89500b6000-7f89500ba000 r--s 00030000 08:02 6293521                    /home/ba/.m2/repository/org/codehaus/plexus/plexus-utils/1.5.1/plexus-utils-1.5.1.jar
7f89500ba000-7f89500bc000 r--s 00009000 08:02 6165917                    /home/ba/.m2/repository/org/apache/maven/plugins/maven-compiler-plugin/3.1/maven-compiler-plugin-3.1.jar
7f89500bc000-7f89500be000 r--s 0000d000 08:02 6293224                    /home/ba/.m2/repository/org/codehaus/plexus/plexus-interpolation/1.13/plexus-interpolation-1.13.jar
7f89500be000-7f89500bf000 r--s 00001000 08:02 6293222                    /home/ba/.m2/repository/org/sonatype/plexus/plexus-build-api/0.0.4/plexus-build-api-0.0.4.jar
7f89500bf000-7f89500c1000 r--s 00009000 08:02 6293220                    /home/ba/.m2/repository/org/apache/maven/shared/maven-filtering/1.1/maven-filtering-1.1.jar
7f89500c1000-7f89500c5000 r--s 00033000 08:02 6293218                    /home/ba/.m2/repository/org/codehaus/plexus/plexus-utils/2.0.5/plexus-utils-2.0.5.jar
7f89500c5000-7f89500c8000 r--s 0001b000 08:02 6293216                    /home/ba/.m2/repository/junit/junit/3.8.1/junit-3.8.1.jar
7f89500c8000-7f89500ca000 r--s 00002000 08:02 6293203                    /home/ba/.m2/repository/org/codehaus/plexus/plexus-interactivity-api/1.0-alpha-4/plexus-interactivity-api-1.0-alpha-4.jar
7f89500ca000-7f89500cc000 r--s 00006000 08:02 6293200                    /home/ba/.m2/repository/commons-cli/commons-cli/1.0/commons-cli-1.0.jar
7f89500cc000-7f89500cd000 r--s 00001000 08:02 6293193                    /home/ba/.m2/repository/org/apache/maven/doxia/doxia-sink-api/1.0-alpha-7/doxia-sink-api-1.0-alpha-7.jar
7f89500cd000-7f89500ce000 r--s 00002000 08:02 6293190                    /home/ba/.m2/repository/org/apache/maven/reporting/maven-reporting-api/2.0.6/maven-reporting-api-2.0.6.jar
7f89500ce000-7f89500d0000 r--s 00006000 08:02 6165898                    /home/ba/.m2/repository/org/apache/maven/plugins/maven-resources-plugin/2.6/maven-resources-plugin-2.6.jar
7f89500d0000-7f89500d3000 r--s 00027000 08:02 6292941                    /home/ba/.m2/repository/org/codehaus/plexus/plexus-utils/1.1/plexus-utils-1.1.jar
7f89500d3000-7f89500d7000 r--s 00026000 08:02 6292936                    /home/ba/.m2/repository/org/apache/maven/shared/maven-shared-utils/0.7/maven-shared-utils-0.7.jar
7f89500d7000-7f89500da000 ---p 00000000 00:00 0 
7f89500da000-7f89501d8000 rw-p 00000000 00:00 0 
7f89501d8000-7f89501da000 r-xp 00000000 08:02 1703969                    /lib/x86_64-linux-gnu/libutil-2.19.so
7f89501da000-7f89503d9000 ---p 00002000 08:02 1703969                    /lib/x86_64-linux-gnu/libutil-2.19.so
7f89503d9000-7f89503da000 r--p 00001000 08:02 1703969                    /lib/x86_64-linux-gnu/libutil-2.19.so
7f89503da000-7f89503db000 rw-p 00002000 08:02 1703969                    /lib/x86_64-linux-gnu/libutil-2.19.so
7f89503db000-7f89503dd000 r--s 00006000 08:02 5902194                    /home/ba/.m2/repository/com/google/code/findbugs/jsr305/2.0.1/jsr305-2.0.1.jar
7f89503dd000-7f89503df000 r--s 00006000 08:02 6165879                    /home/ba/.m2/repository/org/apache/maven/plugins/maven-clean-plugin/2.6.1/maven-clean-plugin-2.6.1.jar
7f89503df000-7f89503e5000 r--s 0003f000 08:02 4720185                    /opt/java/jdk1.8.0_101/jre/lib/ext/sunjce_provider.jar
7f89503e5000-7f89503e6000 r--s 00009000 08:02 4720230                    /opt/java/jdk1.8.0_101/jre/lib/ext/sunec.jar
7f89503e6000-7f89503e9000 r--s 0001a000 08:02 4719940                    /opt/java/jdk1.8.0_101/jre/lib/jce.jar
7f89503e9000-7f89503ed000 r--s 00097000 08:02 4719941                    /opt/java/jdk1.8.0_101/jre/lib/jsse.jar
7f89503ed000-7f89503f1000 r--s 00023000 08:02 4723809                    /opt/apache-maven-3.5.2/lib/maven-resolver-util-1.1.0.jar
7f89503f1000-7f89503f5000 r--s 0003c000 08:02 4723786                    /opt/apache-maven-3.5.2/lib/plexus-utils-3.1.0.jar
7f89503f5000-7f89503f8000 r--s 00026000 08:02 4723795                    /opt/apache-maven-3.5.2/lib/maven-model-3.5.2.jar
7f89503f8000-7f89503fb000 r-xp 00000000 08:02 4723783                    /opt/apache-maven-3.5.2/lib/jansi-native/linux64/libjansi.so
7f89503fb000-7f89505fa000 ---p 00003000 08:02 4723783                    /opt/apache-maven-3.5.2/lib/jansi-native/linux64/libjansi.so
7f89505fa000-7f89505fb000 rw-p 00002000 08:02 4723783                    /opt/apache-maven-3.5.2/lib/jansi-native/linux64/libjansi.so
7f89505fb000-7f89505ff000 r--s 00020000 08:02 4723807                    /opt/apache-maven-3.5.2/lib/maven-resolver-api-1.1.0.jar
7f89505ff000-7f8950602000 r--s 00015000 08:02 4723784                    /opt/apache-maven-3.5.2/lib/maven-embedder-3.5.2.jar
7f8950602000-7f8950604000 r--s 0000c000 08:02 4723816                    /opt/apache-maven-3.5.2/lib/commons-cli-1.4.jar
7f8950604000-7f895060a000 r--s 00041000 08:02 4723817                    /opt/apache-maven-3.5.2/lib/maven-compat-3.5.2.jar
7f895060a000-7f895060c000 r--s 00007000 08:02 4723808                    /opt/apache-maven-3.5.2/lib/maven-resolver-spi-1.1.0.jar
7f895060c000-7f8950612000 r--s 0002d000 08:02 4723799                    /opt/apache-maven-3.5.2/lib/org.eclipse.sisu.plexus-0.3.3.jar
7f8950612000-7f8950615000 r--s 00025000 08:02 4723811                    /opt/apache-maven-3.5.2/lib/maven-shared-utils-3.1.0.jar
7f8950615000-7f8950617000 r--s 00006000 08:02 4723823                    /opt/apache-maven-3.5.2/lib/maven-resolver-transport-wagon-1.1.0.jar
7f8950617000-7f8950618000 r--s 00000000 08:02 4723802                    /opt/apache-maven-3.5.2/lib/javax.inject-1.jar
7f8950618000-7f895061c000 r--s 00028000 08:02 4723804                    /opt/apache-maven-3.5.2/lib/maven-model-builder-3.5.2.jar
7f895061c000-7f895061e000 r--s 00002000 08:02 4723793                    /opt/apache-maven-3.5.2/lib/plexus-cipher-1.7.jar
7f895061e000-7f8950620000 r--s 00009000 08:02 4723815                    /opt/apache-maven-3.5.2/lib/slf4j-api-1.7.25.jar
7f8950620000-7f8950624000 r--s 0002a000 08:02 4723810                    /opt/apache-maven-3.5.2/lib/maven-resolver-impl-1.1.0.jar
7f8950624000-7f8950625000 r--s 00002000 08:02 4723821                    /opt/apache-maven-3.5.2/lib/wagon-file-2.12.jar
7f8950625000-7f8950627000 r--s 0000a000 08:02 4723798                    /opt/apache-maven-3.5.2/lib/maven-plugin-api-3.5.2.jar
7f8950627000-7f8950629000 r--s 00009000 08:02 4723787                    /opt/apache-maven-3.5.2/lib/maven-settings-builder-3.5.2.jar
7f8950629000-7f895062c000 r--s 00011000 08:02 4723790                    /opt/apache-maven-3.5.2/lib/plexus-interpolation-1.24.jar
7f895062c000-7f8950634000 r--s 0006e000 08:02 4723789                    /opt/apache-maven-3.5.2/lib/commons-lang3-3.5.jar
7f8950634000-7f895063d000 r--s 0005f000 08:02 4723813                    /opt/apache-maven-3.5.2/lib/guice-4.0-no_aop.jar
7f895063d000-7f895063f000 r--s 0000c000 08:02 4723818                    /opt/apache-maven-3.5.2/lib/wagon-provider-api-2.12.jar
7f895063f000-7f8950642000 r--s 0003c000 08:02 4723825                    /opt/apache-maven-3.5.2/lib/jansi-1.16.jar
7f8950642000-7f8950644000 r--s 00000000 08:02 4723814                    /opt/apache-maven-3.5.2/lib/aopalliance-1.0.jar
7f8950644000-7f8950670000 r--s 001e6000 08:02 4723819                    /opt/apache-maven-3.5.2/lib/wagon-http-2.12-shaded.jar
7f8950670000-7f895069f000 r--s 00226000 08:02 4723805                    /opt/apache-maven-3.5.2/lib/guava-20.0.jar
7f895069f000-7f89506ac000 r--s 0008d000 08:02 4723794                    /opt/apache-maven-3.5.2/lib/maven-core-3.5.2.jar
7f89506ac000-7f89506ad000 ---p 00000000 00:00 0 
7f89506ad000-7f89507ad000 rw-p 00000000 00:00 0                          [stack:29391]
7f89507ad000-7f89507b0000 ---p 00000000 00:00 0 
7f89507b0000-7f89508ae000 rw-p 00000000 00:00 0                          [stack:29390]
7f89508ae000-7f89508b1000 ---p 00000000 00:00 0 
7f89508b1000-7f89509af000 rw-p 00000000 00:00 0                          [stack:29389]
7f89509af000-7f89509b2000 ---p 00000000 00:00 0 
7f89509b2000-7f8950ab0000 rw-p 00000000 00:00 0                          [stack:29388]
7f8950ab0000-7f8950ab3000 ---p 00000000 00:00 0 
7f8950ab3000-7f8950bb1000 rw-p 00000000 00:00 0                          [stack:29387]
7f8950bb1000-7f8950bb4000 ---p 00000000 00:00 0 
7f8950bb4000-7f8950cb2000 rw-p 00000000 00:00 0                          [stack:29386]
7f8950cb2000-7f8950e3b000 r--p 00000000 08:02 7342606                    /usr/lib/locale/locale-archive
7f8950e3b000-7f8950e3e000 ---p 00000000 00:00 0 
7f8950e3e000-7f8950f3c000 rw-p 00000000 00:00 0                          [stack:29385]
7f8950f3c000-7f8950f3f000 ---p 00000000 00:00 0 
7f8950f3f000-7f895103d000 rw-p 00000000 00:00 0                          [stack:29384]
7f895103d000-7f895103e000 ---p 00000000 00:00 0 
7f895103e000-7f89520de000 rw-p 00000000 00:00 0                          [stack:29383]
7f89520de000-7f89522b7000 r--s 03d29000 08:02 4719933                    /opt/java/jdk1.8.0_101/jre/lib/rt.jar
7f89522b7000-7f8952ff1000 rw-p 00000000 00:00 0 
7f8952ff1000-7f8952ff2000 ---p 00000000 00:00 0 
7f8952ff2000-7f89530f2000 rw-p 00000000 00:00 0                          [stack:29382]
7f89530f2000-7f89530f3000 ---p 00000000 00:00 0 
7f89530f3000-7f89531f3000 rw-p 00000000 00:00 0                          [stack:29381]
7f89531f3000-7f89531f4000 ---p 00000000 00:00 0 
7f89531f4000-7f8953324000 rw-p 00000000 00:00 0                          [stack:29380]
7f8953324000-7f8953670000 ---p 00000000 00:00 0 
7f8953670000-7f89536a0000 rw-p 00000000 00:00 0 
7f89536a0000-7f89539ec000 ---p 00000000 00:00 0 
7f89539ec000-7f8953a4f000 rw-p 00000000 00:00 0 
7f8953a4f000-7f8953baa000 ---p 00000000 00:00 0 
7f8953baa000-7f8953bfa000 rw-p 00000000 00:00 0 
7f8953bfa000-7f8953f6b000 ---p 00000000 00:00 0 
7f8953f6b000-7f895532b000 rwxp 00000000 00:00 0 
7f895532b000-7f8962f6b000 ---p 00000000 00:00 0 
7f8962f6b000-7f8962f85000 r-xp 00000000 08:02 4720120                    /opt/java/jdk1.8.0_101/jre/lib/amd64/libzip.so
7f8962f85000-7f8963185000 ---p 0001a000 08:02 4720120                    /opt/java/jdk1.8.0_101/jre/lib/amd64/libzip.so
7f8963185000-7f8963186000 rw-p 0001a000 08:02 4720120                    /opt/java/jdk1.8.0_101/jre/lib/amd64/libzip.so
7f8963186000-7f8963191000 r-xp 00000000 08:02 1703958                    /lib/x86_64-linux-gnu/libnss_files-2.19.so
7f8963191000-7f8963390000 ---p 0000b000 08:02 1703958                    /lib/x86_64-linux-gnu/libnss_files-2.19.so
7f8963390000-7f8963391000 r--p 0000a000 08:02 1703958                    /lib/x86_64-linux-gnu/libnss_files-2.19.so
7f8963391000-7f8963392000 rw-p 0000b000 08:02 1703958                    /lib/x86_64-linux-gnu/libnss_files-2.19.so
7f8963392000-7f896339c000 r-xp 00000000 08:02 1703962                    /lib/x86_64-linux-gnu/libnss_nis-2.19.so
7f896339c000-7f896359b000 ---p 0000a000 08:02 1703962                    /lib/x86_64-linux-gnu/libnss_nis-2.19.so
7f896359b000-7f896359c000 r--p 00009000 08:02 1703962                    /lib/x86_64-linux-gnu/libnss_nis-2.19.so
7f896359c000-7f896359d000 rw-p 0000a000 08:02 1703962                    /lib/x86_64-linux-gnu/libnss_nis-2.19.so
7f896359d000-7f89635b2000 r-xp 00000000 08:02 1703953                    /lib/x86_64-linux-gnu/libnsl-2.19.so
7f89635b2000-7f89637b1000 ---p 00015000 08:02 1703953                    /lib/x86_64-linux-gnu/libnsl-2.19.so
7f89637b1000-7f89637b2000 r--p 00014000 08:02 1703953                    /lib/x86_64-linux-gnu/libnsl-2.19.so
7f89637b2000-7f89637b3000 rw-p 00015000 08:02 1703953                    /lib/x86_64-linux-gnu/libnsl-2.19.so
7f89637b3000-7f89637b5000 rw-p 00000000 00:00 0 
7f89637b5000-7f89637bc000 r-xp 00000000 08:02 1703955                    /lib/x86_64-linux-gnu/libnss_compat-2.19.so
7f89637bc000-7f89639bb000 ---p 00007000 08:02 1703955                    /lib/x86_64-linux-gnu/libnss_compat-2.19.so
7f89639bb000-7f89639bc000 r--p 00006000 08:02 1703955                    /lib/x86_64-linux-gnu/libnss_compat-2.19.so
7f89639bc000-7f89639bd000 rw-p 00007000 08:02 1703955                    /lib/x86_64-linux-gnu/libnss_compat-2.19.so
7f89639bd000-7f89639e7000 r-xp 00000000 08:02 4720104                    /opt/java/jdk1.8.0_101/jre/lib/amd64/libjava.so
7f89639e7000-7f8963be7000 ---p 0002a000 08:02 4720104                    /opt/java/jdk1.8.0_101/jre/lib/amd64/libjava.so
7f8963be7000-7f8963be9000 rw-p 0002a000 08:02 4720104                    /opt/java/jdk1.8.0_101/jre/lib/amd64/libjava.so
7f8963be9000-7f8963bf6000 r-xp 00000000 08:02 4720118                    /opt/java/jdk1.8.0_101/jre/lib/amd64/libverify.so
7f8963bf6000-7f8963df6000 ---p 0000d000 08:02 4720118                    /opt/java/jdk1.8.0_101/jre/lib/amd64/libverify.so
7f8963df6000-7f8963df8000 rw-p 0000d000 08:02 4720118                    /opt/java/jdk1.8.0_101/jre/lib/amd64/libverify.so
7f8963df8000-7f8963dff000 r-xp 00000000 08:02 1703966                    /lib/x86_64-linux-gnu/librt-2.19.so
7f8963dff000-7f8963ffe000 ---p 00007000 08:02 1703966                    /lib/x86_64-linux-gnu/librt-2.19.so
7f8963ffe000-7f8963fff000 r--p 00006000 08:02 1703966                    /lib/x86_64-linux-gnu/librt-2.19.so
7f8963fff000-7f8964000000 rw-p 00007000 08:02 1703966                    /lib/x86_64-linux-gnu/librt-2.19.so
7f8964000000-7f896526b000 rw-p 00000000 00:00 0 
7f896526b000-7f8968000000 ---p 00000000 00:00 0 
7f8968000000-7f8968002000 r--s 00000000 08:02 4723791                    /opt/apache-maven-3.5.2/lib/plexus-component-annotations-1.7.1.jar
7f8968002000-7f8968003000 r--s 00006000 08:02 4723796                    /opt/apache-maven-3.5.2/lib/maven-repository-metadata-3.5.2.jar
7f8968003000-7f8968005000 r--s 0000c000 08:02 4723797                    /opt/apache-maven-3.5.2/lib/maven-artifact-3.5.2.jar
7f8968005000-7f8968007000 r--s 00003000 08:02 4723820                    /opt/apache-maven-3.5.2/lib/jcl-over-slf4j-1.7.25.jar
7f8968007000-7f896800b000 r--s 0002f000 08:02 4723812                    /opt/apache-maven-3.5.2/lib/commons-io-2.5.jar
7f896800b000-7f89680c3000 rw-p 00000000 00:00 0 
7f89680c3000-7f89680c4000 ---p 00000000 00:00 0 
7f89680c4000-7f89681c4000 rw-p 00000000 00:00 0                          [stack:29379]
7f89681c4000-7f89682c4000 r-xp 00000000 08:02 1703949                    /lib/x86_64-linux-gnu/libm-2.19.so
7f89682c4000-7f89684c3000 ---p 00100000 08:02 1703949                    /lib/x86_64-linux-gnu/libm-2.19.so
7f89684c3000-7f89684c4000 r--p 000ff000 08:02 1703949                    /lib/x86_64-linux-gnu/libm-2.19.so
7f89684c4000-7f89684c5000 rw-p 00100000 08:02 1703949                    /lib/x86_64-linux-gnu/libm-2.19.so
7f89684c5000-7f8969190000 r-xp 00000000 08:02 4720154                    /opt/java/jdk1.8.0_101/jre/lib/amd64/server/libjvm.so
7f8969190000-7f896938f000 ---p 00ccb000 08:02 4720154                    /opt/java/jdk1.8.0_101/jre/lib/amd64/server/libjvm.so
7f896938f000-7f8969468000 rw-p 00cca000 08:02 4720154                    /opt/java/jdk1.8.0_101/jre/lib/amd64/server/libjvm.so
7f8969468000-7f89694b3000 rw-p 00000000 00:00 0 
7f89694b3000-7f8969654000 r-xp 00000000 08:02 1703945                    /lib/x86_64-linux-gnu/libc-2.19.so
7f8969654000-7f8969854000 ---p 001a1000 08:02 1703945                    /lib/x86_64-linux-gnu/libc-2.19.so
7f8969854000-7f8969858000 r--p 001a1000 08:02 1703945                    /lib/x86_64-linux-gnu/libc-2.19.so
7f8969858000-7f896985a000 rw-p 001a5000 08:02 1703945                    /lib/x86_64-linux-gnu/libc-2.19.so
7f896985a000-7f896985e000 rw-p 00000000 00:00 0 
7f896985e000-7f8969861000 r-xp 00000000 08:02 1703948                    /lib/x86_64-linux-gnu/libdl-2.19.so
7f8969861000-7f8969a60000 ---p 00003000 08:02 1703948                    /lib/x86_64-linux-gnu/libdl-2.19.so
7f8969a60000-7f8969a61000 r--p 00002000 08:02 1703948                    /lib/x86_64-linux-gnu/libdl-2.19.so
7f8969a61000-7f8969a62000 rw-p 00003000 08:02 1703948                    /lib/x86_64-linux-gnu/libdl-2.19.so
7f8969a62000-7f8969a77000 r-xp 00000000 08:02 4720110                    /opt/java/jdk1.8.0_101/jre/lib/amd64/jli/libjli.so
7f8969a77000-7f8969c77000 ---p 00015000 08:02 4720110                    /opt/java/jdk1.8.0_101/jre/lib/amd64/jli/libjli.so
7f8969c77000-7f8969c78000 rw-p 00015000 08:02 4720110                    /opt/java/jdk1.8.0_101/jre/lib/amd64/jli/libjli.so
7f8969c78000-7f8969c90000 r-xp 00000000 08:02 1703941                    /lib/x86_64-linux-gnu/libpthread-2.19.so
7f8969c90000-7f8969e8f000 ---p 00018000 08:02 1703941                    /lib/x86_64-linux-gnu/libpthread-2.19.so
7f8969e8f000-7f8969e90000 r--p 00017000 08:02 1703941                    /lib/x86_64-linux-gnu/libpthread-2.19.so
7f8969e90000-7f8969e91000 rw-p 00018000 08:02 1703941                    /lib/x86_64-linux-gnu/libpthread-2.19.so
7f8969e91000-7f8969e95000 rw-p 00000000 00:00 0 
7f8969e95000-7f8969eb6000 r-xp 00000000 08:02 1703942                    /lib/x86_64-linux-gnu/ld-2.19.so
7f8969eb6000-7f8969eb8000 r--s 00009000 08:02 4723822                    /opt/apache-maven-3.5.2/lib/maven-resolver-connector-basic-1.1.0.jar
7f8969eb8000-7f8969f91000 rw-p 00000000 00:00 0 
7f8969f91000-7f8969f94000 ---p 00000000 00:00 0 
7f8969f94000-7f896a096000 rw-p 00000000 00:00 0                          [stack:29378]
7f896a096000-7f896a097000 r--s 00006000 08:02 4723792                    /opt/apache-maven-3.5.2/lib/plexus-sec-dispatcher-1.4.jar
7f896a097000-7f896a099000 r--s 0000f000 08:02 4723806                    /opt/apache-maven-3.5.2/lib/maven-resolver-provider-3.5.2.jar
7f896a099000-7f896a09a000 r--s 0000a000 08:02 4723785                    /opt/apache-maven-3.5.2/lib/maven-settings-3.5.2.jar
7f896a09a000-7f896a09b000 r--s 00001000 08:02 4723801                    /opt/apache-maven-3.5.2/lib/jsr250-api-1.0.jar
7f896a09b000-7f896a09c000 r--s 00003000 08:02 4723788                    /opt/apache-maven-3.5.2/lib/maven-builder-support-3.5.2.jar
7f896a09c000-7f896a09f000 r--s 00008000 08:02 4723800                    /opt/apache-maven-3.5.2/lib/cdi-api-1.0.jar
7f896a09f000-7f896a0a0000 r--s 00005000 08:02 4723824                    /opt/apache-maven-3.5.2/lib/maven-slf4j-provider-3.5.2.jar
7f896a0a0000-7f896a0a7000 r--s 00056000 08:02 4723803                    /opt/apache-maven-3.5.2/lib/org.eclipse.sisu.inject-0.3.3.jar
7f896a0a7000-7f896a0a9000 r--s 0000b000 08:02 4856802                    /opt/apache-maven-3.5.2/boot/plexus-classworlds-2.5.2.jar
7f896a0a9000-7f896a0b1000 rw-s 00000000 08:02 4989738                    /tmp/hsperfdata_ba/29362
7f896a0b1000-7f896a0b2000 rw-p 00000000 00:00 0 
7f896a0b2000-7f896a0b3000 ---p 00000000 00:00 0 
7f896a0b3000-7f896a0b5000 rw-p 00000000 00:00 0 
7f896a0b5000-7f896a0b6000 r--p 00020000 08:02 1703942                    /lib/x86_64-linux-gnu/ld-2.19.so
7f896a0b6000-7f896a0b7000 rw-p 00021000 08:02 1703942                    /lib/x86_64-linux-gnu/ld-2.19.so
7f896a0b7000-7f896a0b8000 rw-p 00000000 00:00 0 
7ffcb5130000-7ffcb5152000 rw-p 00000000 00:00 0                          [stack]
7ffcb51e9000-7ffcb51eb000 r-xp 00000000 00:00 0                          [vdso]
7ffcb51eb000-7ffcb51ed000 r--p 00000000 00:00 0                          [vvar]
ffffffffff600000-ffffffffff601000 r-xp 00000000 00:00 0                  [vsyscall]

VM Arguments:
jvm_args: -Dclassworlds.conf=/opt/apache-maven-3.5.2/bin/m2.conf -Dmaven.home=/opt/apache-maven-3.5.2 -Dlibrary.jansi.path=/opt/apache-maven-3.5.2/lib/jansi-native -Dmaven.multiModuleProjectDirectory=/home/ba/IdeaProjects/harvester 
java_command: org.codehaus.plexus.classworlds.launcher.Launcher clean install
java_class_path (initial): /opt/apache-maven-3.5.2/boot/plexus-classworlds-2.5.2.jar
Launcher Type: SUN_STANDARD

Environment Variables:
JAVA_HOME=/opt/java/jdk1.8.0_101/jre
PATH=/opt/apache-maven-3.5.2/bin:/home/ba/.rbenv/plugins/ruby-build/bin:/home/ba/.rbenv/shims:/home/ba/.rbenv/bin:/home/ba/.rbenv/plugins/ruby-build/bin:/home/ba/.rbenv/plugins/ruby-build/bin:/home/ba/.rbenv/shims:/home/ba/.rbenv/bin:/home/ba/.rbenv/shims:/usr/lib/nodejs/node-v8.4.0/bin:/home/ba/.rbenv/bin:/home/ba/.rvm/gems/ruby-2.4.2/bin:/home/ba/.rvm/gems/ruby-2.4.2@global/bin:/home/ba/.rvm/rubies/ruby-2.4.2/bin:/usr/lib/nodejs/node-v8.4.0/bin:/opt/apache-maven-3.5.2/bin:/home/ba/.rbenv/plugins/ruby-build/bin:/home/ba/.rbenv/shims:/home/ba/.rbenv/bin:/home/ba/.rbenv/plugins/ruby-build/bin:/home/ba/.rbenv/plugins/ruby-build/bin:/home/ba/.rbenv/shims:/home/ba/.rbenv/bin:/home/ba/.rbenv/shims:/usr/lib/nodejs/node-v8.4.0/bin:/home/ba/.rbenv/bin:/usr/local/bin:/usr/bin:/bin:/usr/local/games:/usr/games:/home/ba/.rvm/bin:/home/ba/.rvm/bin:/home/ba/.rvm/bin
USERNAME=ba
SHELL=/bin/bash
DISPLAY=:0

Signal Handlers:
SIGSEGV: [libjvm.so+0xac4790], sa_mask[0]=11111111011111111101111111111110, sa_flags=SA_RESTART|SA_SIGINFO
SIGBUS: [libjvm.so+0xac4790], sa_mask[0]=11111111011111111101111111111110, sa_flags=SA_RESTART|SA_SIGINFO
SIGFPE: [libjvm.so+0x91f140], sa_mask[0]=11111111011111111101111111111110, sa_flags=SA_RESTART|SA_SIGINFO
SIGPIPE: [libjvm.so+0x91f140], sa_mask[0]=11111111011111111101111111111110, sa_flags=SA_RESTART|SA_SIGINFO
SIGXFSZ: [libjvm.so+0x91f140], sa_mask[0]=11111111011111111101111111111110, sa_flags=SA_RESTART|SA_SIGINFO
SIGILL: [libjvm.so+0x91f140], sa_mask[0]=11111111011111111101111111111110, sa_flags=SA_RESTART|SA_SIGINFO
SIGUSR1: SIG_DFL, sa_mask[0]=00000000000000000000000000000000, sa_flags=none
SIGUSR2: [libjvm.so+0x920770], sa_mask[0]=00100000000000000000000000000000, sa_flags=SA_RESTART|SA_SIGINFO
SIGHUP: [libjvm.so+0x921b70], sa_mask[0]=11111111011111111101111111111110, sa_flags=SA_RESTART|SA_SIGINFO
SIGINT: [libjvm.so+0x921b70], sa_mask[0]=11111111011111111101111111111110, sa_flags=SA_RESTART|SA_SIGINFO
SIGTERM: [libjvm.so+0x921b70], sa_mask[0]=11111111011111111101111111111110, sa_flags=SA_RESTART|SA_SIGINFO
SIGQUIT: [libjvm.so+0x921b70], sa_mask[0]=11111111011111111101111111111110, sa_flags=SA_RESTART|SA_SIGINFO


---------------  S Y S T E M  ---------------

OS:PRETTY_NAME="Debian GNU/Linux 8 (jessie)"
NAME="Debian GNU/Linux"
VERSION_ID="8"
VERSION="8 (jessie)"
ID=debian
HOME_URL="http://www.debian.org/"
SUPPORT_URL="http://www.debian.org/support"
BUG_REPORT_URL="https://bugs.debian.org/"

uname:Linux 3.16.0-4-amd64 #1 SMP Debian 3.16.43-2+deb8u2 (2017-06-26) x86_64
libc:glibc 2.19 NPTL 2.19 
rlimit: STACK 8192k, CORE 0k, NPROC 39705, NOFILE 65536, AS infinity
load average:2.83 1.70 1.50

/proc/meminfo:
MemTotal:       10956000 kB
MemFree:          137292 kB
MemAvailable:      86784 kB
Buffers:            1324 kB
Cached:           174460 kB
SwapCached:          160 kB
Active:          2479820 kB
Inactive:         926884 kB
Active(anon):    2455884 kB
Inactive(anon):   909204 kB
Active(file):      23936 kB
Inactive(file):    17680 kB
Unevictable:           0 kB
Mlocked:               0 kB
SwapTotal:          8188 kB
SwapFree:              0 kB
Dirty:                36 kB
Writeback:             0 kB
AnonPages:       3231392 kB
Mapped:            36936 kB
Shmem:            133536 kB
Slab:              56108 kB
SReclaimable:      26312 kB
SUnreclaim:        29796 kB
KernelStack:       10784 kB
PageTables:        33392 kB
NFS_Unstable:          0 kB
Bounce:                0 kB
WritebackTmp:          0 kB
CommitLimit:     5486188 kB
Committed_AS:    7151776 kB
VmallocTotal:   34359738367 kB
VmallocUsed:       62904 kB
VmallocChunk:   34359672316 kB
HardwareCorrupted:     0 kB
AnonHugePages:         0 kB
HugePages_Total:       0
HugePages_Free:        0
HugePages_Rsvd:        0
HugePages_Surp:        0
Hugepagesize:       2048 kB
DirectMap4k:       85952 kB
DirectMap2M:    13338624 kB


CPU:total 4 (4 cores per cpu, 1 threads per core) family 6 model 94 stepping 3, cmov, cx8, fxsr, mmx, sse, sse2, sse3, ssse3, sse4.1, sse4.2, popcnt, avx, avx2, aes, clmul, erms, rtm, 3dnowpref, lzcnt, tsc, bmi1, bmi2, adx

/proc/cpuinfo:
processor	: 0
vendor_id	: GenuineIntel
cpu family	: 6
model		: 94
model name	: Intel(R) Core(TM) i5-6600 CPU @ 3.30GHz
stepping	: 3
microcode	: 0xffffffff
cpu MHz		: 3311.928
cache size	: 6144 KB
physical id	: 0
siblings	: 4
core id		: 0
cpu cores	: 4
apicid		: 0
initial apicid	: 0
fpu		: yes
fpu_exception	: yes
cpuid level	: 21
wp		: yes
flags		: fpu vme de pse tsc msr pae mce cx8 apic sep mtrr pge mca cmov pat pse36 clflush mmx fxsr sse sse2 ss ht syscall nx lm constant_tsc rep_good nopl eagerfpu pni pclmulqdq ssse3 fma cx16 sse4_1 sse4_2 movbe popcnt aes xsave avx f16c rdrand hypervisor lahf_lm abm 3dnowprefetch xsaveopt fsgsbase bmi1 hle avx2 smep bmi2 erms rtm rdseed adx smap
bogomips	: 6623.85
clflush size	: 64
cache_alignment	: 64
address sizes	: 39 bits physical, 48 bits virtual
power management:

processor	: 1
vendor_id	: GenuineIntel
cpu family	: 6
model		: 94
model name	: Intel(R) Core(TM) i5-6600 CPU @ 3.30GHz
stepping	: 3
microcode	: 0xffffffff
cpu MHz		: 3311.928
cache size	: 6144 KB
physical id	: 0
siblings	: 4
core id		: 1
cpu cores	: 4
apicid		: 1
initial apicid	: 1
fpu		: yes
fpu_exception	: yes
cpuid level	: 21
wp		: yes
flags		: fpu vme de pse tsc msr pae mce cx8 apic sep mtrr pge mca cmov pat pse36 clflush mmx fxsr sse sse2 ss ht syscall nx lm constant_tsc rep_good nopl eagerfpu pni pclmulqdq ssse3 fma cx16 sse4_1 sse4_2 movbe popcnt aes xsave avx f16c rdrand hypervisor lahf_lm abm 3dnowprefetch xsaveopt fsgsbase bmi1 hle avx2 smep bmi2 erms rtm rdseed adx smap
bogomips	: 6623.85
clflush size	: 64
cache_alignment	: 64
address sizes	: 39 bits physical, 48 bits virtual
power management:

processor	: 2
vendor_id	: GenuineIntel
cpu family	: 6
model		: 94
model name	: Intel(R) Core(TM) i5-6600 CPU @ 3.30GHz
stepping	: 3
microcode	: 0xffffffff
cpu MHz		: 3311.928
cache size	: 6144 KB
physical id	: 0
siblings	: 4
core id		: 2
cpu cores	: 4
apicid		: 2
initial apicid	: 2
fpu		: yes
fpu_exception	: yes
cpuid level	: 21
wp		: yes
flags		: fpu vme de pse tsc msr pae mce cx8 apic sep mtrr pge mca cmov pat pse36 clflush mmx fxsr sse sse2 ss ht syscall nx lm constant_tsc rep_good nopl eagerfpu pni pclmulqdq ssse3 fma cx16 sse4_1 sse4_2 movbe popcnt aes xsave avx f16c rdrand hypervisor lahf_lm abm 3dnowprefetch xsaveopt fsgsbase bmi1 hle avx2 smep bmi2 erms rtm rdseed adx smap
bogomips	: 6623.85
clflush size	: 64
cache_alignment	: 64
address sizes	: 39 bits physical, 48 bits virtual
power management:

processor	: 3
vendor_id	: GenuineIntel
cpu family	: 6
model		: 94
model name	: Intel(R) Core(TM) i5-6600 CPU @ 3.30GHz
stepping	: 3
microcode	: 0xffffffff
cpu MHz		: 3311.928
cache size	: 6144 KB
physical id	: 0
siblings	: 4
core id		: 3
cpu cores	: 4
apicid		: 3
initial apicid	: 3
fpu		: yes
fpu_exception	: yes
cpuid level	: 21
wp		: yes
flags		: fpu vme de pse tsc msr pae mce cx8 apic sep mtrr pge mca cmov pat pse36 clflush mmx fxsr sse sse2 ss ht syscall nx lm constant_tsc rep_good nopl eagerfpu pni pclmulqdq ssse3 fma cx16 sse4_1 sse4_2 movbe popcnt aes xsave avx f16c rdrand hypervisor lahf_lm abm 3dnowprefetch xsaveopt fsgsbase bmi1 hle avx2 smep bmi2 erms rtm rdseed adx smap
bogomips	: 6623.85
clflush size	: 64
cache_alignment	: 64
address sizes	: 39 bits physical, 48 bits virtual
power management:



Memory: 4k page, physical 10956000k(137044k free), swap 8188k(0k free)

vm_info: Java HotSpot(TM) 64-Bit Server VM (25.101-b13) for linux-amd64 JRE (1.8.0_101-b13), built on Jun 22 2016 02:59:44 by "java_re" with gcc 4.3.0 20080428 (Red Hat 4.3.0-8)

time: Sat Jul  7 12:02:44 2018
elapsed time: 23 seconds (0d 0h 0m 23s)

