#
# There is insufficient memory for the Java Runtime Environment to continue.
# Native memory allocation (mmap) failed to map 94371840 bytes for committing reserved memory.
# Possible reasons:
#   The system is out of physical RAM or swap space
#   In 32 bit mode, the process size limit was hit
# Possible solutions:
#   Reduce memory load on the system
#   Increase physical memory or swap space
#   Check if swap backing store is full
#   Use 64 bit Java on a 64 bit OS
#   Decrease Java heap size (-Xmx/-Xms)
#   Decrease number of Java threads
#   Decrease Java thread stack sizes (-Xss)
#   Set larger code cache with -XX:ReservedCodeCacheSize=
# This output file may be truncated or incomplete.
#
#  Out of Memory Error (os_linux.cpp:2627), pid=29312, tid=0x00007f7f65efc700
#
# JRE version: Java(TM) SE Runtime Environment (8.0_101-b13) (build 1.8.0_101-b13)
# Java VM: Java HotSpot(TM) 64-Bit Server VM (25.101-b13 mixed mode linux-amd64 compressed oops)
# Failed to write core dump. Core dumps have been disabled. To enable core dumping, try "ulimit -c unlimited" before starting Java again
#

---------------  T H R E A D  ---------------

Current thread (0x00007f7f7c077800):  VMThread [stack: 0x00007f7f65dfc000,0x00007f7f65efd000] [id=29333]

Stack: [0x00007f7f65dfc000,0x00007f7f65efd000],  sp=0x00007f7f65efb120,  free space=1020k
Native frames: (J=compiled Java code, j=interpreted, Vv=VM code, C=native code)
V  [libjvm.so+0xac3f0a]  VMError::report_and_die()+0x2ba
V  [libjvm.so+0x4fbf9b]  report_vm_out_of_memory(char const*, int, unsigned long, VMErrorType, char const*)+0x8b
V  [libjvm.so+0x9222d3]  os::Linux::commit_memory_impl(char*, unsigned long, bool)+0x103
V  [libjvm.so+0x922829]  os::pd_commit_memory(char*, unsigned long, unsigned long, bool)+0x29
V  [libjvm.so+0x91cb2a]  os::commit_memory(char*, unsigned long, unsigned long, bool)+0x2a
V  [libjvm.so+0x991053]  PSVirtualSpace::expand_by(unsigned long)+0x53
V  [libjvm.so+0x992458]  PSYoungGen::resize_generation(unsigned long, unsigned long)+0xf8
V  [libjvm.so+0x9915b2]  PSYoungGen::resize(unsigned long, unsigned long)+0x22
V  [libjvm.so+0x98e88b]  PSScavenge::invoke_no_policy()+0xf3b
V  [libjvm.so+0x98f011]  PSScavenge::invoke()+0x41
V  [libjvm.so+0x945fc0]  ParallelScavengeHeap::failed_mem_allocate(unsigned long)+0x70
V  [libjvm.so+0xac5927]  VM_ParallelGCFailedAllocation::doit()+0x97
V  [libjvm.so+0xacd405]  VM_Operation::evaluate()+0x55
V  [libjvm.so+0xacb7da]  VMThread::evaluate_operation(VM_Operation*)+0xba
V  [libjvm.so+0xacbb5e]  VMThread::loop()+0x1ce
V  [libjvm.so+0xacbfd0]  VMThread::run()+0x70
V  [libjvm.so+0x924698]  java_start(Thread*)+0x108

VM_Operation (0x00007f7f841ed010): ParallelGCFailedAllocation, mode: safepoint, requested by thread 0x00007f7f7c00a000


---------------  P R O C E S S  ---------------

Java Threads: ( => current thread )
  0x00007f7f7c0d2800 JavaThread "Service Thread" daemon [_thread_blocked, id=29340, stack(0x00007f7f6556c000,0x00007f7f6566d000)]
  0x00007f7f7c0bd800 JavaThread "C1 CompilerThread2" daemon [_thread_blocked, id=29339, stack(0x00007f7f6566d000,0x00007f7f6576e000)]
  0x00007f7f7c0bb800 JavaThread "C2 CompilerThread1" daemon [_thread_blocked, id=29338, stack(0x00007f7f6576e000,0x00007f7f6586f000)]
  0x00007f7f7c0b8800 JavaThread "C2 CompilerThread0" daemon [_thread_blocked, id=29337, stack(0x00007f7f6586f000,0x00007f7f65970000)]
  0x00007f7f7c0b7000 JavaThread "Signal Dispatcher" daemon [_thread_blocked, id=29336, stack(0x00007f7f65970000,0x00007f7f65a71000)]
  0x00007f7f7c084000 JavaThread "Finalizer" daemon [_thread_blocked, id=29335, stack(0x00007f7f65bfa000,0x00007f7f65cfb000)]
  0x00007f7f7c07f800 JavaThread "Reference Handler" daemon [_thread_blocked, id=29334, stack(0x00007f7f65cfb000,0x00007f7f65dfc000)]
  0x00007f7f7c00a000 JavaThread "main" [_thread_blocked, id=29328, stack(0x00007f7f840f1000,0x00007f7f841f2000)]

Other Threads:
=>0x00007f7f7c077800 VMThread [stack: 0x00007f7f65dfc000,0x00007f7f65efd000] [id=29333]
  0x00007f7f7c0d5000 WatcherThread [stack: 0x00007f7f6546b000,0x00007f7f6556c000] [id=29341]

VM state:at safepoint (normal execution)

VM Mutex/Monitor currently owned by a thread:  ([mutex/lock_event])
[0x00007f7f7c006290] Threads_lock - owner thread: 0x00007f7f7c077800
[0x00007f7f7c006790] Heap_lock - owner thread: 0x00007f7f7c00a000

Heap:
 PSYoungGen      total 179200K, used 18411K [0x0000000788400000, 0x0000000795380000, 0x00000007c0000000)
  eden space 160768K, 0% used [0x0000000788400000,0x0000000788400000,0x0000000792100000)
  from space 18432K, 99% used [0x0000000794180000,0x000000079537ae18,0x0000000795380000)
  to   space 16384K, 0% used [0x0000000792100000,0x0000000792100000,0x0000000793100000)
 ParOldGen       total 93696K, used 58908K [0x0000000718c00000, 0x000000071e780000, 0x0000000788400000)
  object space 93696K, 62% used [0x0000000718c00000,0x000000071c587158,0x000000071e780000)
 Metaspace       used 28271K, capacity 29002K, committed 29312K, reserved 1075200K
  class space    used 3256K, capacity 3423K, committed 3456K, reserved 1048576K

Card table byte_map: [0x00007f7f80994000,0x00007f7f80ecf000] byte_map_base: 0x00007f7f7d0ce000

Marking Bits: (ParMarkBitMap*) 0x00007f7f835e6120
 Begin Bits: [0x00007f7f67c60000, 0x00007f7f6a630000)
 End Bits:   [0x00007f7f6a630000, 0x00007f7f6d000000)

Polling page: 0x00007f7f84212000

CodeCache: size=245760Kb used=20090Kb max_used=20104Kb free=225669Kb
 bounds [0x00007f7f6d000000, 0x00007f7f6e3c0000, 0x00007f7f7c000000]
 total_blobs=5500 nmethods=5077 adapters=336
 compilation: enabled

Compilation events (10 events):
Event: 18.547 Thread 0x00007f7f7c0bd800 5633       3       java.util.zip.Inflater::setInput (9 bytes)
Event: 18.548 Thread 0x00007f7f7c0bd800 nmethod 5633 0x00007f7f6e3a5010 code [0x00007f7f6e3a5180, 0x00007f7f6e3a5328]
Event: 18.548 Thread 0x00007f7f7c0bd800 5635       3       com.sun.tools.javac.code.Types::isSubtype (186 bytes)
Event: 18.548 Thread 0x00007f7f7c0bd800 nmethod 5635 0x00007f7f6e3a5410 code [0x00007f7f6e3a5780, 0x00007f7f6e3a7658]
Event: 18.552 Thread 0x00007f7f7c0bd800 5647       2       com.sun.tools.javac.comp.Enter::classEnv (61 bytes)
Event: 18.552 Thread 0x00007f7f7c0bd800 nmethod 5647 0x00007f7f6e3a8190 code [0x00007f7f6e3a8340, 0x00007f7f6e3a87d8]
Event: 18.552 Thread 0x00007f7f7c0bd800 5646       2       com.sun.tools.javac.code.Scope::enterIfAbsent (68 bytes)
Event: 18.552 Thread 0x00007f7f7c0bd800 nmethod 5646 0x00007f7f6e3a8b50 code [0x00007f7f6e3a8d00, 0x00007f7f6e3a9118]
Event: 18.561 Thread 0x00007f7f7c0bb800 nmethod 5588 0x00007f7f6e3af050 code [0x00007f7f6e3af400, 0x00007f7f6e3b2308]
Event: 18.561 Thread 0x00007f7f7c0bb800 5612       4       com.sun.tools.javac.util.SharedNameTable::fromChars (187 bytes)

GC Heap History (10 events):
Event: 4.640 GC heap after
Heap after GC invocations=4 (full 0):
 PSYoungGen      total 93184K, used 7136K [0x0000000788400000, 0x000000078e600000, 0x00000007c0000000)
  eden space 86016K, 0% used [0x0000000788400000,0x0000000788400000,0x000000078d800000)
  from space 7168K, 99% used [0x000000078df00000,0x000000078e5f8020,0x000000078e600000)
  to   space 7168K, 0% used [0x000000078d800000,0x000000078d800000,0x000000078df00000)
 ParOldGen       total 114688K, used 9047K [0x0000000718c00000, 0x000000071fc00000, 0x0000000788400000)
  object space 114688K, 7% used [0x0000000718c00000,0x00000007194d5cd0,0x000000071fc00000)
 Metaspace       used 15404K, capacity 15628K, committed 15872K, reserved 1062912K
  class space    used 1846K, capacity 1946K, committed 2048K, reserved 1048576K
}
Event: 6.470 GC heap before
{Heap before GC invocations=5 (full 0):
 PSYoungGen      total 93184K, used 58359K [0x0000000788400000, 0x000000078e600000, 0x00000007c0000000)
  eden space 86016K, 59% used [0x0000000788400000,0x000000078b605fc0,0x000000078d800000)
  from space 7168K, 99% used [0x000000078df00000,0x000000078e5f8020,0x000000078e600000)
  to   space 7168K, 0% used [0x000000078d800000,0x000000078d800000,0x000000078df00000)
 ParOldGen       total 114688K, used 9047K [0x0000000718c00000, 0x000000071fc00000, 0x0000000788400000)
  object space 114688K, 7% used [0x0000000718c00000,0x00000007194d5cd0,0x000000071fc00000)
 Metaspace       used 20707K, capacity 21036K, committed 21296K, reserved 1069056K
  class space    used 2461K, capacity 2610K, committed 2688K, reserved 1048576K
Event: 6.511 GC heap after
Heap after GC invocations=5 (full 0):
 PSYoungGen      total 93184K, used 7136K [0x0000000788400000, 0x0000000794b00000, 0x00000007c0000000)
  eden space 86016K, 0% used [0x0000000788400000,0x0000000788400000,0x000000078d800000)
  from space 7168K, 99% used [0x000000078d800000,0x000000078def8030,0x000000078df00000)
  to   space 15872K, 0% used [0x0000000793b80000,0x0000000793b80000,0x0000000794b00000)
 ParOldGen       total 114688K, used 16835K [0x0000000718c00000, 0x000000071fc00000, 0x0000000788400000)
  object space 114688K, 14% used [0x0000000718c00000,0x0000000719c70e58,0x000000071fc00000)
 Metaspace       used 20707K, capacity 21036K, committed 21296K, reserved 1069056K
  class space    used 2461K, capacity 2610K, committed 2688K, reserved 1048576K
}
Event: 6.511 GC heap before
{Heap before GC invocations=6 (full 1):
 PSYoungGen      total 93184K, used 7136K [0x0000000788400000, 0x0000000794b00000, 0x00000007c0000000)
  eden space 86016K, 0% used [0x0000000788400000,0x0000000788400000,0x000000078d800000)
  from space 7168K, 99% used [0x000000078d800000,0x000000078def8030,0x000000078df00000)
  to   space 15872K, 0% used [0x0000000793b80000,0x0000000793b80000,0x0000000794b00000)
 ParOldGen       total 114688K, used 16835K [0x0000000718c00000, 0x000000071fc00000, 0x0000000788400000)
  object space 114688K, 14% used [0x0000000718c00000,0x0000000719c70e58,0x000000071fc00000)
 Metaspace       used 20707K, capacity 21036K, committed 21296K, reserved 1069056K
  class space    used 2461K, capacity 2610K, committed 2688K, reserved 1048576K
Event: 6.626 GC heap after
Heap after GC invocations=6 (full 1):
 PSYoungGen      total 93184K, used 0K [0x0000000788400000, 0x0000000794b00000, 0x00000007c0000000)
  eden space 86016K, 0% used [0x0000000788400000,0x0000000788400000,0x000000078d800000)
  from space 7168K, 0% used [0x000000078d800000,0x000000078d800000,0x000000078df00000)
  to   space 15872K, 0% used [0x0000000793b80000,0x0000000793b80000,0x0000000794b00000)
 ParOldGen       total 93696K, used 20806K [0x0000000718c00000, 0x000000071e780000, 0x0000000788400000)
  object space 93696K, 22% used [0x0000000718c00000,0x000000071a051ac8,0x000000071e780000)
 Metaspace       used 20707K, capacity 21036K, committed 21296K, reserved 1069056K
  class space    used 2461K, capacity 2610K, committed 2688K, reserved 1048576K
}
Event: 8.955 GC heap before
{Heap before GC invocations=7 (full 1):
 PSYoungGen      total 93184K, used 86016K [0x0000000788400000, 0x0000000794b00000, 0x00000007c0000000)
  eden space 86016K, 100% used [0x0000000788400000,0x000000078d800000,0x000000078d800000)
  from space 7168K, 0% used [0x000000078d800000,0x000000078d800000,0x000000078df00000)
  to   space 15872K, 0% used [0x0000000793b80000,0x0000000793b80000,0x0000000794b00000)
 ParOldGen       total 93696K, used 20806K [0x0000000718c00000, 0x000000071e780000, 0x0000000788400000)
  object space 93696K, 22% used [0x0000000718c00000,0x000000071a051ac8,0x000000071e780000)
 Metaspace       used 21451K, capacity 21808K, committed 22064K, reserved 1069056K
  class space    used 2494K, capacity 2648K, committed 2688K, reserved 1048576K
Event: 8.965 GC heap after
Heap after GC invocations=7 (full 1):
 PSYoungGen      total 130560K, used 5552K [0x0000000788400000, 0x0000000794100000, 0x00000007c0000000)
  eden space 124928K, 0% used [0x0000000788400000,0x0000000788400000,0x000000078fe00000)
  from space 5632K, 98% used [0x0000000793b80000,0x00000007940ec240,0x0000000794100000)
  to   space 16384K, 0% used [0x0000000792100000,0x0000000792100000,0x0000000793100000)
 ParOldGen       total 93696K, used 20814K [0x0000000718c00000, 0x000000071e780000, 0x0000000788400000)
  object space 93696K, 22% used [0x0000000718c00000,0x000000071a053ac8,0x000000071e780000)
 Metaspace       used 21451K, capacity 21808K, committed 22064K, reserved 1069056K
  class space    used 2494K, capacity 2648K, committed 2688K, reserved 1048576K
}
Event: 15.397 GC heap before
{Heap before GC invocations=8 (full 1):
 PSYoungGen      total 130560K, used 130480K [0x0000000788400000, 0x0000000794100000, 0x00000007c0000000)
  eden space 124928K, 100% used [0x0000000788400000,0x000000078fe00000,0x000000078fe00000)
  from space 5632K, 98% used [0x0000000793b80000,0x00000007940ec240,0x0000000794100000)
  to   space 16384K, 0% used [0x0000000792100000,0x0000000792100000,0x0000000793100000)
 ParOldGen       total 93696K, used 20814K [0x0000000718c00000, 0x000000071e780000, 0x0000000788400000)
  object space 93696K, 22% used [0x0000000718c00000,0x000000071a053ac8,0x000000071e780000)
 Metaspace       used 26629K, capacity 27318K, committed 27520K, reserved 1073152K
  class space    used 3168K, capacity 3355K, committed 3456K, reserved 1048576K
Event: 15.426 GC heap after
Heap after GC invocations=8 (full 1):
 PSYoungGen      total 177152K, used 16185K [0x0000000788400000, 0x0000000795380000, 0x00000007c0000000)
  eden space 160768K, 0% used [0x0000000788400000,0x0000000788400000,0x0000000792100000)
  from space 16384K, 98% used [0x0000000792100000,0x00000007930ce6d0,0x0000000793100000)
  to   space 18432K, 0% used [0x0000000794180000,0x0000000794180000,0x0000000795380000)
 ParOldGen       total 93696K, used 20822K [0x0000000718c00000, 0x000000071e780000, 0x0000000788400000)
  object space 93696K, 22% used [0x0000000718c00000,0x000000071a055ac8,0x000000071e780000)
 Metaspace       used 26629K, capacity 27318K, committed 27520K, reserved 1073152K
  class space    used 3168K, capacity 3355K, committed 3456K, reserved 1048576K
}
Event: 18.576 GC heap before
{Heap before GC invocations=9 (full 1):
 PSYoungGen      total 177152K, used 176953K [0x0000000788400000, 0x0000000795380000, 0x00000007c0000000)
  eden space 160768K, 100% used [0x0000000788400000,0x0000000792100000,0x0000000792100000)
  from space 16384K, 98% used [0x0000000792100000,0x00000007930ce6d0,0x0000000793100000)
  to   space 18432K, 0% used [0x0000000794180000,0x0000000794180000,0x0000000795380000)
 ParOldGen       total 93696K, used 20822K [0x0000000718c00000, 0x000000071e780000, 0x0000000788400000)
  object space 93696K, 22% used [0x0000000718c00000,0x000000071a055ac8,0x000000071e780000)
 Metaspace       used 28271K, capacity 29002K, committed 29312K, reserved 1075200K
  class space    used 3256K, capacity 3423K, committed 3456K, reserved 1048576K

Deoptimization events (10 events):
Event: 18.353 Thread 0x00007f7f7c00a000 Uncommon trap: reason=class_check action=maybe_recompile pc=0x00007f7f6e174af8 method=com.sun.tools.javac.file.JavacFileManager.listContainer(Ljava/io/File;Lcom/sun/tools/javac/file/RelativePath$RelativeDirectory;Ljava/util/Set;ZLcom/sun/tools/javac/util/
Event: 18.376 Thread 0x00007f7f7c00a000 Uncommon trap: reason=unstable_if action=reinterpret pc=0x00007f7f6e2ca90c method=com.sun.tools.javac.code.Types$19.visitClassType(Lcom/sun/tools/javac/code/Type$ClassType;Ljava/lang/Void;)Lcom/sun/tools/javac/util/List; @ 4
Event: 18.376 Thread 0x00007f7f7c00a000 Uncommon trap: reason=class_check action=maybe_recompile pc=0x00007f7f6e31af34 method=com.sun.tools.javac.tree.JCTree$JCMethodInvocation.accept(Lcom/sun/tools/javac/tree/JCTree$Visitor;)V @ 2
Event: 18.383 Thread 0x00007f7f7c00a000 Uncommon trap: reason=class_check action=maybe_recompile pc=0x00007f7f6e31af34 method=com.sun.tools.javac.tree.JCTree$JCMethodInvocation.accept(Lcom/sun/tools/javac/tree/JCTree$Visitor;)V @ 2
Event: 18.383 Thread 0x00007f7f7c00a000 Uncommon trap: reason=class_check action=maybe_recompile pc=0x00007f7f6e31af34 method=com.sun.tools.javac.tree.JCTree$JCMethodInvocation.accept(Lcom/sun/tools/javac/tree/JCTree$Visitor;)V @ 2
Event: 18.397 Thread 0x00007f7f7c00a000 Uncommon trap: reason=unstable_if action=reinterpret pc=0x00007f7f6e228070 method=com.sun.tools.javac.code.Type$ClassType.getTypeArguments()Lcom/sun/tools/javac/util/List; @ 15
Event: 18.397 Thread 0x00007f7f7c00a000 Uncommon trap: reason=class_check action=maybe_recompile pc=0x00007f7f6e31af34 method=com.sun.tools.javac.tree.JCTree$JCMethodInvocation.accept(Lcom/sun/tools/javac/tree/JCTree$Visitor;)V @ 2
Event: 18.529 Thread 0x00007f7f7c00a000 Uncommon trap: reason=speculate_class_check action=maybe_recompile pc=0x00007f7f6e38262c method=com.sun.tools.javac.code.Type.hasTag(Lcom/sun/tools/javac/code/TypeTag;)Z @ 2
Event: 18.529 Thread 0x00007f7f7c00a000 Uncommon trap: reason=bimorphic action=maybe_recompile pc=0x00007f7f6e28143c method=com.sun.tools.javac.comp.Attr.checkIdInternal(Lcom/sun/tools/javac/tree/JCTree;Lcom/sun/tools/javac/code/Type;Lcom/sun/tools/javac/code/Symbol;Lcom/sun/tools/javac/code/Ty
Event: 18.539 Thread 0x00007f7f7c00a000 Uncommon trap: reason=class_check action=maybe_recompile pc=0x00007f7f6e2db5c4 method=com.sun.tools.javac.util.ListBuffer.next()Ljava/lang/Object; @ 12

Internal exceptions (10 events):
Event: 17.310 Thread 0x00007f7f7c00a000 Exception <a 'java/io/FileNotFoundException'> (0x000000078aaeda30) thrown at [/HUDSON3/workspace/8-2-build-linux-amd64/jdk8u101/7261/hotspot/src/share/vm/prims/jni.cpp, line 709]
Event: 17.310 Thread 0x00007f7f7c00a000 Exception <a 'java/io/FileNotFoundException'> (0x000000078aaee770) thrown at [/HUDSON3/workspace/8-2-build-linux-amd64/jdk8u101/7261/hotspot/src/share/vm/prims/jni.cpp, line 709]
Event: 17.310 Thread 0x00007f7f7c00a000 Exception <a 'java/io/FileNotFoundException'> (0x000000078aaef498) thrown at [/HUDSON3/workspace/8-2-build-linux-amd64/jdk8u101/7261/hotspot/src/share/vm/prims/jni.cpp, line 709]
Event: 17.310 Thread 0x00007f7f7c00a000 Exception <a 'java/io/FileNotFoundException'> (0x000000078aaf0298) thrown at [/HUDSON3/workspace/8-2-build-linux-amd64/jdk8u101/7261/hotspot/src/share/vm/prims/jni.cpp, line 709]
Event: 17.310 Thread 0x00007f7f7c00a000 Exception <a 'java/io/FileNotFoundException'> (0x000000078aaf10a8) thrown at [/HUDSON3/workspace/8-2-build-linux-amd64/jdk8u101/7261/hotspot/src/share/vm/prims/jni.cpp, line 709]
Event: 17.310 Thread 0x00007f7f7c00a000 Exception <a 'java/io/FileNotFoundException'> (0x000000078aaf1df0) thrown at [/HUDSON3/workspace/8-2-build-linux-amd64/jdk8u101/7261/hotspot/src/share/vm/prims/jni.cpp, line 709]
Event: 17.310 Thread 0x00007f7f7c00a000 Exception <a 'java/io/FileNotFoundException'> (0x000000078aaf2bb8) thrown at [/HUDSON3/workspace/8-2-build-linux-amd64/jdk8u101/7261/hotspot/src/share/vm/prims/jni.cpp, line 709]
Event: 17.310 Thread 0x00007f7f7c00a000 Exception <a 'java/io/FileNotFoundException'> (0x000000078aaf3a20) thrown at [/HUDSON3/workspace/8-2-build-linux-amd64/jdk8u101/7261/hotspot/src/share/vm/prims/jni.cpp, line 709]
Event: 17.310 Thread 0x00007f7f7c00a000 Exception <a 'java/io/FileNotFoundException'> (0x000000078aaf4818) thrown at [/HUDSON3/workspace/8-2-build-linux-amd64/jdk8u101/7261/hotspot/src/share/vm/prims/jni.cpp, line 709]
Event: 18.341 Thread 0x00007f7f7c00a000 Implicit null exception at 0x00007f7f6e223d13 to 0x00007f7f6e223e25

Events (10 events):
Event: 18.529 Thread 0x00007f7f7c00a000 Uncommon trap: trap_request=0xffffff76 fr.pc=0x00007f7f6e38262c
Event: 18.529 Thread 0x00007f7f7c00a000 DEOPT PACKING pc=0x00007f7f6e38262c sp=0x00007f7f841ee4e0
Event: 18.529 Thread 0x00007f7f7c00a000 DEOPT UNPACKING pc=0x00007f7f6d004f69 sp=0x00007f7f841ee528 mode 2
Event: 18.529 Thread 0x00007f7f7c00a000 Uncommon trap: trap_request=0xffffffc6 fr.pc=0x00007f7f6e28143c
Event: 18.529 Thread 0x00007f7f7c00a000 DEOPT PACKING pc=0x00007f7f6e28143c sp=0x00007f7f841ee560
Event: 18.529 Thread 0x00007f7f7c00a000 DEOPT UNPACKING pc=0x00007f7f6d004f69 sp=0x00007f7f841ee538 mode 2
Event: 18.539 Thread 0x00007f7f7c00a000 Uncommon trap: trap_request=0xffffffde fr.pc=0x00007f7f6e2db5c4
Event: 18.539 Thread 0x00007f7f7c00a000 DEOPT PACKING pc=0x00007f7f6e2db5c4 sp=0x00007f7f841eef90
Event: 18.539 Thread 0x00007f7f7c00a000 DEOPT UNPACKING pc=0x00007f7f6d004f69 sp=0x00007f7f841eef50 mode 2
Event: 18.576 Executing VM operation: ParallelGCFailedAllocation


Dynamic libraries:
00400000-00401000 r-xp 00000000 08:02 4720259                            /opt/java/jdk1.8.0_101/jre/bin/java
00600000-00601000 rw-p 00000000 08:02 4720259                            /opt/java/jdk1.8.0_101/jre/bin/java
025a3000-025c4000 rw-p 00000000 00:00 0                                  [heap]
718c00000-71e780000 rw-p 00000000 00:00 0 
71e780000-788400000 ---p 00000000 00:00 0 
788400000-795380000 rw-p 00000000 00:00 0 
79ad80000-7c0000000 ---p 00000000 00:00 0 
7c0000000-7c0360000 rw-p 00000000 00:00 0 
7c0360000-800000000 ---p 00000000 00:00 0 
7f7f20000000-7f7f2023f000 rw-p 00000000 00:00 0 
7f7f2023f000-7f7f24000000 ---p 00000000 00:00 0 
7f7f24000000-7f7f2434e000 rw-p 00000000 00:00 0 
7f7f2434e000-7f7f28000000 ---p 00000000 00:00 0 
7f7f28000000-7f7f28159000 rw-p 00000000 00:00 0 
7f7f28159000-7f7f2c000000 ---p 00000000 00:00 0 
7f7f2db2e000-7f7f2db2f000 rw-p 00000000 00:00 0 
7f7f2db2f000-7f7f2db48000 r--s 0010b000 08:02 5639031                    /home/ba/.m2/repository/org/apache/logging/log4j/log4j-core/2.6.2/log4j-core-2.6.2.jar
7f7f2db48000-7f7f2db52000 r--s 0009a000 08:02 4989295                    /home/ba/.m2/repository/org/scala-lang/modules/scala-xml_2.11/1.0.5/scala-xml_2.11-1.0.5.jar
7f7f2db52000-7f7f2db5d000 r--s 0005d000 08:02 4989291                    /home/ba/.m2/repository/org/scala-lang/modules/scala-parser-combinators_2.11/1.0.4/scala-parser-combinators_2.11-1.0.4.jar
7f7f2db5d000-7f7f2dc28000 r--s 009c9000 08:02 4989287                    /home/ba/.m2/repository/org/scalaz/scalaz-core_2.11/7.1.10/scalaz-core_2.11-7.1.10.jar
7f7f2dc28000-7f7f2dc35000 r--s 000e5000 08:02 4989281                    /home/ba/.m2/repository/org/globalnames/parboiled_2.11/2.1.2.2/parboiled_2.11-2.1.2.2.jar
7f7f2dc35000-7f7f2dc37000 r--s 00008000 08:02 4989279                    /home/ba/.m2/repository/com/fasterxml/uuid/java-uuid-generator/3.1.4/java-uuid-generator-3.1.4.jar
7f7f2dc37000-7f7f2dd27000 r--s 00c16000 08:02 4989271                    /home/ba/.m2/repository/org/scala-lang/scala-compiler/2.11.0/scala-compiler-2.11.0.jar
7f7f2dd27000-7f7f2dd39000 r--s 000ab000 08:02 4989269                    /home/ba/.m2/repository/org/scala-lang/scalap/2.11.0/scalap-2.11.0.jar
7f7f2dd39000-7f7f2dd3b000 r--s 00007000 08:02 5505047                    /home/ba/.m2/repository/com/thoughtworks/paranamer/paranamer/2.6/paranamer-2.6.jar
7f7f2dd3b000-7f7f2dd3e000 r--s 00012000 08:02 4989267                    /home/ba/.m2/repository/org/json4s/json4s-ast_2.11/3.2.11/json4s-ast_2.11-3.2.11.jar
7f7f2dd3e000-7f7f2dd48000 r--s 00086000 08:02 4989265                    /home/ba/.m2/repository/org/json4s/json4s-core_2.11/3.2.11/json4s-core_2.11-3.2.11.jar
7f7f2dd48000-7f7f2dd49000 r--s 00009000 08:02 4989261                    /home/ba/.m2/repository/org/json4s/json4s-jackson_2.11/3.2.11/json4s-jackson_2.11-3.2.11.jar
7f7f2dd49000-7f7f2dd4a000 r--s 00000000 08:02 4989257                    /home/ba/.m2/repository/org/typelevel/macro-compat_2.11/1.1.1/macro-compat_2.11-1.1.1.jar
7f7f2dd4a000-7f7f2dd90000 r--s 00317000 08:02 4989255                    /home/ba/.m2/repository/com/chuusai/shapeless_2.11/2.3.2/shapeless_2.11-2.3.2.jar
7f7f2dd90000-7f7f2dde9000 r--s 00522000 08:02 4989289                    /home/ba/.m2/repository/org/scala-lang/scala-library/2.11.8/scala-library-2.11.8.jar
7f7f2dde9000-7f7f2ddf7000 r--s 0009d000 08:02 4989251                    /home/ba/.m2/repository/org/globalnames/gnparser_2.11/0.3.3/gnparser_2.11-0.3.3.jar
7f7f2ddf7000-7f7f2ddf8000 r--s 00005000 08:02 5119811                    /home/ba/.m2/repository/com/googlecode/json-simple/json-simple/1.1.1/json-simple-1.1.1.jar
7f7f2ddf8000-7f7f2ddfa000 r--s 00003000 08:02 6166107                    /home/ba/.m2/repository/org/slf4j/jcl-over-slf4j/1.7.25/jcl-over-slf4j-1.7.25.jar
7f7f2ddfa000-7f7f2ddfb000 r--s 00006000 08:02 4989247                    /home/ba/.m2/repository/org/noggit/noggit/0.6/noggit-0.6.jar
7f7f2ddfb000-7f7f2de01000 r--s 00071000 08:02 6295811                    /home/ba/.m2/repository/org/codehaus/woodstox/woodstox-core-asl/4.4.1/woodstox-core-asl-4.4.1.jar
7f7f2de01000-7f7f2de05000 r--s 00024000 08:02 6295809                    /home/ba/.m2/repository/org/codehaus/woodstox/stax2-api/3.1.4/stax2-api-3.1.4.jar
7f7f2de05000-7f7f2de11000 r--s 000b6000 08:02 5119809                    /home/ba/.m2/repository/org/apache/zookeeper/zookeeper/3.4.6/zookeeper-3.4.6.jar
7f7f2de11000-7f7f2de13000 r--s 00009000 08:02 6297354                    /home/ba/.m2/repository/org/apache/httpcomponents/httpmime/4.5.3/httpmime-4.5.3.jar
7f7f2de13000-7f7f2de25000 r--s 000ff000 08:02 5119807                    /home/ba/.m2/repository/org/apache/solr/solr-solrj/6.5.0/solr-solrj-6.5.0.jar
7f7f2de25000-7f7f2de4c000 r--s 001f6000 08:02 6292879                    /home/ba/.m2/repository/org/apache/commons/commons-math3/3.6.1/commons-math3-3.6.1.jar
7f7f2de4c000-7f7f2de51000 r--s 00027000 08:02 6689317                    /home/ba/.m2/repository/dk/brics/automaton/automaton/1.11-8/automaton-1.11-8.jar
7f7f2de51000-7f7f2de52000 r--s 00003000 08:02 6689315                    /home/ba/.m2/repository/com/github/mifmif/generex/1.0.1/generex-1.0.1.jar
7f7f2de52000-7f7f2de57000 r--s 00041000 08:02 6689313                    /home/ba/.m2/repository/commons-lang/commons-lang/2.6/commons-lang-2.6.jar
7f7f2de57000-7f7f2de5f000 r--s 00082000 08:02 6689311                    /home/ba/.m2/repository/com/github/javafaker/javafaker/0.10/javafaker-0.10.jar
7f7f2de5f000-7f7f2de69000 r--s 0008a000 08:02 6166654                    /home/ba/.m2/repository/com/novell/ldap/jldap/2009-10-07/jldap-2009-10-07.jar
7f7f2de69000-7f7f2de6b000 r--s 0001a000 08:02 6041952                    /home/ba/.m2/repository/org/hdrhistogram/HdrHistogram/2.1.9/HdrHistogram-2.1.9.jar
7f7f2de6b000-7f7f2de74000 r--s 00093000 08:02 1977456                    /home/ba/.m2/repository/org/neo4j/procedure/apoc/3.3.0.1/apoc-3.3.0.1.jar
7f7f2de74000-7f7f2dead000 r--s 00252000 08:02 1977454                    /home/ba/.m2/repository/org/neo4j/driver/neo4j-java-driver/1.6.1/neo4j-java-driver-1.6.1.jar
7f7f2dead000-7f7f2deae000 r--s 0000b000 08:02 6041950                    /home/ba/.m2/repository/org/neo4j/neo4j-import-tool/3.2.6/neo4j-import-tool-3.2.6.jar
7f7f2deae000-7f7f2deb0000 r--s 0000a000 08:02 5905920                    /home/ba/.m2/repository/org/neo4j/neo4j-dbms/3.2.6/neo4j-dbms-3.2.6.jar
7f7f2deb0000-7f7f2deb2000 r--s 00009000 08:02 5905918                    /home/ba/.m2/repository/org/neo4j/neo4j-command-line/3.2.6/neo4j-command-line-3.2.6.jar
7f7f2deb2000-7f7f2debb000 r--s 00052000 08:02 5905916                    /home/ba/.m2/repository/org/neo4j/neo4j-consistency-check/3.2.6/neo4j-consistency-check-3.2.6.jar
7f7f2debb000-7f7f2debd000 r--s 00009000 08:02 5905914                    /home/ba/.m2/repository/org/neo4j/neo4j-jmx/3.2.6/neo4j-jmx-3.2.6.jar
7f7f2debd000-7f7f2debe000 r--s 00004000 08:02 6430148                    /home/ba/.m2/repository/net/sf/opencsv/opencsv/2.3/opencsv-2.3.jar
7f7f2debe000-7f7f2dec3000 r--s 00029000 08:02 6297352                    /home/ba/.m2/repository/org/parboiled/parboiled-core/1.1.7/parboiled-core-1.1.7.jar
7f7f2dec3000-7f7f2dec7000 r--s 00035000 08:02 6297350                    /home/ba/.m2/repository/org/parboiled/parboiled-scala_2.11/1.1.7/parboiled-scala_2.11-1.1.7.jar
7f7f2dec7000-7f7f2ded3000 r--s 0007c000 08:02 5905912                    /home/ba/.m2/repository/org/neo4j/neo4j-cypher-ir-3.2/3.2.6/neo4j-cypher-ir-3.2-3.2.6.jar
7f7f2ded3000-7f7f2df2c000 r--s 0038f000 08:02 5905910                    /home/ba/.m2/repository/org/neo4j/neo4j-cypher-frontend-3.2/3.2.6/neo4j-cypher-frontend-3.2-3.2.6.jar
7f7f2df2c000-7f7f2dfb2000 r--s 00627000 08:02 5775828                    /home/ba/.m2/repository/org/neo4j/neo4j-cypher-compiler-3.2/3.2.6/neo4j-cypher-compiler-3.2-3.2.6.jar
7f7f2dfb2000-7f7f2dfc9000 r--s 000d7000 08:02 5775826                    /home/ba/.m2/repository/com/github/ben-manes/caffeine/caffeine/2.3.5/caffeine-2.3.5.jar
7f7f2dfc9000-7f7f2e00f000 r--s 002bc000 08:02 5775824                    /home/ba/.m2/repository/org/neo4j/neo4j-cypher-frontend-3.1/3.1.6/neo4j-cypher-frontend-3.1-3.1.6.jar
7f7f2e00f000-7f7f2e0d5000 r--s 0090e000 08:02 5640339                    /home/ba/.m2/repository/org/neo4j/neo4j-cypher-compiler-3.1/3.1.6/neo4j-cypher-compiler-3.1-3.1.6.jar
7f7f2e0d5000-7f7f2e0d9000 r--s 00019000 08:02 5379588                    /home/ba/.m2/repository/com/googlecode/concurrentlinkedhashmap/concurrentlinkedhashmap-lru/1.4.2/concurrentlinkedhashmap-lru-1.4.2.jar
7f7f2e0d9000-7f7f2e123000 r--s 002fa000 08:02 5640337                    /home/ba/.m2/repository/org/neo4j/neo4j-cypher-frontend-2.3/2.3.11/neo4j-cypher-frontend-2.3-2.3.11.jar
7f7f2e123000-7f7f2e1c6000 r--s 00749000 08:02 5640335                    /home/ba/.m2/repository/org/neo4j/neo4j-cypher-compiler-2.3/2.3.11/neo4j-cypher-compiler-2.3-2.3.11.jar
7f7f2e1c6000-7f7f2e1cc000 r--s 0004f000 08:02 5510448                    /home/ba/.m2/repository/org/neo4j/neo4j-codegen/3.2.6/neo4j-codegen-3.2.6.jar
7f7f2e1cc000-7f7f2e1ce000 r--s 0000c000 08:02 5379586                    /home/ba/.m2/repository/org/neo4j/neo4j-graph-matching/3.1.3/neo4j-graph-matching-3.1.3.jar
7f7f2e1ce000-7f7f2e21a000 r--s 00411000 08:02 5250400                    /home/ba/.m2/repository/org/scala-lang/scala-reflect/2.11.8/scala-reflect-2.11.8.jar
7f7f2e21a000-7f7f2e23f000 r--s 00180000 08:02 5250189                    /home/ba/.m2/repository/org/neo4j/neo4j-cypher/3.2.6/neo4j-cypher-3.2.6.jar
7f7f2e23f000-7f7f2e240000 r--s 00009000 08:02 5250182                    /home/ba/.m2/repository/org/neo4j/neo4j-udc/3.2.6/neo4j-udc-3.2.6.jar
7f7f2e240000-7f7f2e245000 r--s 00028000 08:02 3685875                    /home/ba/.m2/repository/org/neo4j/neo4j-graph-algo/3.2.6/neo4j-graph-algo-3.2.6.jar
7f7f2e245000-7f7f2e24d000 r--s 0005f000 08:02 5250180                    /home/ba/.m2/repository/org/apache/lucene/lucene-codecs/5.5.0/lucene-codecs-5.5.0.jar
7f7f2e24d000-7f7f2e257000 r--s 00059000 08:02 5250178                    /home/ba/.m2/repository/org/apache/lucene/lucene-queryparser/5.5.0/lucene-queryparser-5.5.0.jar
7f7f2e257000-7f7f2e27e000 r--s 0021c000 08:02 5127734                    /home/ba/.m2/repository/org/apache/lucene/lucene-core/5.5.0/lucene-core-5.5.0.jar
7f7f2e27e000-7f7f2e291000 r--s 0016f000 08:02 5127731                    /home/ba/.m2/repository/org/apache/lucene/lucene-analyzers-common/5.5.0/lucene-analyzers-common-5.5.0.jar
7f7f2e291000-7f7f2e298000 r--s 00046000 08:02 2239920                    /home/ba/.m2/repository/org/neo4j/neo4j-lucene-index/3.2.6/neo4j-lucene-index-3.2.6.jar
7f7f2e298000-7f7f2e2df000 r--s 002d5000 08:02 2239918                    /home/ba/.m2/repository/org/bouncycastle/bcprov-jdk15on/1.53/bcprov-jdk15on-1.53.jar
7f7f2e2df000-7f7f2e2f0000 r--s 00093000 08:02 2239916                    /home/ba/.m2/repository/org/bouncycastle/bcpkix-jdk15on/1.53/bcpkix-jdk15on-1.53.jar
7f7f2e2f0000-7f7f2e331000 r--s 0035b000 08:02 2239914                    /home/ba/.m2/repository/io/netty/netty-all/4.1.15.Final/netty-all-4.1.15.Final.jar
7f7f2e331000-7f7f2e333000 r--s 00007000 08:02 2239912                    /home/ba/.m2/repository/org/neo4j/neo4j-ssl/3.2.6/neo4j-ssl-3.2.6.jar
7f7f2e333000-7f7f2e335000 r--s 00016000 08:02 2239910                    /home/ba/.m2/repository/org/neo4j/neo4j-index/3.2.6/neo4j-index-3.2.6.jar
7f7f2e335000-7f7f2e337000 r--s 00006000 08:02 2239908                    /home/ba/.m2/repository/org/neo4j/neo4j-configuration/3.2.6/neo4j-configuration-3.2.6.jar
7f7f2e337000-7f7f2e33f000 r--s 00062000 08:02 5127726                    /home/ba/.m2/repository/org/apache/lucene/lucene-backward-codecs/5.5.0/lucene-backward-codecs-5.5.0.jar
7f7f2e33f000-7f7f2e340000 r--s 004af000 08:02 2239906                    /home/ba/.m2/repository/org/neo4j/neo4j-lucene-upgrade/3.2.6/neo4j-lucene-upgrade-3.2.6.jar
7f7f2e340000-7f7f2e342000 r--s 00010000 08:02 2109861                    /home/ba/.m2/repository/org/neo4j/neo4j-logging/3.2.6/neo4j-logging-3.2.6.jar
7f7f2e342000-7f7f2e344000 r--s 00012000 08:02 2109859                    /home/ba/.m2/repository/org/neo4j/neo4j-csv/3.2.6/neo4j-csv-3.2.6.jar
7f7f2e344000-7f7f2e348000 r--s 00028000 08:02 2109857                    /home/ba/.m2/repository/org/neo4j/neo4j-io/3.2.6/neo4j-io-3.2.6.jar
7f7f2e348000-7f7f2e34a000 r--s 00007000 08:02 2109855                    /home/ba/.m2/repository/org/neo4j/neo4j-unsafe/3.2.6/neo4j-unsafe-3.2.6.jar
7f7f2e34a000-7f7f2e351000 r--s 00027000 08:02 2109853                    /home/ba/.m2/repository/org/neo4j/neo4j-primitive-collections/3.2.6/neo4j-primitive-collections-3.2.6.jar
7f7f2e351000-7f7f2e354000 r--s 00011000 08:02 2109852                    /home/ba/.m2/repository/org/neo4j/neo4j-collections/3.2.6/neo4j-collections-3.2.6.jar
7f7f2e354000-7f7f2e357000 r--s 00015000 08:02 2109416                    /home/ba/.m2/repository/org/neo4j/neo4j-common/3.2.6/neo4j-common-3.2.6.jar
7f7f2e357000-7f7f2e358000 r--s 00001000 08:02 2109131                    /home/ba/.m2/repository/org/neo4j/neo4j-resource/3.2.6/neo4j-resource-3.2.6.jar
7f7f2e358000-7f7f2e35f000 r--s 00028000 08:02 2107711                    /home/ba/.m2/repository/org/neo4j/neo4j-graphdb-api/3.2.6/neo4j-graphdb-api-3.2.6.jar
7f7f2e35f000-7f7f2e49f000 rw-p 00000000 00:00 0 
7f7f2e49f000-7f7f2e55f000 ---p 00000000 00:00 0 
7f7f2e55f000-7f7f2e5a6000 r--s 002fb000 08:02 2107709                    /home/ba/.m2/repository/org/neo4j/neo4j-kernel/3.2.6/neo4j-kernel-3.2.6.jar
7f7f2e5a6000-7f7f2e5a7000 r--s 00005000 08:02 1977452                    /home/ba/.m2/repository/org/neo4j/neo4j/3.2.6/neo4j-3.2.6.jar
7f7f2e5a7000-7f7f2e5a9000 r--s 0000e000 08:02 6292904                    /home/ba/.m2/repository/org/json/json/20171018/json-20171018.jar
7f7f2e5a9000-7f7f2e5ab000 r--s 00009000 08:02 6040561                    /home/ba/.m2/repository/org/slf4j/slf4j-api/1.7.21/slf4j-api-1.7.21.jar
7f7f2e5ab000-7f7f2e5c6000 r--s 00152000 08:02 6292881                    /home/ba/.m2/repository/org/freemarker/freemarker/2.3.25-incubating/freemarker-2.3.25-incubating.jar
7f7f2e5c6000-7f7f2e5f1000 r--s 001fc000 08:02 4988613                    /home/ba/.m2/repository/com/google/guava/guava/18.0/guava-18.0.jar
7f7f2e5f1000-7f7f2e5f3000 r--s 0000d000 08:02 6292900                    /home/ba/.m2/repository/commons-logging/commons-logging/1.1.1/commons-logging-1.1.1.jar
7f7f2e5f3000-7f7f2e5f4000 r--s 0000a000 08:02 6292898                    /home/ba/.m2/repository/asm/asm/3.3.1/asm-3.3.1.jar
7f7f2e5f4000-7f7f2e5fb000 r--s 00040000 08:02 6292897                    /home/ba/.m2/repository/cglib/cglib/2.2.2/cglib-2.2.2.jar
7f7f2e5fb000-7f7f2e601000 r--s 00035000 08:02 6292894                    /home/ba/.m2/repository/org/apache/commons/commons-digester3/3.2/commons-digester3-3.2.jar
7f7f2e601000-7f7f2e608000 r--s 00064000 08:02 6292892                    /home/ba/.m2/repository/org/apache/commons/commons-lang3/3.4/commons-lang3-3.4.jar
7f7f2e608000-7f7f2e619000 r--s 000b2000 08:02 5639772                    /home/ba/.m2/repository/com/vividsolutions/jts/1.13/jts-1.13.jar
7f7f2e619000-7f7f2e622000 r--s 00061000 08:02 6292730                    /home/ba/.m2/repository/org/gbif/gbif-api/0.46/gbif-api-0.46.jar
7f7f2e622000-7f7f2e627000 r--s 00077000 08:02 6292882                    /home/ba/.m2/repository/org/threeten/threetenbp/1.3.2/threetenbp-1.3.2.jar
7f7f2e627000-7f7f2e628000 r--s 00005000 08:02 6292725                    /home/ba/.m2/repository/org/gbif/name-parser/2.18/name-parser-2.18.jar
7f7f2e628000-7f7f2e631000 r--s 0008b000 08:02 6292880                    /home/ba/.m2/repository/org/apache/tika/tika-core/1.13/tika-core-1.13.jar
7f7f2e631000-7f7f2e633000 r--s 00003000 08:02 5509636                    /home/ba/.m2/repository/com/google/code/findbugs/jsr305/3.0.1/jsr305-3.0.1.jar
7f7f2e633000-7f7f2e636000 r--s 00039000 08:02 6292720                    /home/ba/.m2/repository/org/gbif/gbif-parsers/0.28/gbif-parsers-0.28.jar
7f7f2e636000-7f7f2e638000 r--s 0000e000 08:02 6292729                    /home/ba/.m2/repository/org/gbif/registry/registry-metadata/2.59/registry-metadata-2.59.jar
7f7f2e638000-7f7f2e645000 r--s 00083000 08:02 6292876                    /home/ba/.m2/repository/commons-collections/commons-collections/3.2.2/commons-collections-3.2.2.jar
7f7f2e645000-7f7f2e64a000 r--s 00038000 08:02 6292833                    /home/ba/.m2/repository/commons-beanutils/commons-beanutils/1.9.3/commons-beanutils-1.9.3.jar
7f7f2e64a000-7f7f2e64d000 r--s 00025000 08:02 5247319                    /home/ba/.m2/repository/com/googlecode/owasp-java-html-sanitizer/owasp-java-html-sanitizer/20160924.1/owasp-java-html-sanitizer-20160924.1.jar
7f7f2e64d000-7f7f2e654000 r--s 0005d000 08:02 6292872                    /home/ba/.m2/repository/org/apache/commons/commons-compress/1.10/commons-compress-1.10.jar
7f7f2e654000-7f7f2e670000 r--s 0019f000 08:02 6292722                    /home/ba/.m2/repository/org/gbif/gbif-common/0.36/gbif-common-0.36.jar
7f7f2e670000-7f7f2e67f000 r--s 000b0000 08:02 6292870                    /home/ba/.m2/repository/org/codehaus/jackson/jackson-mapper-asl/1.9.12/jackson-mapper-asl-1.9.12.jar
7f7f2e67f000-7f7f2e683000 r--s 00035000 08:02 6292868                    /home/ba/.m2/repository/org/codehaus/jackson/jackson-core-asl/1.9.12/jackson-core-asl-1.9.12.jar
7f7f2e683000-7f7f2e684000 r--s 00009000 08:02 6292724                    /home/ba/.m2/repository/org/gbif/dwc-api/1.17/dwc-api-1.17.jar
7f7f2e684000-7f7f2e693000 r--s 00079000 08:02 6292866                    /home/ba/.m2/repository/org/springframework/boot/spring-boot-actuator/1.5.7.RELEASE/spring-boot-actuator-1.5.7.RELEASE.jar
7f7f2e693000-7f7f2e694000 r--s 00000000 08:02 6292865                    /home/ba/.m2/repository/org/springframework/boot/spring-boot-starter-actuator/1.5.7.RELEASE/spring-boot-starter-actuator-1.5.7.RELEASE.jar
7f7f2e694000-7f7f2e696000 r--s 00009000 08:02 6292857                    /home/ba/.m2/repository/org/hamcrest/hamcrest-core/1.3/hamcrest-core-1.3.jar
7f7f2e696000-7f7f2e69e000 r--s 00045000 08:02 6292852                    /home/ba/.m2/repository/junit/junit/4.12/junit-4.12.jar
7f7f2e69e000-7f7f2e69f000 r--s 0000c000 08:02 6292851                    /home/ba/.m2/repository/org/ow2/asm/asm/5.0.3/asm-5.0.3.jar
7f7f2e69f000-7f7f2e6a1000 r--s 00012000 08:02 6292848                    /home/ba/.m2/repository/net/minidev/accessors-smart/1.1/accessors-smart-1.1.jar
7f7f2e6a1000-7f7f2e6a4000 r--s 0001b000 08:02 6292815                    /home/ba/.m2/repository/net/minidev/json-smart/2.2.1/json-smart-2.2.1.jar
7f7f2e6a4000-7f7f2e6a9000 r--s 0002e000 08:02 3685520                    /home/ba/.m2/repository/com/jayway/jsonpath/json-path/2.2.0/json-path-2.2.0.jar
7f7f2e6a9000-7f7f2e6ab000 r--s 00002000 08:02 6292839                    /home/ba/.m2/repository/org/atteo/evo-inflector/1.2.2/evo-inflector-1.2.2.jar
7f7f2e6ab000-7f7f2e6ac000 r--s 00004000 08:02 6292836                    /home/ba/.m2/repository/org/springframework/plugin/spring-plugin-core/1.2.0.RELEASE/spring-plugin-core-1.2.0.RELEASE.jar
7f7f2e6ac000-7f7f2e6bf000 r--s 000ad000 08:02 6292834                    /home/ba/.m2/repository/org/springframework/data/spring-data-commons/1.13.7.RELEASE/spring-data-commons-1.13.7.RELEASE.jar
7f7f2e6bf000-7f7f2e6c4000 r--s 0002d000 08:02 6292832                    /home/ba/.m2/repository/org/springframework/hateoas/spring-hateoas/0.23.0.RELEASE/spring-hateoas-0.23.0.RELEASE.jar
7f7f2e6c4000-7f7f2e6cc000 r--s 0003a000 08:02 6292830                    /home/ba/.m2/repository/org/springframework/spring-tx/4.3.11.RELEASE/spring-tx-4.3.11.RELEASE.jar
7f7f2e6cc000-7f7f2e6d1000 r--s 0001b000 08:02 6292829                    /home/ba/.m2/repository/org/springframework/data/spring-data-rest-core/2.6.7.RELEASE/spring-data-rest-core-2.6.7.RELEASE.jar
7f7f2e6d1000-7f7f2e6d8000 r--s 00046000 08:02 5902188                    /home/ba/.m2/repository/org/springframework/data/spring-data-rest-webmvc/2.6.7.RELEASE/spring-data-rest-webmvc-2.6.7.RELEASE.jar
7f7f2e6d8000-7f7f2e6db000 r--s 0000b000 08:02 6292827                    /home/ba/.m2/repository/com/fasterxml/jackson/core/jackson-annotations/2.8.0/jackson-annotations-2.8.0.jar
7f7f2e6db000-7f7f2e6dc000 r--s 00000000 08:02 6292824                    /home/ba/.m2/repository/org/springframework/boot/spring-boot-starter-data-rest/1.5.7.RELEASE/spring-boot-starter-data-rest-1.5.7.RELEASE.jar
7f7f2e6dc000-7f7f2e6e1000 r--s 00038000 08:02 6292822                    /home/ba/.m2/repository/org/apache/tomcat/embed/tomcat-embed-websocket/8.5.20/tomcat-embed-websocket-8.5.20.jar
7f7f2e6e1000-7f7f2e6e6000 r--s 00036000 08:02 6292820                    /home/ba/.m2/repository/org/apache/tomcat/embed/tomcat-embed-el/8.5.20/tomcat-embed-el-8.5.20.jar
7f7f2e6e6000-7f7f2e6e7000 r--s 00000000 08:02 6292818                    /home/ba/.m2/repository/org/springframework/boot/spring-boot-starter-tomcat/1.5.7.RELEASE/spring-boot-starter-tomcat-1.5.7.RELEASE.jar
7f7f2e6e7000-7f7f2e6f8000 r--s 000cf000 08:02 6292817                    /home/ba/.m2/repository/org/springframework/spring-webmvc/4.3.11.RELEASE/spring-webmvc-4.3.11.RELEASE.jar
7f7f2e6f8000-7f7f2e70a000 r--s 0011e000 08:02 6292816                    /home/ba/.m2/repository/com/fasterxml/jackson/core/jackson-databind/2.8.10/jackson-databind-2.8.10.jar
7f7f2e70a000-7f7f2e70d000 r--s 0000e000 08:02 6292812                    /home/ba/.m2/repository/org/jboss/logging/jboss-logging/3.3.1.Final/jboss-logging-3.3.1.Final.jar
7f7f2e70d000-7f7f2e711000 r--s 0000c000 08:02 6292811                    /home/ba/.m2/repository/javax/validation/validation-api/1.1.0.Final/validation-api-1.1.0.Final.jar
7f7f2e711000-7f7f2e722000 r--s 000a1000 08:02 6292809                    /home/ba/.m2/repository/org/hibernate/hibernate-validator/5.3.5.Final/hibernate-validator-5.3.5.Final.jar
7f7f2e722000-7f7f2e726000 r--s 0002d000 08:02 5509634                    /home/ba/.m2/repository/org/apache/logging/log4j/log4j-api/2.6.2/log4j-api-2.6.2.jar
7f7f2e726000-7f7f2e72d000 r--s 0003f000 08:02 6292804                    /home/ba/.m2/repository/commons-codec/commons-codec/1.10/commons-codec-1.10.jar
7f7f2e72d000-7f7f2e735000 r--s 00048000 08:02 6292802                    /home/ba/.m2/repository/org/apache/httpcomponents/httpcore/4.4.6/httpcore-4.4.6.jar
7f7f2e735000-7f7f2e742000 r--s 000aa000 08:02 6292793                    /home/ba/.m2/repository/org/apache/httpcomponents/httpclient/4.5.3/httpclient-4.5.3.jar
7f7f2e742000-7f7f2e747000 r--s 0003c000 08:02 6166124                    /home/ba/.m2/repository/org/springframework/spring-expression/4.3.11.RELEASE/spring-expression-4.3.11.RELEASE.jar
7f7f2e747000-7f7f2e760000 r--s 000fe000 08:02 6166121                    /home/ba/.m2/repository/org/springframework/spring-context/4.3.11.RELEASE/spring-context-4.3.11.RELEASE.jar
7f7f2e760000-7f7f2e76e000 r--s 000ad000 08:02 6166120                    /home/ba/.m2/repository/org/springframework/spring-beans/4.3.11.RELEASE/spring-beans-4.3.11.RELEASE.jar
7f7f2e76e000-7f7f2e777000 r--s 00054000 08:02 6166117                    /home/ba/.m2/repository/org/springframework/spring-aop/4.3.11.RELEASE/spring-aop-4.3.11.RELEASE.jar
7f7f2e777000-7f7f2e788000 r--s 000b7000 08:02 6292798                    /home/ba/.m2/repository/org/springframework/spring-web/4.3.8.RELEASE/spring-web-4.3.8.RELEASE.jar
7f7f2e788000-7f7f2e7b1000 r--s 002bf000 08:02 6292796                    /home/ba/.m2/repository/org/apache/tomcat/embed/tomcat-embed-core/8.5.14/tomcat-embed-core-8.5.14.jar
7f7f2e7b1000-7f7f2e7b5000 r--s 0002f000 08:02 6292794                    /home/ba/.m2/repository/commons-io/commons-io/2.5/commons-io-2.5.jar
7f7f2e7b5000-7f7f2e7c4000 r--s 00084000 08:02 6292792                    /home/ba/.m2/repository/org/springframework/spring-test/4.3.8.RELEASE/spring-test-4.3.8.RELEASE.jar
7f7f2e7c4000-7f7f2e7db000 r--s 000fc000 08:02 6166113                    /home/ba/.m2/repository/org/springframework/spring-core/4.3.11.RELEASE/spring-core-4.3.11.RELEASE.jar
7f7f2e7db000-7f7f2e7e6000 r--s 0006a000 08:02 5639770                    /home/ba/.m2/repository/ch/qos/logback/logback-core/1.1.11/logback-core-1.1.11.jar
7f7f2e7e6000-7f7f2e806000 r--s 000e6000 08:02 6166103                    /home/ba/.m2/repository/org/springframework/boot/spring-boot-autoconfigure/1.5.7.RELEASE/spring-boot-autoconfigure-1.5.7.RELEASE.jar
7f7f2e806000-7f7f2ea06000 rw-p 00000000 00:00 0 
7f7f2ea06000-7f7f2ea7f000 r--s 010e5000 08:02 4719848                    /opt/java/jdk1.8.0_101/lib/tools.jar
7f7f2ea7f000-7f7f2ec7f000 rw-p 00000000 00:00 0 
7f7f2ec7f000-7f7f2ee7f000 rw-p 00000000 00:00 0 
7f7f2ee7f000-7f7f2ee93000 r-xp 00000000 08:02 1703965                    /lib/x86_64-linux-gnu/libresolv-2.19.so
7f7f2ee93000-7f7f2f092000 ---p 00014000 08:02 1703965                    /lib/x86_64-linux-gnu/libresolv-2.19.so
7f7f2f092000-7f7f2f093000 r--p 00013000 08:02 1703965                    /lib/x86_64-linux-gnu/libresolv-2.19.so
7f7f2f093000-7f7f2f094000 rw-p 00014000 08:02 1703965                    /lib/x86_64-linux-gnu/libresolv-2.19.so
7f7f2f094000-7f7f2f096000 rw-p 00000000 00:00 0 
7f7f2f096000-7f7f2f09b000 r-xp 00000000 08:02 1703956                    /lib/x86_64-linux-gnu/libnss_dns-2.19.so
7f7f2f09b000-7f7f2f29a000 ---p 00005000 08:02 1703956                    /lib/x86_64-linux-gnu/libnss_dns-2.19.so
7f7f2f29a000-7f7f2f29b000 r--p 00004000 08:02 1703956                    /lib/x86_64-linux-gnu/libnss_dns-2.19.so
7f7f2f29b000-7f7f2f29c000 rw-p 00005000 08:02 1703956                    /lib/x86_64-linux-gnu/libnss_dns-2.19.so
7f7f2f29c000-7f7f2f29e000 r-xp 00000000 08:02 1705154                    /lib/x86_64-linux-gnu/libnss_mdns4_minimal.so.2
7f7f2f29e000-7f7f2f49d000 ---p 00002000 08:02 1705154                    /lib/x86_64-linux-gnu/libnss_mdns4_minimal.so.2
7f7f2f49d000-7f7f2f49e000 r--p 00001000 08:02 1705154                    /lib/x86_64-linux-gnu/libnss_mdns4_minimal.so.2
7f7f2f49e000-7f7f2f49f000 rw-p 00002000 08:02 1705154                    /lib/x86_64-linux-gnu/libnss_mdns4_minimal.so.2
7f7f2f49f000-7f7f2f4a2000 r-xp 00000000 08:02 1705230                    /lib/x86_64-linux-gnu/libnss_myhostname.so.2
7f7f2f4a2000-7f7f2f6a1000 ---p 00003000 08:02 1705230                    /lib/x86_64-linux-gnu/libnss_myhostname.so.2
7f7f2f6a1000-7f7f2f6a2000 rw-p 00002000 08:02 1705230                    /lib/x86_64-linux-gnu/libnss_myhostname.so.2
7f7f2f6a2000-7f7f2f8a2000 rw-p 00000000 00:00 0 
7f7f2f8a2000-7f7f2f8b8000 r-xp 00000000 08:02 1705220                    /lib/x86_64-linux-gnu/libgcc_s.so.1
7f7f2f8b8000-7f7f2fab7000 ---p 00016000 08:02 1705220                    /lib/x86_64-linux-gnu/libgcc_s.so.1
7f7f2fab7000-7f7f2fab8000 rw-p 00015000 08:02 1705220                    /lib/x86_64-linux-gnu/libgcc_s.so.1
7f7f2fab8000-7f7f2faea000 r-xp 00000000 08:02 4720102                    /opt/java/jdk1.8.0_101/jre/lib/amd64/libsunec.so
7f7f2faea000-7f7f2fce9000 ---p 00032000 08:02 4720102                    /opt/java/jdk1.8.0_101/jre/lib/amd64/libsunec.so
7f7f2fce9000-7f7f2fcef000 rw-p 00031000 08:02 4720102                    /opt/java/jdk1.8.0_101/jre/lib/amd64/libsunec.so
7f7f2fcef000-7f7f2feff000 rw-p 00000000 00:00 0 
7f7f2feff000-7f7f2ff02000 ---p 00000000 00:00 0 
7f7f2ff02000-7f7f30000000 rw-p 00000000 00:00 0 
7f7f30000000-7f7f30021000 rw-p 00000000 00:00 0 
7f7f30021000-7f7f34000000 ---p 00000000 00:00 0 
7f7f34000000-7f7f34021000 rw-p 00000000 00:00 0 
7f7f34021000-7f7f38000000 ---p 00000000 00:00 0 
7f7f38000000-7f7f3a1cd000 rw-p 00000000 00:00 0 
7f7f3a1cd000-7f7f3c000000 ---p 00000000 00:00 0 
7f7f3c000000-7f7f3cb8f000 rw-p 00000000 00:00 0 
7f7f3cb8f000-7f7f40000000 ---p 00000000 00:00 0 
7f7f40000000-7f7f40021000 rw-p 00000000 00:00 0 
7f7f40021000-7f7f44000000 ---p 00000000 00:00 0 
7f7f44000000-7f7f45f2b000 rw-p 00000000 00:00 0 
7f7f45f2b000-7f7f48000000 ---p 00000000 00:00 0 
7f7f48000000-7f7f48021000 rw-p 00000000 00:00 0 
7f7f48021000-7f7f4c000000 ---p 00000000 00:00 0 
7f7f4c000000-7f7f4c021000 rw-p 00000000 00:00 0 
7f7f4c021000-7f7f50000000 ---p 00000000 00:00 0 
7f7f50000000-7f7f50021000 rw-p 00000000 00:00 0 
7f7f50021000-7f7f54000000 ---p 00000000 00:00 0 
7f7f54000000-7f7f54390000 rw-p 00000000 00:00 0 
7f7f54390000-7f7f58000000 ---p 00000000 00:00 0 
7f7f58000000-7f7f58021000 rw-p 00000000 00:00 0 
7f7f58021000-7f7f5c000000 ---p 00000000 00:00 0 
7f7f5c000000-7f7f5c021000 rw-p 00000000 00:00 0 
7f7f5c021000-7f7f60000000 ---p 00000000 00:00 0 
7f7f60000000-7f7f60021000 rw-p 00000000 00:00 0 
7f7f60021000-7f7f64000000 ---p 00000000 00:00 0 
7f7f64000000-7f7f64002000 r--s 0000e000 08:02 4988611                    /home/ba/.m2/repository/com/fasterxml/classmate/1.3.4/classmate-1.3.4.jar
7f7f64002000-7f7f64003000 r--s 00000000 08:02 6292806                    /home/ba/.m2/repository/org/springframework/boot/spring-boot-starter-web/1.5.7.RELEASE/spring-boot-starter-web-1.5.7.RELEASE.jar
7f7f64003000-7f7f64006000 r--s 00042000 08:02 6292790                    /home/ba/.m2/repository/com/fasterxml/jackson/core/jackson-core/2.8.8/jackson-core-2.8.8.jar
7f7f64006000-7f7f64008000 r--s 00004000 08:02 6166111                    /home/ba/.m2/repository/org/slf4j/log4j-over-slf4j/1.7.25/log4j-over-slf4j-1.7.25.jar
7f7f64008000-7f7f6400a000 r--s 00000000 08:02 6166109                    /home/ba/.m2/repository/org/slf4j/jul-to-slf4j/1.7.25/jul-to-slf4j-1.7.25.jar
7f7f6400a000-7f7f64011000 r--s 00045000 08:02 5127476                    /home/ba/.m2/repository/ch/qos/logback/logback-classic/1.1.11/logback-classic-1.1.11.jar
7f7f64011000-7f7f64012000 r--s 00000000 08:02 6166105                    /home/ba/.m2/repository/org/springframework/boot/spring-boot-starter-logging/1.5.7.RELEASE/spring-boot-starter-logging-1.5.7.RELEASE.jar
7f7f64012000-7f7f64022000 r--s 00095000 08:02 6166101                    /home/ba/.m2/repository/org/springframework/boot/spring-boot/1.5.7.RELEASE/spring-boot-1.5.7.RELEASE.jar
7f7f64022000-7f7f64023000 r--s 00000000 08:02 6166099                    /home/ba/.m2/repository/org/springframework/boot/spring-boot-starter/1.5.7.RELEASE/spring-boot-starter-1.5.7.RELEASE.jar
7f7f64023000-7f7f64026000 r--s 0001b000 08:02 6293571                    /home/ba/.m2/repository/junit/junit/3.8.2/junit-3.8.2.jar
7f7f64026000-7f7f64034000 r--s 0008f000 08:02 6040573                    /home/ba/.m2/repository/com/google/collections/google-collections/1.0/google-collections-1.0.jar
7f7f64034000-7f7f64035000 r--s 0000a000 08:02 6293570                    /home/ba/.m2/repository/commons-logging/commons-logging-api/1.1/commons-logging-api-1.1.jar
7f7f64035000-7f7f6403c000 r--s 00051000 08:02 6293567                    /home/ba/.m2/repository/log4j/log4j/1.2.12/log4j-1.2.12.jar
7f7f6403c000-7f7f64040000 r--s 0001d000 08:02 6293565                    /home/ba/.m2/repository/org/apache/xbean/xbean-reflect/3.4/xbean-reflect-3.4.jar
7f7f64040000-7f7f64041000 r--s 00004000 08:02 6293559                    /home/ba/.m2/repository/org/codehaus/plexus/plexus-compiler-javac/2.2/plexus-compiler-javac-2.2.jar
7f7f64041000-7f7f64043000 r--s 00000000 08:02 6293558                    /home/ba/.m2/repository/org/codehaus/plexus/plexus-compiler-manager/2.2/plexus-compiler-manager-2.2.jar
7f7f64043000-7f7f64045000 r--s 00005000 08:02 6293557                    /home/ba/.m2/repository/org/codehaus/plexus/plexus-compiler-api/2.2/plexus-compiler-api-2.2.jar
7f7f64045000-7f7f64047000 r--s 00000000 08:02 6293556                    /home/ba/.m2/repository/org/codehaus/plexus/plexus-component-annotations/1.5.5/plexus-component-annotations-1.5.5.jar
7f7f64047000-7f7f64049000 r--s 00002000 08:02 6293551                    /home/ba/.m2/repository/org/apache/maven/shared/maven-shared-incremental/1.1/maven-shared-incremental-1.1.jar
7f7f64049000-7f7f6404c000 r--s 00023000 08:02 6293549                    /home/ba/.m2/repository/org/apache/maven/shared/maven-shared-utils/0.1/maven-shared-utils-0.1.jar
7f7f6404c000-7f7f64050000 r--s 00030000 08:02 6293521                    /home/ba/.m2/repository/org/codehaus/plexus/plexus-utils/1.5.1/plexus-utils-1.5.1.jar
7f7f64050000-7f7f64052000 r--s 00009000 08:02 6165917                    /home/ba/.m2/repository/org/apache/maven/plugins/maven-compiler-plugin/3.1/maven-compiler-plugin-3.1.jar
7f7f64052000-7f7f64054000 r--s 0000d000 08:02 6293224                    /home/ba/.m2/repository/org/codehaus/plexus/plexus-interpolation/1.13/plexus-interpolation-1.13.jar
7f7f64054000-7f7f64055000 r--s 00001000 08:02 6293222                    /home/ba/.m2/repository/org/sonatype/plexus/plexus-build-api/0.0.4/plexus-build-api-0.0.4.jar
7f7f64055000-7f7f64057000 r--s 00009000 08:02 6293220                    /home/ba/.m2/repository/org/apache/maven/shared/maven-filtering/1.1/maven-filtering-1.1.jar
7f7f64057000-7f7f6405b000 r--s 00033000 08:02 6293218                    /home/ba/.m2/repository/org/codehaus/plexus/plexus-utils/2.0.5/plexus-utils-2.0.5.jar
7f7f6405b000-7f7f6405e000 r--s 0001b000 08:02 6293216                    /home/ba/.m2/repository/junit/junit/3.8.1/junit-3.8.1.jar
7f7f6405e000-7f7f64060000 r--s 00002000 08:02 6293203                    /home/ba/.m2/repository/org/codehaus/plexus/plexus-interactivity-api/1.0-alpha-4/plexus-interactivity-api-1.0-alpha-4.jar
7f7f64060000-7f7f64062000 r--s 00006000 08:02 6293200                    /home/ba/.m2/repository/commons-cli/commons-cli/1.0/commons-cli-1.0.jar
7f7f64062000-7f7f64063000 r--s 00001000 08:02 6293193                    /home/ba/.m2/repository/org/apache/maven/doxia/doxia-sink-api/1.0-alpha-7/doxia-sink-api-1.0-alpha-7.jar
7f7f64063000-7f7f64064000 r--s 00002000 08:02 6293190                    /home/ba/.m2/repository/org/apache/maven/reporting/maven-reporting-api/2.0.6/maven-reporting-api-2.0.6.jar
7f7f64064000-7f7f64066000 r--s 00006000 08:02 6165898                    /home/ba/.m2/repository/org/apache/maven/plugins/maven-resources-plugin/2.6/maven-resources-plugin-2.6.jar
7f7f64066000-7f7f64069000 r--s 00027000 08:02 6292941                    /home/ba/.m2/repository/org/codehaus/plexus/plexus-utils/1.1/plexus-utils-1.1.jar
7f7f64069000-7f7f6406d000 r--s 00026000 08:02 6292936                    /home/ba/.m2/repository/org/apache/maven/shared/maven-shared-utils/0.7/maven-shared-utils-0.7.jar
7f7f6406d000-7f7f64070000 ---p 00000000 00:00 0 
7f7f64070000-7f7f6416e000 rw-p 00000000 00:00 0 
7f7f6416e000-7f7f64171000 ---p 00000000 00:00 0 
7f7f64171000-7f7f6426f000 rw-p 00000000 00:00 0 
7f7f6426f000-7f7f64280000 r-xp 00000000 08:02 4720113                    /opt/java/jdk1.8.0_101/jre/lib/amd64/libnio.so
7f7f64280000-7f7f6447f000 ---p 00011000 08:02 4720113                    /opt/java/jdk1.8.0_101/jre/lib/amd64/libnio.so
7f7f6447f000-7f7f64480000 rw-p 00010000 08:02 4720113                    /opt/java/jdk1.8.0_101/jre/lib/amd64/libnio.so
7f7f64480000-7f7f64781000 rw-p 00000000 00:00 0 
7f7f64781000-7f7f64797000 r-xp 00000000 08:02 4720131                    /opt/java/jdk1.8.0_101/jre/lib/amd64/libnet.so
7f7f64797000-7f7f64997000 ---p 00016000 08:02 4720131                    /opt/java/jdk1.8.0_101/jre/lib/amd64/libnet.so
7f7f64997000-7f7f64998000 rw-p 00016000 08:02 4720131                    /opt/java/jdk1.8.0_101/jre/lib/amd64/libnet.so
7f7f64998000-7f7f64b98000 rw-p 00000000 00:00 0 
7f7f64b98000-7f7f64d98000 rw-p 00000000 00:00 0 
7f7f64d98000-7f7f64f98000 rw-p 00000000 00:00 0 
7f7f64f98000-7f7f64f9a000 r-xp 00000000 08:02 1703969                    /lib/x86_64-linux-gnu/libutil-2.19.so
7f7f64f9a000-7f7f65199000 ---p 00002000 08:02 1703969                    /lib/x86_64-linux-gnu/libutil-2.19.so
7f7f65199000-7f7f6519a000 r--p 00001000 08:02 1703969                    /lib/x86_64-linux-gnu/libutil-2.19.so
7f7f6519a000-7f7f6519b000 rw-p 00002000 08:02 1703969                    /lib/x86_64-linux-gnu/libutil-2.19.so
7f7f6519b000-7f7f6519d000 r--s 00006000 08:02 5902194                    /home/ba/.m2/repository/com/google/code/findbugs/jsr305/2.0.1/jsr305-2.0.1.jar
7f7f6519d000-7f7f6519f000 r--s 00006000 08:02 6165879                    /home/ba/.m2/repository/org/apache/maven/plugins/maven-clean-plugin/2.6.1/maven-clean-plugin-2.6.1.jar
7f7f6519f000-7f7f651a5000 r--s 0003f000 08:02 4720185                    /opt/java/jdk1.8.0_101/jre/lib/ext/sunjce_provider.jar
7f7f651a5000-7f7f651a6000 r--s 00009000 08:02 4720230                    /opt/java/jdk1.8.0_101/jre/lib/ext/sunec.jar
7f7f651a6000-7f7f651a9000 r--s 0001a000 08:02 4719940                    /opt/java/jdk1.8.0_101/jre/lib/jce.jar
7f7f651a9000-7f7f651ad000 r--s 00097000 08:02 4719941                    /opt/java/jdk1.8.0_101/jre/lib/jsse.jar
7f7f651ad000-7f7f651b1000 r--s 00023000 08:02 4723809                    /opt/apache-maven-3.5.2/lib/maven-resolver-util-1.1.0.jar
7f7f651b1000-7f7f651b5000 r--s 0003c000 08:02 4723786                    /opt/apache-maven-3.5.2/lib/plexus-utils-3.1.0.jar
7f7f651b5000-7f7f651b8000 r--s 00026000 08:02 4723795                    /opt/apache-maven-3.5.2/lib/maven-model-3.5.2.jar
7f7f651b8000-7f7f651bb000 r-xp 00000000 08:02 4723783                    /opt/apache-maven-3.5.2/lib/jansi-native/linux64/libjansi.so
7f7f651bb000-7f7f653ba000 ---p 00003000 08:02 4723783                    /opt/apache-maven-3.5.2/lib/jansi-native/linux64/libjansi.so
7f7f653ba000-7f7f653bb000 rw-p 00002000 08:02 4723783                    /opt/apache-maven-3.5.2/lib/jansi-native/linux64/libjansi.so
7f7f653bb000-7f7f653bf000 r--s 00020000 08:02 4723807                    /opt/apache-maven-3.5.2/lib/maven-resolver-api-1.1.0.jar
7f7f653bf000-7f7f653c2000 r--s 00015000 08:02 4723784                    /opt/apache-maven-3.5.2/lib/maven-embedder-3.5.2.jar
7f7f653c2000-7f7f653c4000 r--s 0000c000 08:02 4723816                    /opt/apache-maven-3.5.2/lib/commons-cli-1.4.jar
7f7f653c4000-7f7f653ca000 r--s 00041000 08:02 4723817                    /opt/apache-maven-3.5.2/lib/maven-compat-3.5.2.jar
7f7f653ca000-7f7f653cc000 r--s 00007000 08:02 4723808                    /opt/apache-maven-3.5.2/lib/maven-resolver-spi-1.1.0.jar
7f7f653cc000-7f7f653d2000 r--s 0002d000 08:02 4723799                    /opt/apache-maven-3.5.2/lib/org.eclipse.sisu.plexus-0.3.3.jar
7f7f653d2000-7f7f653d5000 r--s 00025000 08:02 4723811                    /opt/apache-maven-3.5.2/lib/maven-shared-utils-3.1.0.jar
7f7f653d5000-7f7f653d7000 r--s 00006000 08:02 4723823                    /opt/apache-maven-3.5.2/lib/maven-resolver-transport-wagon-1.1.0.jar
7f7f653d7000-7f7f653d8000 r--s 00000000 08:02 4723802                    /opt/apache-maven-3.5.2/lib/javax.inject-1.jar
7f7f653d8000-7f7f653dc000 r--s 00028000 08:02 4723804                    /opt/apache-maven-3.5.2/lib/maven-model-builder-3.5.2.jar
7f7f653dc000-7f7f653de000 r--s 00002000 08:02 4723793                    /opt/apache-maven-3.5.2/lib/plexus-cipher-1.7.jar
7f7f653de000-7f7f653e0000 r--s 00009000 08:02 4723815                    /opt/apache-maven-3.5.2/lib/slf4j-api-1.7.25.jar
7f7f653e0000-7f7f653e4000 r--s 0002a000 08:02 4723810                    /opt/apache-maven-3.5.2/lib/maven-resolver-impl-1.1.0.jar
7f7f653e4000-7f7f653e6000 r--s 0000a000 08:02 4723798                    /opt/apache-maven-3.5.2/lib/maven-plugin-api-3.5.2.jar
7f7f653e6000-7f7f653e8000 r--s 00009000 08:02 4723787                    /opt/apache-maven-3.5.2/lib/maven-settings-builder-3.5.2.jar
7f7f653e8000-7f7f653eb000 r--s 00011000 08:02 4723790                    /opt/apache-maven-3.5.2/lib/plexus-interpolation-1.24.jar
7f7f653eb000-7f7f653f3000 r--s 0006e000 08:02 4723789                    /opt/apache-maven-3.5.2/lib/commons-lang3-3.5.jar
7f7f653f3000-7f7f653fc000 r--s 0005f000 08:02 4723813                    /opt/apache-maven-3.5.2/lib/guice-4.0-no_aop.jar
7f7f653fc000-7f7f653fe000 r--s 0000c000 08:02 4723818                    /opt/apache-maven-3.5.2/lib/wagon-provider-api-2.12.jar
7f7f653fe000-7f7f65401000 r--s 0003c000 08:02 4723825                    /opt/apache-maven-3.5.2/lib/jansi-1.16.jar
7f7f65401000-7f7f65403000 r--s 00000000 08:02 4723814                    /opt/apache-maven-3.5.2/lib/aopalliance-1.0.jar
7f7f65403000-7f7f6542f000 r--s 001e6000 08:02 4723819                    /opt/apache-maven-3.5.2/lib/wagon-http-2.12-shaded.jar
7f7f6542f000-7f7f6545e000 r--s 00226000 08:02 4723805                    /opt/apache-maven-3.5.2/lib/guava-20.0.jar
7f7f6545e000-7f7f6546b000 r--s 0008d000 08:02 4723794                    /opt/apache-maven-3.5.2/lib/maven-core-3.5.2.jar
7f7f6546b000-7f7f6546c000 ---p 00000000 00:00 0 
7f7f6546c000-7f7f6556c000 rw-p 00000000 00:00 0                          [stack:29341]
7f7f6556c000-7f7f6556f000 ---p 00000000 00:00 0 
7f7f6556f000-7f7f6566d000 rw-p 00000000 00:00 0                          [stack:29340]
7f7f6566d000-7f7f65670000 ---p 00000000 00:00 0 
7f7f65670000-7f7f6576e000 rw-p 00000000 00:00 0                          [stack:29339]
7f7f6576e000-7f7f65771000 ---p 00000000 00:00 0 
7f7f65771000-7f7f6586f000 rw-p 00000000 00:00 0                          [stack:29338]
7f7f6586f000-7f7f65872000 ---p 00000000 00:00 0 
7f7f65872000-7f7f65970000 rw-p 00000000 00:00 0                          [stack:29337]
7f7f65970000-7f7f65973000 ---p 00000000 00:00 0 
7f7f65973000-7f7f65a71000 rw-p 00000000 00:00 0                          [stack:29336]
7f7f65a71000-7f7f65bfa000 r--p 00000000 08:02 7342606                    /usr/lib/locale/locale-archive
7f7f65bfa000-7f7f65bfd000 ---p 00000000 00:00 0 
7f7f65bfd000-7f7f65cfb000 rw-p 00000000 00:00 0                          [stack:29335]
7f7f65cfb000-7f7f65cfe000 ---p 00000000 00:00 0 
7f7f65cfe000-7f7f65dfc000 rw-p 00000000 00:00 0                          [stack:29334]
7f7f65dfc000-7f7f65dfd000 ---p 00000000 00:00 0 
7f7f65dfd000-7f7f66d4d000 rw-p 00000000 00:00 0                          [stack:29333]
7f7f66d4d000-7f7f66f26000 r--s 03d29000 08:02 4719933                    /opt/java/jdk1.8.0_101/jre/lib/rt.jar
7f7f66f26000-7f7f6d000000 rw-p 00000000 00:00 0 
7f7f6d000000-7f7f6e3c0000 rwxp 00000000 00:00 0 
7f7f6e3c0000-7f7f7c000000 ---p 00000000 00:00 0 
7f7f7c000000-7f7f7d321000 rw-p 00000000 00:00 0 
7f7f7d321000-7f7f80000000 ---p 00000000 00:00 0 
7f7f80000000-7f7f80001000 r--s 00002000 08:02 4723821                    /opt/apache-maven-3.5.2/lib/wagon-file-2.12.jar
7f7f80001000-7f7f80003000 r--s 00000000 08:02 4723791                    /opt/apache-maven-3.5.2/lib/plexus-component-annotations-1.7.1.jar
7f7f80003000-7f7f80004000 r--s 00006000 08:02 4723796                    /opt/apache-maven-3.5.2/lib/maven-repository-metadata-3.5.2.jar
7f7f80004000-7f7f80006000 r--s 0000c000 08:02 4723797                    /opt/apache-maven-3.5.2/lib/maven-artifact-3.5.2.jar
7f7f80006000-7f7f80008000 r--s 00003000 08:02 4723820                    /opt/apache-maven-3.5.2/lib/jcl-over-slf4j-1.7.25.jar
7f7f80008000-7f7f8000c000 r--s 0002f000 08:02 4723812                    /opt/apache-maven-3.5.2/lib/commons-io-2.5.jar
7f7f8000c000-7f7f80214000 rw-p 00000000 00:00 0 
7f7f80214000-7f7f80215000 ---p 00000000 00:00 0 
7f7f80215000-7f7f80315000 rw-p 00000000 00:00 0                          [stack:29332]
7f7f80315000-7f7f80316000 ---p 00000000 00:00 0 
7f7f80316000-7f7f80416000 rw-p 00000000 00:00 0                          [stack:29331]
7f7f80416000-7f7f80417000 ---p 00000000 00:00 0 
7f7f80417000-7f7f80517000 rw-p 00000000 00:00 0                          [stack:29330]
7f7f80517000-7f7f80518000 ---p 00000000 00:00 0 
7f7f80518000-7f7f80646000 rw-p 00000000 00:00 0                          [stack:29329]
7f7f80646000-7f7f80994000 ---p 00000000 00:00 0 
7f7f80994000-7f7f809c2000 rw-p 00000000 00:00 0 
7f7f809c2000-7f7f80d10000 ---p 00000000 00:00 0 
7f7f80d10000-7f7f80d78000 rw-p 00000000 00:00 0 
7f7f80d78000-7f7f80ece000 ---p 00000000 00:00 0 
7f7f80ece000-7f7f80f1e000 rw-p 00000000 00:00 0 
7f7f80f1e000-7f7f8128f000 ---p 00000000 00:00 0 
7f7f8128f000-7f7f812a9000 r-xp 00000000 08:02 4720120                    /opt/java/jdk1.8.0_101/jre/lib/amd64/libzip.so
7f7f812a9000-7f7f814a9000 ---p 0001a000 08:02 4720120                    /opt/java/jdk1.8.0_101/jre/lib/amd64/libzip.so
7f7f814a9000-7f7f814aa000 rw-p 0001a000 08:02 4720120                    /opt/java/jdk1.8.0_101/jre/lib/amd64/libzip.so
7f7f814aa000-7f7f814b5000 r-xp 00000000 08:02 1703958                    /lib/x86_64-linux-gnu/libnss_files-2.19.so
7f7f814b5000-7f7f816b4000 ---p 0000b000 08:02 1703958                    /lib/x86_64-linux-gnu/libnss_files-2.19.so
7f7f816b4000-7f7f816b5000 r--p 0000a000 08:02 1703958                    /lib/x86_64-linux-gnu/libnss_files-2.19.so
7f7f816b5000-7f7f816b6000 rw-p 0000b000 08:02 1703958                    /lib/x86_64-linux-gnu/libnss_files-2.19.so
7f7f816b6000-7f7f816c0000 r-xp 00000000 08:02 1703962                    /lib/x86_64-linux-gnu/libnss_nis-2.19.so
7f7f816c0000-7f7f818bf000 ---p 0000a000 08:02 1703962                    /lib/x86_64-linux-gnu/libnss_nis-2.19.so
7f7f818bf000-7f7f818c0000 r--p 00009000 08:02 1703962                    /lib/x86_64-linux-gnu/libnss_nis-2.19.so
7f7f818c0000-7f7f818c1000 rw-p 0000a000 08:02 1703962                    /lib/x86_64-linux-gnu/libnss_nis-2.19.so
7f7f818c1000-7f7f818d6000 r-xp 00000000 08:02 1703953                    /lib/x86_64-linux-gnu/libnsl-2.19.so
7f7f818d6000-7f7f81ad5000 ---p 00015000 08:02 1703953                    /lib/x86_64-linux-gnu/libnsl-2.19.so
7f7f81ad5000-7f7f81ad6000 r--p 00014000 08:02 1703953                    /lib/x86_64-linux-gnu/libnsl-2.19.so
7f7f81ad6000-7f7f81ad7000 rw-p 00015000 08:02 1703953                    /lib/x86_64-linux-gnu/libnsl-2.19.so
7f7f81ad7000-7f7f81ad9000 rw-p 00000000 00:00 0 
7f7f81ad9000-7f7f81ae0000 r-xp 00000000 08:02 1703955                    /lib/x86_64-linux-gnu/libnss_compat-2.19.so
7f7f81ae0000-7f7f81cdf000 ---p 00007000 08:02 1703955                    /lib/x86_64-linux-gnu/libnss_compat-2.19.so
7f7f81cdf000-7f7f81ce0000 r--p 00006000 08:02 1703955                    /lib/x86_64-linux-gnu/libnss_compat-2.19.so
7f7f81ce0000-7f7f81ce1000 rw-p 00007000 08:02 1703955                    /lib/x86_64-linux-gnu/libnss_compat-2.19.so
7f7f81ce1000-7f7f81d0b000 r-xp 00000000 08:02 4720104                    /opt/java/jdk1.8.0_101/jre/lib/amd64/libjava.so
7f7f81d0b000-7f7f81f0b000 ---p 0002a000 08:02 4720104                    /opt/java/jdk1.8.0_101/jre/lib/amd64/libjava.so
7f7f81f0b000-7f7f81f0d000 rw-p 0002a000 08:02 4720104                    /opt/java/jdk1.8.0_101/jre/lib/amd64/libjava.so
7f7f81f0d000-7f7f81f1a000 r-xp 00000000 08:02 4720118                    /opt/java/jdk1.8.0_101/jre/lib/amd64/libverify.so
7f7f81f1a000-7f7f8211a000 ---p 0000d000 08:02 4720118                    /opt/java/jdk1.8.0_101/jre/lib/amd64/libverify.so
7f7f8211a000-7f7f8211c000 rw-p 0000d000 08:02 4720118                    /opt/java/jdk1.8.0_101/jre/lib/amd64/libverify.so
7f7f8211c000-7f7f82123000 r-xp 00000000 08:02 1703966                    /lib/x86_64-linux-gnu/librt-2.19.so
7f7f82123000-7f7f82322000 ---p 00007000 08:02 1703966                    /lib/x86_64-linux-gnu/librt-2.19.so
7f7f82322000-7f7f82323000 r--p 00006000 08:02 1703966                    /lib/x86_64-linux-gnu/librt-2.19.so
7f7f82323000-7f7f82324000 rw-p 00007000 08:02 1703966                    /lib/x86_64-linux-gnu/librt-2.19.so
7f7f82324000-7f7f82424000 r-xp 00000000 08:02 1703949                    /lib/x86_64-linux-gnu/libm-2.19.so
7f7f82424000-7f7f82623000 ---p 00100000 08:02 1703949                    /lib/x86_64-linux-gnu/libm-2.19.so
7f7f82623000-7f7f82624000 r--p 000ff000 08:02 1703949                    /lib/x86_64-linux-gnu/libm-2.19.so
7f7f82624000-7f7f82625000 rw-p 00100000 08:02 1703949                    /lib/x86_64-linux-gnu/libm-2.19.so
7f7f82625000-7f7f832f0000 r-xp 00000000 08:02 4720154                    /opt/java/jdk1.8.0_101/jre/lib/amd64/server/libjvm.so
7f7f832f0000-7f7f834ef000 ---p 00ccb000 08:02 4720154                    /opt/java/jdk1.8.0_101/jre/lib/amd64/server/libjvm.so
7f7f834ef000-7f7f835c8000 rw-p 00cca000 08:02 4720154                    /opt/java/jdk1.8.0_101/jre/lib/amd64/server/libjvm.so
7f7f835c8000-7f7f83613000 rw-p 00000000 00:00 0 
7f7f83613000-7f7f837b4000 r-xp 00000000 08:02 1703945                    /lib/x86_64-linux-gnu/libc-2.19.so
7f7f837b4000-7f7f839b4000 ---p 001a1000 08:02 1703945                    /lib/x86_64-linux-gnu/libc-2.19.so
7f7f839b4000-7f7f839b8000 r--p 001a1000 08:02 1703945                    /lib/x86_64-linux-gnu/libc-2.19.so
7f7f839b8000-7f7f839ba000 rw-p 001a5000 08:02 1703945                    /lib/x86_64-linux-gnu/libc-2.19.so
7f7f839ba000-7f7f839be000 rw-p 00000000 00:00 0 
7f7f839be000-7f7f839c1000 r-xp 00000000 08:02 1703948                    /lib/x86_64-linux-gnu/libdl-2.19.so
7f7f839c1000-7f7f83bc0000 ---p 00003000 08:02 1703948                    /lib/x86_64-linux-gnu/libdl-2.19.so
7f7f83bc0000-7f7f83bc1000 r--p 00002000 08:02 1703948                    /lib/x86_64-linux-gnu/libdl-2.19.so
7f7f83bc1000-7f7f83bc2000 rw-p 00003000 08:02 1703948                    /lib/x86_64-linux-gnu/libdl-2.19.so
7f7f83bc2000-7f7f83bd7000 r-xp 00000000 08:02 4720110                    /opt/java/jdk1.8.0_101/jre/lib/amd64/jli/libjli.so
7f7f83bd7000-7f7f83dd7000 ---p 00015000 08:02 4720110                    /opt/java/jdk1.8.0_101/jre/lib/amd64/jli/libjli.so
7f7f83dd7000-7f7f83dd8000 rw-p 00015000 08:02 4720110                    /opt/java/jdk1.8.0_101/jre/lib/amd64/jli/libjli.so
7f7f83dd8000-7f7f83df0000 r-xp 00000000 08:02 1703941                    /lib/x86_64-linux-gnu/libpthread-2.19.so
7f7f83df0000-7f7f83fef000 ---p 00018000 08:02 1703941                    /lib/x86_64-linux-gnu/libpthread-2.19.so
7f7f83fef000-7f7f83ff0000 r--p 00017000 08:02 1703941                    /lib/x86_64-linux-gnu/libpthread-2.19.so
7f7f83ff0000-7f7f83ff1000 rw-p 00018000 08:02 1703941                    /lib/x86_64-linux-gnu/libpthread-2.19.so
7f7f83ff1000-7f7f83ff5000 rw-p 00000000 00:00 0 
7f7f83ff5000-7f7f84016000 r-xp 00000000 08:02 1703942                    /lib/x86_64-linux-gnu/ld-2.19.so
7f7f84016000-7f7f84018000 r--s 00009000 08:02 4723822                    /opt/apache-maven-3.5.2/lib/maven-resolver-connector-basic-1.1.0.jar
7f7f84018000-7f7f840f1000 rw-p 00000000 00:00 0 
7f7f840f1000-7f7f840f4000 ---p 00000000 00:00 0 
7f7f840f4000-7f7f841f6000 rw-p 00000000 00:00 0                          [stack:29328]
7f7f841f6000-7f7f841f7000 r--s 00006000 08:02 4723792                    /opt/apache-maven-3.5.2/lib/plexus-sec-dispatcher-1.4.jar
7f7f841f7000-7f7f841f9000 r--s 0000f000 08:02 4723806                    /opt/apache-maven-3.5.2/lib/maven-resolver-provider-3.5.2.jar
7f7f841f9000-7f7f841fa000 r--s 0000a000 08:02 4723785                    /opt/apache-maven-3.5.2/lib/maven-settings-3.5.2.jar
7f7f841fa000-7f7f841fb000 r--s 00001000 08:02 4723801                    /opt/apache-maven-3.5.2/lib/jsr250-api-1.0.jar
7f7f841fb000-7f7f841fc000 r--s 00003000 08:02 4723788                    /opt/apache-maven-3.5.2/lib/maven-builder-support-3.5.2.jar
7f7f841fc000-7f7f841ff000 r--s 00008000 08:02 4723800                    /opt/apache-maven-3.5.2/lib/cdi-api-1.0.jar
7f7f841ff000-7f7f84200000 r--s 00005000 08:02 4723824                    /opt/apache-maven-3.5.2/lib/maven-slf4j-provider-3.5.2.jar
7f7f84200000-7f7f84207000 r--s 00056000 08:02 4723803                    /opt/apache-maven-3.5.2/lib/org.eclipse.sisu.inject-0.3.3.jar
7f7f84207000-7f7f84209000 r--s 0000b000 08:02 4856802                    /opt/apache-maven-3.5.2/boot/plexus-classworlds-2.5.2.jar
7f7f84209000-7f7f84211000 rw-s 00000000 08:02 4989738                    /tmp/hsperfdata_ba/29312
7f7f84211000-7f7f84212000 rw-p 00000000 00:00 0 
7f7f84212000-7f7f84213000 ---p 00000000 00:00 0 
7f7f84213000-7f7f84215000 rw-p 00000000 00:00 0 
7f7f84215000-7f7f84216000 r--p 00020000 08:02 1703942                    /lib/x86_64-linux-gnu/ld-2.19.so
7f7f84216000-7f7f84217000 rw-p 00021000 08:02 1703942                    /lib/x86_64-linux-gnu/ld-2.19.so
7f7f84217000-7f7f84218000 rw-p 00000000 00:00 0 
7ffc85233000-7ffc85255000 rw-p 00000000 00:00 0                          [stack]
7ffc852fa000-7ffc852fc000 r-xp 00000000 00:00 0                          [vdso]
7ffc852fc000-7ffc852fe000 r--p 00000000 00:00 0                          [vvar]
ffffffffff600000-ffffffffff601000 r-xp 00000000 00:00 0                  [vsyscall]

VM Arguments:
jvm_args: -Dclassworlds.conf=/opt/apache-maven-3.5.2/bin/m2.conf -Dmaven.home=/opt/apache-maven-3.5.2 -Dlibrary.jansi.path=/opt/apache-maven-3.5.2/lib/jansi-native -Dmaven.multiModuleProjectDirectory=/home/ba/IdeaProjects/harvester 
java_command: org.codehaus.plexus.classworlds.launcher.Launcher clean install
java_class_path (initial): /opt/apache-maven-3.5.2/boot/plexus-classworlds-2.5.2.jar
Launcher Type: SUN_STANDARD

Environment Variables:
JAVA_HOME=/opt/java/jdk1.8.0_101/jre
PATH=/opt/apache-maven-3.5.2/bin:/home/ba/.rbenv/plugins/ruby-build/bin:/home/ba/.rbenv/shims:/home/ba/.rbenv/bin:/home/ba/.rbenv/plugins/ruby-build/bin:/home/ba/.rbenv/plugins/ruby-build/bin:/home/ba/.rbenv/shims:/home/ba/.rbenv/bin:/home/ba/.rbenv/shims:/usr/lib/nodejs/node-v8.4.0/bin:/home/ba/.rbenv/bin:/home/ba/.rvm/gems/ruby-2.4.2/bin:/home/ba/.rvm/gems/ruby-2.4.2@global/bin:/home/ba/.rvm/rubies/ruby-2.4.2/bin:/usr/lib/nodejs/node-v8.4.0/bin:/opt/apache-maven-3.5.2/bin:/home/ba/.rbenv/plugins/ruby-build/bin:/home/ba/.rbenv/shims:/home/ba/.rbenv/bin:/home/ba/.rbenv/plugins/ruby-build/bin:/home/ba/.rbenv/plugins/ruby-build/bin:/home/ba/.rbenv/shims:/home/ba/.rbenv/bin:/home/ba/.rbenv/shims:/usr/lib/nodejs/node-v8.4.0/bin:/home/ba/.rbenv/bin:/usr/local/bin:/usr/bin:/bin:/usr/local/games:/usr/games:/home/ba/.rvm/bin:/home/ba/.rvm/bin:/home/ba/.rvm/bin
USERNAME=ba
SHELL=/bin/bash
DISPLAY=:0

Signal Handlers:
SIGSEGV: [libjvm.so+0xac4790], sa_mask[0]=11111111011111111101111111111110, sa_flags=SA_RESTART|SA_SIGINFO
SIGBUS: [libjvm.so+0xac4790], sa_mask[0]=11111111011111111101111111111110, sa_flags=SA_RESTART|SA_SIGINFO
SIGFPE: [libjvm.so+0x91f140], sa_mask[0]=11111111011111111101111111111110, sa_flags=SA_RESTART|SA_SIGINFO
SIGPIPE: [libjvm.so+0x91f140], sa_mask[0]=11111111011111111101111111111110, sa_flags=SA_RESTART|SA_SIGINFO
SIGXFSZ: [libjvm.so+0x91f140], sa_mask[0]=11111111011111111101111111111110, sa_flags=SA_RESTART|SA_SIGINFO
SIGILL: [libjvm.so+0x91f140], sa_mask[0]=11111111011111111101111111111110, sa_flags=SA_RESTART|SA_SIGINFO
SIGUSR1: SIG_DFL, sa_mask[0]=00000000000000000000000000000000, sa_flags=none
SIGUSR2: [libjvm.so+0x920770], sa_mask[0]=00100000000000000000000000000000, sa_flags=SA_RESTART|SA_SIGINFO
SIGHUP: [libjvm.so+0x921b70], sa_mask[0]=11111111011111111101111111111110, sa_flags=SA_RESTART|SA_SIGINFO
SIGINT: [libjvm.so+0x921b70], sa_mask[0]=11111111011111111101111111111110, sa_flags=SA_RESTART|SA_SIGINFO
SIGTERM: [libjvm.so+0x921b70], sa_mask[0]=11111111011111111101111111111110, sa_flags=SA_RESTART|SA_SIGINFO
SIGQUIT: [libjvm.so+0x921b70], sa_mask[0]=11111111011111111101111111111110, sa_flags=SA_RESTART|SA_SIGINFO


---------------  S Y S T E M  ---------------

OS:PRETTY_NAME="Debian GNU/Linux 8 (jessie)"
NAME="Debian GNU/Linux"
VERSION_ID="8"
VERSION="8 (jessie)"
ID=debian
HOME_URL="http://www.debian.org/"
SUPPORT_URL="http://www.debian.org/support"
BUG_REPORT_URL="https://bugs.debian.org/"

uname:Linux 3.16.0-4-amd64 #1 SMP Debian 3.16.43-2+deb8u2 (2017-06-26) x86_64
libc:glibc 2.19 NPTL 2.19 
rlimit: STACK 8192k, CORE 0k, NPROC 39705, NOFILE 65536, AS infinity
load average:1.97 1.42 1.40

/proc/meminfo:
MemTotal:       10956000 kB
MemFree:          155508 kB
MemAvailable:     106708 kB
Buffers:            1680 kB
Cached:           176712 kB
SwapCached:          160 kB
Active:          2459284 kB
Inactive:         931956 kB
Active(anon):    2437372 kB
Inactive(anon):   909184 kB
Active(file):      21912 kB
Inactive(file):    22772 kB
Unevictable:           0 kB
Mlocked:               0 kB
SwapTotal:          8188 kB
SwapFree:              0 kB
Dirty:              1524 kB
Writeback:             0 kB
AnonPages:       3212880 kB
Mapped:            37420 kB
Shmem:            133516 kB
Slab:              55596 kB
SReclaimable:      26652 kB
SUnreclaim:        28944 kB
KernelStack:       10624 kB
PageTables:        33372 kB
NFS_Unstable:          0 kB
Bounce:                0 kB
WritebackTmp:          0 kB
CommitLimit:     5486188 kB
Committed_AS:    7162248 kB
VmallocTotal:   34359738367 kB
VmallocUsed:       62904 kB
VmallocChunk:   34359672316 kB
HardwareCorrupted:     0 kB
AnonHugePages:         0 kB
HugePages_Total:       0
HugePages_Free:        0
HugePages_Rsvd:        0
HugePages_Surp:        0
Hugepagesize:       2048 kB
DirectMap4k:       85952 kB
DirectMap2M:    13338624 kB


CPU:total 4 (4 cores per cpu, 1 threads per core) family 6 model 94 stepping 3, cmov, cx8, fxsr, mmx, sse, sse2, sse3, ssse3, sse4.1, sse4.2, popcnt, avx, avx2, aes, clmul, erms, rtm, 3dnowpref, lzcnt, tsc, bmi1, bmi2, adx

/proc/cpuinfo:
processor	: 0
vendor_id	: GenuineIntel
cpu family	: 6
model		: 94
model name	: Intel(R) Core(TM) i5-6600 CPU @ 3.30GHz
stepping	: 3
microcode	: 0xffffffff
cpu MHz		: 3311.928
cache size	: 6144 KB
physical id	: 0
siblings	: 4
core id		: 0
cpu cores	: 4
apicid		: 0
initial apicid	: 0
fpu		: yes
fpu_exception	: yes
cpuid level	: 21
wp		: yes
flags		: fpu vme de pse tsc msr pae mce cx8 apic sep mtrr pge mca cmov pat pse36 clflush mmx fxsr sse sse2 ss ht syscall nx lm constant_tsc rep_good nopl eagerfpu pni pclmulqdq ssse3 fma cx16 sse4_1 sse4_2 movbe popcnt aes xsave avx f16c rdrand hypervisor lahf_lm abm 3dnowprefetch xsaveopt fsgsbase bmi1 hle avx2 smep bmi2 erms rtm rdseed adx smap
bogomips	: 6623.85
clflush size	: 64
cache_alignment	: 64
address sizes	: 39 bits physical, 48 bits virtual
power management:

processor	: 1
vendor_id	: GenuineIntel
cpu family	: 6
model		: 94
model name	: Intel(R) Core(TM) i5-6600 CPU @ 3.30GHz
stepping	: 3
microcode	: 0xffffffff
cpu MHz		: 3311.928
cache size	: 6144 KB
physical id	: 0
siblings	: 4
core id		: 1
cpu cores	: 4
apicid		: 1
initial apicid	: 1
fpu		: yes
fpu_exception	: yes
cpuid level	: 21
wp		: yes
flags		: fpu vme de pse tsc msr pae mce cx8 apic sep mtrr pge mca cmov pat pse36 clflush mmx fxsr sse sse2 ss ht syscall nx lm constant_tsc rep_good nopl eagerfpu pni pclmulqdq ssse3 fma cx16 sse4_1 sse4_2 movbe popcnt aes xsave avx f16c rdrand hypervisor lahf_lm abm 3dnowprefetch xsaveopt fsgsbase bmi1 hle avx2 smep bmi2 erms rtm rdseed adx smap
bogomips	: 6623.85
clflush size	: 64
cache_alignment	: 64
address sizes	: 39 bits physical, 48 bits virtual
power management:

processor	: 2
vendor_id	: GenuineIntel
cpu family	: 6
model		: 94
model name	: Intel(R) Core(TM) i5-6600 CPU @ 3.30GHz
stepping	: 3
microcode	: 0xffffffff
cpu MHz		: 3311.928
cache size	: 6144 KB
physical id	: 0
siblings	: 4
core id		: 2
cpu cores	: 4
apicid		: 2
initial apicid	: 2
fpu		: yes
fpu_exception	: yes
cpuid level	: 21
wp		: yes
flags		: fpu vme de pse tsc msr pae mce cx8 apic sep mtrr pge mca cmov pat pse36 clflush mmx fxsr sse sse2 ss ht syscall nx lm constant_tsc rep_good nopl eagerfpu pni pclmulqdq ssse3 fma cx16 sse4_1 sse4_2 movbe popcnt aes xsave avx f16c rdrand hypervisor lahf_lm abm 3dnowprefetch xsaveopt fsgsbase bmi1 hle avx2 smep bmi2 erms rtm rdseed adx smap
bogomips	: 6623.85
clflush size	: 64
cache_alignment	: 64
address sizes	: 39 bits physical, 48 bits virtual
power management:

processor	: 3
vendor_id	: GenuineIntel
cpu family	: 6
model		: 94
model name	: Intel(R) Core(TM) i5-6600 CPU @ 3.30GHz
stepping	: 3
microcode	: 0xffffffff
cpu MHz		: 3311.928
cache size	: 6144 KB
physical id	: 0
siblings	: 4
core id		: 3
cpu cores	: 4
apicid		: 3
initial apicid	: 3
fpu		: yes
fpu_exception	: yes
cpuid level	: 21
wp		: yes
flags		: fpu vme de pse tsc msr pae mce cx8 apic sep mtrr pge mca cmov pat pse36 clflush mmx fxsr sse sse2 ss ht syscall nx lm constant_tsc rep_good nopl eagerfpu pni pclmulqdq ssse3 fma cx16 sse4_1 sse4_2 movbe popcnt aes xsave avx f16c rdrand hypervisor lahf_lm abm 3dnowprefetch xsaveopt fsgsbase bmi1 hle avx2 smep bmi2 erms rtm rdseed adx smap
bogomips	: 6623.85
clflush size	: 64
cache_alignment	: 64
address sizes	: 39 bits physical, 48 bits virtual
power management:



Memory: 4k page, physical 10956000k(155508k free), swap 8188k(0k free)

vm_info: Java HotSpot(TM) 64-Bit Server VM (25.101-b13) for linux-amd64 JRE (1.8.0_101-b13), built on Jun 22 2016 02:59:44 by "java_re" with gcc 4.3.0 20080428 (Red Hat 4.3.0-8)

time: Sat Jul  7 12:02:09 2018
elapsed time: 19 seconds (0d 0h 0m 19s)

